[1.337s] Invoking command in '/home/bg99/Documents/Projects/robot-arm/software/arm_ros2_ws/build/arm_interfaces': CMAKE_PREFIX_PATH=${CMAKE_PREFIX_PATH}:/home/bg99/Documents/Projects/robot-arm/software/arm_ros2_ws/install/arm_teleop:/home/bg99/Documents/Projects/robot-arm/software/arm_ros2_ws/install/stm32_bridge:/opt/ros/foxy /usr/bin/cmake --build /home/bg99/Documents/Projects/robot-arm/software/arm_ros2_ws/build/arm_interfaces -- -j4 -l4
[3.872s] [  2%] Built target arm_interfaces__cpp
[3.873s] [ 12%] Built target arm_interfaces__rosidl_generator_c
[3.874s] [ 23%] Built target arm_interfaces__rosidl_typesupport_cpp
[3.875s] [ 33%] Built target arm_interfaces__rosidl_typesupport_introspection_cpp
[3.875s] [ 43%] Built target arm_interfaces__rosidl_typesupport_introspection_c
[3.877s] [ 53%] Built target arm_interfaces__rosidl_typesupport_fastrtps_cpp
[3.877s] [ 64%] Built target arm_interfaces__rosidl_typesupport_c
[3.879s] [ 74%] Built target arm_interfaces__rosidl_typesupport_fastrtps_c
[3.879s] [ 74%] Built target arm_interfaces
[3.880s] [ 76%] Built target arm_interfaces__py
[3.881s] [ 84%] Built target arm_interfaces__python
[3.881s] [100%] Built target arm_interfaces__rosidl_typesupport_c__pyext
[3.882s] [100%] Built target arm_interfaces__rosidl_typesupport_introspection_c__pyext
[3.885s] [100%] Built target arm_interfaces__rosidl_typesupport_fastrtps_c__pyext
[3.887s] Invoked command in '/home/bg99/Documents/Projects/robot-arm/software/arm_ros2_ws/build/arm_interfaces' returned '0': CMAKE_PREFIX_PATH=${CMAKE_PREFIX_PATH}:/home/bg99/Documents/Projects/robot-arm/software/arm_ros2_ws/install/arm_teleop:/home/bg99/Documents/Projects/robot-arm/software/arm_ros2_ws/install/stm32_bridge:/opt/ros/foxy /usr/bin/cmake --build /home/bg99/Documents/Projects/robot-arm/software/arm_ros2_ws/build/arm_interfaces -- -j4 -l4
[3.918s] Invoking command in '/home/bg99/Documents/Projects/robot-arm/software/arm_ros2_ws/build/arm_interfaces': CMAKE_PREFIX_PATH=${CMAKE_PREFIX_PATH}:/home/bg99/Documents/Projects/robot-arm/software/arm_ros2_ws/install/arm_teleop:/home/bg99/Documents/Projects/robot-arm/software/arm_ros2_ws/install/stm32_bridge:/opt/ros/foxy /usr/bin/cmake --install /home/bg99/Documents/Projects/robot-arm/software/arm_ros2_ws/build/arm_interfaces
[3.959s] -- Install configuration: ""
[3.960s] -- Up-to-date: /home/bg99/Documents/Projects/robot-arm/software/arm_ros2_ws/install/arm_interfaces/share/ament_index/resource_index/rosidl_interfaces/arm_interfaces
[3.961s] -- Up-to-date: /home/bg99/Documents/Projects/robot-arm/software/arm_ros2_ws/install/arm_interfaces/include/arm_interfaces
[3.963s] -- Up-to-date: /home/bg99/Documents/Projects/robot-arm/software/arm_ros2_ws/install/arm_interfaces/include/arm_interfaces/srv
[3.968s] -- Up-to-date: /home/bg99/Documents/Projects/robot-arm/software/arm_ros2_ws/install/arm_interfaces/include/arm_interfaces/srv/detail
[3.970s] -- Up-to-date: /home/bg99/Documents/Projects/robot-arm/software/arm_ros2_ws/install/arm_interfaces/include/arm_interfaces/srv/detail/calibrate__type_support.h
[3.970s] -- Up-to-date: /home/bg99/Documents/Projects/robot-arm/software/arm_ros2_ws/install/arm_interfaces/include/arm_interfaces/srv/detail/home__functions.h
[3.970s] -- Up-to-date: /home/bg99/Documents/Projects/robot-arm/software/arm_ros2_ws/install/arm_interfaces/include/arm_interfaces/srv/detail/home__type_support.h
[3.971s] -- Up-to-date: /home/bg99/Documents/Projects/robot-arm/software/arm_ros2_ws/install/arm_interfaces/include/arm_interfaces/srv/detail/home__functions.c
[3.971s] -- Up-to-date: /home/bg99/Documents/Projects/robot-arm/software/arm_ros2_ws/install/arm_interfaces/include/arm_interfaces/srv/detail/home__struct.h
[3.972s] -- Up-to-date: /home/bg99/Documents/Projects/robot-arm/software/arm_ros2_ws/install/arm_interfaces/include/arm_interfaces/srv/detail/calibrate__struct.h
[3.972s] -- Up-to-date: /home/bg99/Documents/Projects/robot-arm/software/arm_ros2_ws/install/arm_interfaces/include/arm_interfaces/srv/detail/calibrate__functions.h
[3.972s] -- Up-to-date: /home/bg99/Documents/Projects/robot-arm/software/arm_ros2_ws/install/arm_interfaces/include/arm_interfaces/srv/detail/calibrate__functions.c
[3.973s] -- Up-to-date: /home/bg99/Documents/Projects/robot-arm/software/arm_ros2_ws/install/arm_interfaces/include/arm_interfaces/srv/calibrate.h
[3.973s] -- Up-to-date: /home/bg99/Documents/Projects/robot-arm/software/arm_ros2_ws/install/arm_interfaces/include/arm_interfaces/srv/home.h
[3.974s] -- Up-to-date: /home/bg99/Documents/Projects/robot-arm/software/arm_ros2_ws/install/arm_interfaces/include/arm_interfaces/msg
[3.974s] -- Up-to-date: /home/bg99/Documents/Projects/robot-arm/software/arm_ros2_ws/install/arm_interfaces/include/arm_interfaces/msg/rosidl_generator_c__visibility_control.h
[3.975s] -- Up-to-date: /home/bg99/Documents/Projects/robot-arm/software/arm_ros2_ws/install/arm_interfaces/share/arm_interfaces/environment/library_path.sh
[3.976s] -- Up-to-date: /home/bg99/Documents/Projects/robot-arm/software/arm_ros2_ws/install/arm_interfaces/share/arm_interfaces/environment/library_path.dsv
[3.976s] -- Up-to-date: /home/bg99/Documents/Projects/robot-arm/software/arm_ros2_ws/install/arm_interfaces/lib/libarm_interfaces__rosidl_generator_c.so
[3.977s] -- Up-to-date: /home/bg99/Documents/Projects/robot-arm/software/arm_ros2_ws/install/arm_interfaces/include/arm_interfaces
[3.978s] -- Up-to-date: /home/bg99/Documents/Projects/robot-arm/software/arm_ros2_ws/install/arm_interfaces/include/arm_interfaces/srv
[3.979s] -- Up-to-date: /home/bg99/Documents/Projects/robot-arm/software/arm_ros2_ws/install/arm_interfaces/include/arm_interfaces/srv/detail
[3.981s] -- Up-to-date: /home/bg99/Documents/Projects/robot-arm/software/arm_ros2_ws/install/arm_interfaces/include/arm_interfaces/srv/detail/calibrate__rosidl_typesupport_fastrtps_c.h
[3.982s] -- Up-to-date: /home/bg99/Documents/Projects/robot-arm/software/arm_ros2_ws/install/arm_interfaces/include/arm_interfaces/srv/detail/home__rosidl_typesupport_fastrtps_c.h
[3.982s] -- Up-to-date: /home/bg99/Documents/Projects/robot-arm/software/arm_ros2_ws/install/arm_interfaces/include/arm_interfaces/msg
[3.984s] -- Up-to-date: /home/bg99/Documents/Projects/robot-arm/software/arm_ros2_ws/install/arm_interfaces/include/arm_interfaces/msg/rosidl_typesupport_fastrtps_c__visibility_control.h
[3.987s] -- Up-to-date: /home/bg99/Documents/Projects/robot-arm/software/arm_ros2_ws/install/arm_interfaces/lib/libarm_interfaces__rosidl_typesupport_fastrtps_c.so
[3.988s] -- Up-to-date: /home/bg99/Documents/Projects/robot-arm/software/arm_ros2_ws/install/arm_interfaces/include/arm_interfaces
[3.993s] -- Up-to-date: /home/bg99/Documents/Projects/robot-arm/software/arm_ros2_ws/install/arm_interfaces/include/arm_interfaces/srv
[3.993s] -- Up-to-date: /home/bg99/Documents/Projects/robot-arm/software/arm_ros2_ws/install/arm_interfaces/include/arm_interfaces/srv/detail
[3.994s] -- Up-to-date: /home/bg99/Documents/Projects/robot-arm/software/arm_ros2_ws/install/arm_interfaces/include/arm_interfaces/srv/detail/calibrate__rosidl_typesupport_fastrtps_cpp.hpp
[3.994s] -- Up-to-date: /home/bg99/Documents/Projects/robot-arm/software/arm_ros2_ws/install/arm_interfaces/include/arm_interfaces/srv/detail/home__rosidl_typesupport_fastrtps_cpp.hpp
[3.995s] -- Up-to-date: /home/bg99/Documents/Projects/robot-arm/software/arm_ros2_ws/install/arm_interfaces/include/arm_interfaces/srv/detail/dds_fastrtps
[3.995s] -- Up-to-date: /home/bg99/Documents/Projects/robot-arm/software/arm_ros2_ws/install/arm_interfaces/include/arm_interfaces/msg
[3.996s] -- Up-to-date: /home/bg99/Documents/Projects/robot-arm/software/arm_ros2_ws/install/arm_interfaces/include/arm_interfaces/msg/rosidl_typesupport_fastrtps_cpp__visibility_control.h
[3.997s] -- Up-to-date: /home/bg99/Documents/Projects/robot-arm/software/arm_ros2_ws/install/arm_interfaces/lib/libarm_interfaces__rosidl_typesupport_fastrtps_cpp.so
[3.997s] -- Up-to-date: /home/bg99/Documents/Projects/robot-arm/software/arm_ros2_ws/install/arm_interfaces/include/arm_interfaces
[3.998s] -- Up-to-date: /home/bg99/Documents/Projects/robot-arm/software/arm_ros2_ws/install/arm_interfaces/include/arm_interfaces/srv
[3.998s] -- Up-to-date: /home/bg99/Documents/Projects/robot-arm/software/arm_ros2_ws/install/arm_interfaces/include/arm_interfaces/srv/detail
[3.998s] -- Up-to-date: /home/bg99/Documents/Projects/robot-arm/software/arm_ros2_ws/install/arm_interfaces/include/arm_interfaces/srv/detail/home__rosidl_typesupport_introspection_c.h
[3.999s] -- Up-to-date: /home/bg99/Documents/Projects/robot-arm/software/arm_ros2_ws/install/arm_interfaces/include/arm_interfaces/srv/detail/home__type_support.c
[3.999s] -- Up-to-date: /home/bg99/Documents/Projects/robot-arm/software/arm_ros2_ws/install/arm_interfaces/include/arm_interfaces/srv/detail/calibrate__rosidl_typesupport_introspection_c.h
[4.000s] -- Up-to-date: /home/bg99/Documents/Projects/robot-arm/software/arm_ros2_ws/install/arm_interfaces/include/arm_interfaces/srv/detail/calibrate__type_support.c
[4.000s] -- Up-to-date: /home/bg99/Documents/Projects/robot-arm/software/arm_ros2_ws/install/arm_interfaces/include/arm_interfaces/msg
[4.016s] -- Up-to-date: /home/bg99/Documents/Projects/robot-arm/software/arm_ros2_ws/install/arm_interfaces/include/arm_interfaces/msg/rosidl_typesupport_introspection_c__visibility_control.h
[4.017s] -- Up-to-date: /home/bg99/Documents/Projects/robot-arm/software/arm_ros2_ws/install/arm_interfaces/lib/libarm_interfaces__rosidl_typesupport_introspection_c.so
[4.017s] -- Up-to-date: /home/bg99/Documents/Projects/robot-arm/software/arm_ros2_ws/install/arm_interfaces/lib/libarm_interfaces__rosidl_typesupport_c.so
[4.017s] -- Up-to-date: /home/bg99/Documents/Projects/robot-arm/software/arm_ros2_ws/install/arm_interfaces/include/arm_interfaces
[4.018s] -- Up-to-date: /home/bg99/Documents/Projects/robot-arm/software/arm_ros2_ws/install/arm_interfaces/include/arm_interfaces/srv
[4.018s] -- Up-to-date: /home/bg99/Documents/Projects/robot-arm/software/arm_ros2_ws/install/arm_interfaces/include/arm_interfaces/srv/home.hpp
[4.019s] -- Up-to-date: /home/bg99/Documents/Projects/robot-arm/software/arm_ros2_ws/install/arm_interfaces/include/arm_interfaces/srv/detail
[4.019s] -- Up-to-date: /home/bg99/Documents/Projects/robot-arm/software/arm_ros2_ws/install/arm_interfaces/include/arm_interfaces/srv/detail/calibrate__struct.hpp
[4.020s] -- Up-to-date: /home/bg99/Documents/Projects/robot-arm/software/arm_ros2_ws/install/arm_interfaces/include/arm_interfaces/srv/detail/calibrate__traits.hpp
[4.020s] -- Up-to-date: /home/bg99/Documents/Projects/robot-arm/software/arm_ros2_ws/install/arm_interfaces/include/arm_interfaces/srv/detail/home__type_support.hpp
[4.020s] -- Up-to-date: /home/bg99/Documents/Projects/robot-arm/software/arm_ros2_ws/install/arm_interfaces/include/arm_interfaces/srv/detail/home__builder.hpp
[4.021s] -- Up-to-date: /home/bg99/Documents/Projects/robot-arm/software/arm_ros2_ws/install/arm_interfaces/include/arm_interfaces/srv/detail/calibrate__type_support.hpp
[4.021s] -- Up-to-date: /home/bg99/Documents/Projects/robot-arm/software/arm_ros2_ws/install/arm_interfaces/include/arm_interfaces/srv/detail/calibrate__builder.hpp
[4.022s] -- Up-to-date: /home/bg99/Documents/Projects/robot-arm/software/arm_ros2_ws/install/arm_interfaces/include/arm_interfaces/srv/detail/home__struct.hpp
[4.022s] -- Up-to-date: /home/bg99/Documents/Projects/robot-arm/software/arm_ros2_ws/install/arm_interfaces/include/arm_interfaces/srv/detail/home__traits.hpp
[4.023s] -- Up-to-date: /home/bg99/Documents/Projects/robot-arm/software/arm_ros2_ws/install/arm_interfaces/include/arm_interfaces/srv/calibrate.hpp
[4.023s] -- Up-to-date: /home/bg99/Documents/Projects/robot-arm/software/arm_ros2_ws/install/arm_interfaces/include/arm_interfaces/msg
[4.023s] -- Up-to-date: /home/bg99/Documents/Projects/robot-arm/software/arm_ros2_ws/install/arm_interfaces/include/arm_interfaces/msg/rosidl_generator_cpp__visibility_control.hpp
[4.024s] -- Up-to-date: /home/bg99/Documents/Projects/robot-arm/software/arm_ros2_ws/install/arm_interfaces/include/arm_interfaces
[4.024s] -- Up-to-date: /home/bg99/Documents/Projects/robot-arm/software/arm_ros2_ws/install/arm_interfaces/include/arm_interfaces/srv
[4.025s] -- Up-to-date: /home/bg99/Documents/Projects/robot-arm/software/arm_ros2_ws/install/arm_interfaces/include/arm_interfaces/srv/detail
[4.025s] -- Up-to-date: /home/bg99/Documents/Projects/robot-arm/software/arm_ros2_ws/install/arm_interfaces/include/arm_interfaces/srv/detail/home__rosidl_typesupport_introspection_cpp.hpp
[4.026s] -- Up-to-date: /home/bg99/Documents/Projects/robot-arm/software/arm_ros2_ws/install/arm_interfaces/include/arm_interfaces/srv/detail/calibrate__type_support.cpp
[4.026s] -- Up-to-date: /home/bg99/Documents/Projects/robot-arm/software/arm_ros2_ws/install/arm_interfaces/include/arm_interfaces/srv/detail/calibrate__rosidl_typesupport_introspection_cpp.hpp
[4.026s] -- Up-to-date: /home/bg99/Documents/Projects/robot-arm/software/arm_ros2_ws/install/arm_interfaces/include/arm_interfaces/srv/detail/home__type_support.cpp
[4.027s] -- Up-to-date: /home/bg99/Documents/Projects/robot-arm/software/arm_ros2_ws/install/arm_interfaces/lib/libarm_interfaces__rosidl_typesupport_introspection_cpp.so
[4.027s] -- Up-to-date: /home/bg99/Documents/Projects/robot-arm/software/arm_ros2_ws/install/arm_interfaces/lib/libarm_interfaces__rosidl_typesupport_cpp.so
[4.028s] -- Up-to-date: /home/bg99/Documents/Projects/robot-arm/software/arm_ros2_ws/install/arm_interfaces/share/arm_interfaces/environment/pythonpath.sh
[4.028s] -- Up-to-date: /home/bg99/Documents/Projects/robot-arm/software/arm_ros2_ws/install/arm_interfaces/share/arm_interfaces/environment/pythonpath.dsv
[4.028s] -- Up-to-date: /home/bg99/Documents/Projects/robot-arm/software/arm_ros2_ws/install/arm_interfaces/lib/python3.8/site-packages/arm_interfaces/__init__.py
[4.160s] -- Up-to-date: /home/bg99/Documents/Projects/robot-arm/software/arm_ros2_ws/install/arm_interfaces/lib/python3.8/site-packages/arm_interfaces/srv
[4.160s] -- Up-to-date: /home/bg99/Documents/Projects/robot-arm/software/arm_ros2_ws/install/arm_interfaces/lib/python3.8/site-packages/arm_interfaces/srv/_home.py
[4.162s] -- Up-to-date: /home/bg99/Documents/Projects/robot-arm/software/arm_ros2_ws/install/arm_interfaces/lib/python3.8/site-packages/arm_interfaces/srv/_calibrate_s.c
[4.162s] -- Up-to-date: /home/bg99/Documents/Projects/robot-arm/software/arm_ros2_ws/install/arm_interfaces/lib/python3.8/site-packages/arm_interfaces/srv/_calibrate.py
[4.165s] -- Up-to-date: /home/bg99/Documents/Projects/robot-arm/software/arm_ros2_ws/install/arm_interfaces/lib/python3.8/site-packages/arm_interfaces/srv/_home_s.c
[4.166s] -- Up-to-date: /home/bg99/Documents/Projects/robot-arm/software/arm_ros2_ws/install/arm_interfaces/lib/python3.8/site-packages/arm_interfaces/srv/__init__.py
[4.169s] -- Up-to-date: /home/bg99/Documents/Projects/robot-arm/software/arm_ros2_ws/install/arm_interfaces/lib/python3.8/site-packages/arm_interfaces/arm_interfaces_s__rosidl_typesupport_fastrtps_c.cpython-38-aarch64-linux-gnu.so
[4.170s] -- Up-to-date: /home/bg99/Documents/Projects/robot-arm/software/arm_ros2_ws/install/arm_interfaces/lib/python3.8/site-packages/arm_interfaces/arm_interfaces_s__rosidl_typesupport_introspection_c.cpython-38-aarch64-linux-gnu.so
[4.173s] -- Up-to-date: /home/bg99/Documents/Projects/robot-arm/software/arm_ros2_ws/install/arm_interfaces/lib/python3.8/site-packages/arm_interfaces/arm_interfaces_s__rosidl_typesupport_c.cpython-38-aarch64-linux-gnu.so
[4.176s] -- Up-to-date: /home/bg99/Documents/Projects/robot-arm/software/arm_ros2_ws/install/arm_interfaces/lib/libarm_interfaces__python.so
[4.178s] -- Up-to-date: /home/bg99/Documents/Projects/robot-arm/software/arm_ros2_ws/install/arm_interfaces/share/arm_interfaces/srv/Calibrate.idl
[4.180s] -- Up-to-date: /home/bg99/Documents/Projects/robot-arm/software/arm_ros2_ws/install/arm_interfaces/share/arm_interfaces/srv/Home.idl
[4.181s] -- Up-to-date: /home/bg99/Documents/Projects/robot-arm/software/arm_ros2_ws/install/arm_interfaces/share/arm_interfaces/srv/Calibrate.srv
[4.182s] -- Up-to-date: /home/bg99/Documents/Projects/robot-arm/software/arm_ros2_ws/install/arm_interfaces/share/arm_interfaces/srv/Calibrate_Request.msg
[4.183s] -- Up-to-date: /home/bg99/Documents/Projects/robot-arm/software/arm_ros2_ws/install/arm_interfaces/share/arm_interfaces/srv/Calibrate_Response.msg
[4.184s] -- Up-to-date: /home/bg99/Documents/Projects/robot-arm/software/arm_ros2_ws/install/arm_interfaces/share/arm_interfaces/srv/Home.srv
[4.185s] -- Up-to-date: /home/bg99/Documents/Projects/robot-arm/software/arm_ros2_ws/install/arm_interfaces/share/arm_interfaces/srv/Home_Request.msg
[4.187s] -- Up-to-date: /home/bg99/Documents/Projects/robot-arm/software/arm_ros2_ws/install/arm_interfaces/share/arm_interfaces/srv/Home_Response.msg
[4.188s] -- Up-to-date: /home/bg99/Documents/Projects/robot-arm/software/arm_ros2_ws/install/arm_interfaces/share/ament_index/resource_index/package_run_dependencies/arm_interfaces
[4.190s] -- Up-to-date: /home/bg99/Documents/Projects/robot-arm/software/arm_ros2_ws/install/arm_interfaces/share/ament_index/resource_index/parent_prefix_path/arm_interfaces
[4.191s] -- Up-to-date: /home/bg99/Documents/Projects/robot-arm/software/arm_ros2_ws/install/arm_interfaces/share/arm_interfaces/environment/ament_prefix_path.sh
[4.193s] -- Up-to-date: /home/bg99/Documents/Projects/robot-arm/software/arm_ros2_ws/install/arm_interfaces/share/arm_interfaces/environment/ament_prefix_path.dsv
[4.194s] -- Up-to-date: /home/bg99/Documents/Projects/robot-arm/software/arm_ros2_ws/install/arm_interfaces/share/arm_interfaces/environment/path.sh
[4.195s] -- Up-to-date: /home/bg99/Documents/Projects/robot-arm/software/arm_ros2_ws/install/arm_interfaces/share/arm_interfaces/environment/path.dsv
[4.197s] -- Up-to-date: /home/bg99/Documents/Projects/robot-arm/software/arm_ros2_ws/install/arm_interfaces/share/arm_interfaces/local_setup.bash
[4.198s] -- Up-to-date: /home/bg99/Documents/Projects/robot-arm/software/arm_ros2_ws/install/arm_interfaces/share/arm_interfaces/local_setup.sh
[4.199s] -- Up-to-date: /home/bg99/Documents/Projects/robot-arm/software/arm_ros2_ws/install/arm_interfaces/share/arm_interfaces/local_setup.zsh
[4.201s] -- Up-to-date: /home/bg99/Documents/Projects/robot-arm/software/arm_ros2_ws/install/arm_interfaces/share/arm_interfaces/local_setup.dsv
[4.202s] -- Installing: /home/bg99/Documents/Projects/robot-arm/software/arm_ros2_ws/install/arm_interfaces/share/arm_interfaces/package.dsv
[4.204s] -- Up-to-date: /home/bg99/Documents/Projects/robot-arm/software/arm_ros2_ws/install/arm_interfaces/share/ament_index/resource_index/packages/arm_interfaces
[4.205s] -- Up-to-date: /home/bg99/Documents/Projects/robot-arm/software/arm_ros2_ws/install/arm_interfaces/share/arm_interfaces/cmake/arm_interfaces__rosidl_generator_cExport.cmake
[4.207s] -- Up-to-date: /home/bg99/Documents/Projects/robot-arm/software/arm_ros2_ws/install/arm_interfaces/share/arm_interfaces/cmake/arm_interfaces__rosidl_generator_cExport-noconfig.cmake
[4.208s] -- Up-to-date: /home/bg99/Documents/Projects/robot-arm/software/arm_ros2_ws/install/arm_interfaces/share/arm_interfaces/cmake/arm_interfaces__rosidl_typesupport_introspection_cExport.cmake
[4.210s] -- Up-to-date: /home/bg99/Documents/Projects/robot-arm/software/arm_ros2_ws/install/arm_interfaces/share/arm_interfaces/cmake/arm_interfaces__rosidl_typesupport_introspection_cExport-noconfig.cmake
[4.212s] -- Up-to-date: /home/bg99/Documents/Projects/robot-arm/software/arm_ros2_ws/install/arm_interfaces/share/arm_interfaces/cmake/arm_interfaces__rosidl_typesupport_cExport.cmake
[4.213s] -- Up-to-date: /home/bg99/Documents/Projects/robot-arm/software/arm_ros2_ws/install/arm_interfaces/share/arm_interfaces/cmake/arm_interfaces__rosidl_typesupport_cExport-noconfig.cmake
[4.215s] -- Up-to-date: /home/bg99/Documents/Projects/robot-arm/software/arm_ros2_ws/install/arm_interfaces/share/arm_interfaces/cmake/arm_interfaces__rosidl_generator_cppExport.cmake
[4.216s] -- Up-to-date: /home/bg99/Documents/Projects/robot-arm/software/arm_ros2_ws/install/arm_interfaces/share/arm_interfaces/cmake/arm_interfaces__rosidl_typesupport_introspection_cppExport.cmake
[4.218s] -- Up-to-date: /home/bg99/Documents/Projects/robot-arm/software/arm_ros2_ws/install/arm_interfaces/share/arm_interfaces/cmake/arm_interfaces__rosidl_typesupport_introspection_cppExport-noconfig.cmake
[4.219s] -- Up-to-date: /home/bg99/Documents/Projects/robot-arm/software/arm_ros2_ws/install/arm_interfaces/share/arm_interfaces/cmake/arm_interfaces__rosidl_typesupport_cppExport.cmake
[4.221s] -- Up-to-date: /home/bg99/Documents/Projects/robot-arm/software/arm_ros2_ws/install/arm_interfaces/share/arm_interfaces/cmake/arm_interfaces__rosidl_typesupport_cppExport-noconfig.cmake
[4.222s] -- Up-to-date: /home/bg99/Documents/Projects/robot-arm/software/arm_ros2_ws/install/arm_interfaces/share/arm_interfaces/cmake/rosidl_cmake-extras.cmake
[4.223s] -- Up-to-date: /home/bg99/Documents/Projects/robot-arm/software/arm_ros2_ws/install/arm_interfaces/share/arm_interfaces/cmake/ament_cmake_export_dependencies-extras.cmake
[4.224s] -- Up-to-date: /home/bg99/Documents/Projects/robot-arm/software/arm_ros2_ws/install/arm_interfaces/share/arm_interfaces/cmake/ament_cmake_export_libraries-extras.cmake
[4.226s] -- Up-to-date: /home/bg99/Documents/Projects/robot-arm/software/arm_ros2_ws/install/arm_interfaces/share/arm_interfaces/cmake/ament_cmake_export_targets-extras.cmake
[4.227s] -- Up-to-date: /home/bg99/Documents/Projects/robot-arm/software/arm_ros2_ws/install/arm_interfaces/share/arm_interfaces/cmake/ament_cmake_export_include_directories-extras.cmake
[4.228s] -- Up-to-date: /home/bg99/Documents/Projects/robot-arm/software/arm_ros2_ws/install/arm_interfaces/share/arm_interfaces/cmake/rosidl_cmake_export_typesupport_libraries-extras.cmake
[4.229s] -- Up-to-date: /home/bg99/Documents/Projects/robot-arm/software/arm_ros2_ws/install/arm_interfaces/share/arm_interfaces/cmake/rosidl_cmake_export_typesupport_targets-extras.cmake
[4.230s] -- Up-to-date: /home/bg99/Documents/Projects/robot-arm/software/arm_ros2_ws/install/arm_interfaces/share/arm_interfaces/cmake/arm_interfacesConfig.cmake
[4.231s] -- Up-to-date: /home/bg99/Documents/Projects/robot-arm/software/arm_ros2_ws/install/arm_interfaces/share/arm_interfaces/cmake/arm_interfacesConfig-version.cmake
[4.233s] -- Up-to-date: /home/bg99/Documents/Projects/robot-arm/software/arm_ros2_ws/install/arm_interfaces/share/arm_interfaces/package.xml
[4.250s] Invoked command in '/home/bg99/Documents/Projects/robot-arm/software/arm_ros2_ws/build/arm_interfaces' returned '0': CMAKE_PREFIX_PATH=${CMAKE_PREFIX_PATH}:/home/bg99/Documents/Projects/robot-arm/software/arm_ros2_ws/install/arm_teleop:/home/bg99/Documents/Projects/robot-arm/software/arm_ros2_ws/install/stm32_bridge:/opt/ros/foxy /usr/bin/cmake --install /home/bg99/Documents/Projects/robot-arm/software/arm_ros2_ws/build/arm_interfaces
