[2.638s] Invoking command in '/home/bg99/Documents/Projects/robot-arm/software/arm_ros2_ws/src/stm32_bridge': PYTHONPATH=/home/bg99/Documents/Projects/robot-arm/software/arm_ros2_ws/build/stm32_bridge/prefix_override:/usr/lib/python3/dist-packages/colcon_core/task/python/colcon_distutils_commands:/home/bg99/Documents/Projects/robot-arm/software/arm_ros2_ws/install/stm32_bridge/lib/python3.8/site-packages: /usr/bin/python3 -W ignore:setup.py install is deprecated -W ignore:easy_install command is deprecated setup.py egg_info --egg-base ../../build/stm32_bridge build --build-base /home/bg99/Documents/Projects/robot-arm/software/arm_ros2_ws/build/stm32_bridge/build install --record /home/bg99/Documents/Projects/robot-arm/software/arm_ros2_ws/build/stm32_bridge/install.log --install-scripts $base/lib/stm32_bridge --single-version-externally-managed install_data
[3.510s] /usr/local/lib/python3.8/dist-packages/setuptools/dist.py:717: UserWarning: Usage of dash-separated 'script-dir' will not be supported in future versions. Please use the underscore name 'script_dir' instead
[3.510s]   warnings.warn(
[3.631s] running egg_info
[3.633s] writing ../../build/stm32_bridge/stm32_bridge.egg-info/PKG-INFO
[3.635s] writing dependency_links to ../../build/stm32_bridge/stm32_bridge.egg-info/dependency_links.txt
[3.636s] writing entry points to ../../build/stm32_bridge/stm32_bridge.egg-info/entry_points.txt
[3.636s] writing requirements to ../../build/stm32_bridge/stm32_bridge.egg-info/requires.txt
[3.637s] writing top-level names to ../../build/stm32_bridge/stm32_bridge.egg-info/top_level.txt
[3.648s] reading manifest file '../../build/stm32_bridge/stm32_bridge.egg-info/SOURCES.txt'
[3.652s] writing manifest file '../../build/stm32_bridge/stm32_bridge.egg-info/SOURCES.txt'
[3.652s] running build
[3.653s] running build_py
[3.653s] copying stm32_bridge/serial_com.py -> /home/bg99/Documents/Projects/robot-arm/software/arm_ros2_ws/build/stm32_bridge/build/lib/stm32_bridge
[3.654s] copying stm32_bridge/protocol.py -> /home/bg99/Documents/Projects/robot-arm/software/arm_ros2_ws/build/stm32_bridge/build/lib/stm32_bridge
[3.655s] running install
[3.658s] running install_lib
[3.661s] copying /home/bg99/Documents/Projects/robot-arm/software/arm_ros2_ws/build/stm32_bridge/build/lib/stm32_bridge/serial_com.py -> /home/bg99/Documents/Projects/robot-arm/software/arm_ros2_ws/install/stm32_bridge/lib/python3.8/site-packages/stm32_bridge
[3.662s] copying /home/bg99/Documents/Projects/robot-arm/software/arm_ros2_ws/build/stm32_bridge/build/lib/stm32_bridge/protocol.py -> /home/bg99/Documents/Projects/robot-arm/software/arm_ros2_ws/install/stm32_bridge/lib/python3.8/site-packages/stm32_bridge
[3.664s] byte-compiling /home/bg99/Documents/Projects/robot-arm/software/arm_ros2_ws/install/stm32_bridge/lib/python3.8/site-packages/stm32_bridge/serial_com.py to serial_com.cpython-38.pyc
[3.666s] byte-compiling /home/bg99/Documents/Projects/robot-arm/software/arm_ros2_ws/install/stm32_bridge/lib/python3.8/site-packages/stm32_bridge/protocol.py to protocol.cpython-38.pyc
[3.670s] running install_data
[3.670s] running install_egg_info
[3.676s] removing '/home/bg99/Documents/Projects/robot-arm/software/arm_ros2_ws/install/stm32_bridge/lib/python3.8/site-packages/stm32_bridge-0.0.0-py3.8.egg-info' (and everything under it)
[3.677s] Copying ../../build/stm32_bridge/stm32_bridge.egg-info to /home/bg99/Documents/Projects/robot-arm/software/arm_ros2_ws/install/stm32_bridge/lib/python3.8/site-packages/stm32_bridge-0.0.0-py3.8.egg-info
[3.681s] running install_scripts
[3.751s] Installing stm32_interface_node script to /home/bg99/Documents/Projects/robot-arm/software/arm_ros2_ws/install/stm32_bridge/lib/stm32_bridge
[3.753s] writing list of installed files to '/home/bg99/Documents/Projects/robot-arm/software/arm_ros2_ws/build/stm32_bridge/install.log'
[3.844s] Invoked command in '/home/bg99/Documents/Projects/robot-arm/software/arm_ros2_ws/src/stm32_bridge' returned '0': PYTHONPATH=/home/bg99/Documents/Projects/robot-arm/software/arm_ros2_ws/build/stm32_bridge/prefix_override:/usr/lib/python3/dist-packages/colcon_core/task/python/colcon_distutils_commands:/home/bg99/Documents/Projects/robot-arm/software/arm_ros2_ws/install/stm32_bridge/lib/python3.8/site-packages: /usr/bin/python3 -W ignore:setup.py install is deprecated -W ignore:easy_install command is deprecated setup.py egg_info --egg-base ../../build/stm32_bridge build --build-base /home/bg99/Documents/Projects/robot-arm/software/arm_ros2_ws/build/stm32_bridge/build install --record /home/bg99/Documents/Projects/robot-arm/software/arm_ros2_ws/build/stm32_bridge/install.log --install-scripts $base/lib/stm32_bridge --single-version-externally-managed install_data
