[1.130s] DEBUG:colcon:Command line arguments: ['/usr/bin/colcon', 'build']
[1.130s] DEBUG:colcon:Parsed command line arguments: Namespace(allow_overriding=[], ament_cmake_args=None, base_paths=['.'], build_base='build', catkin_cmake_args=None, catkin_skip_building_tests=False, cmake_args=None, cmake_clean_cache=False, cmake_clean_first=False, cmake_force_configure=False, cmake_target=None, cmake_target_skip_unavailable=False, continue_on_error=False, event_handlers=None, executor='parallel', ignore_user_meta=False, install_base='install', log_base=None, log_level=None, main=<bound method BuildVerb.main of <colcon_core.verb.build.BuildVerb object at 0x7f830f41f0>>, merge_install=False, metas=['./colcon.meta'], packages_above=None, packages_above_and_dependencies=None, packages_above_depth=None, packages_end=None, packages_ignore=None, packages_ignore_regex=None, packages_select=None, packages_select_build_failed=False, packages_select_by_dep=None, packages_select_regex=None, packages_select_test_failures=False, packages_skip=None, packages_skip_build_finished=False, packages_skip_by_dep=None, packages_skip_regex=None, packages_skip_test_passed=False, packages_skip_up_to=None, packages_start=None, packages_up_to=None, packages_up_to_regex=None, parallel_workers=4, paths=None, symlink_install=False, test_result_base=None, verb_extension=<colcon_core.verb.build.BuildVerb object at 0x7f830f41f0>, verb_name='build', verb_parser=<colcon_defaults.argument_parser.defaults.DefaultArgumentsDecorator object at 0x7f83077f70>)
[2.432s] Level 1:colcon.colcon_core.package_discovery:discover_packages(colcon_meta) check parameters
[2.433s] Level 1:colcon.colcon_core.package_discovery:discover_packages(recursive) check parameters
[2.433s] Level 1:colcon.colcon_core.package_discovery:discover_packages(ignore) check parameters
[2.433s] Level 1:colcon.colcon_core.package_discovery:discover_packages(path) check parameters
[2.433s] Level 1:colcon.colcon_core.package_discovery:discover_packages(colcon_meta) discover
[2.433s] Level 1:colcon.colcon_core.package_discovery:discover_packages(recursive) discover
[2.434s] INFO:colcon.colcon_core.package_discovery:Crawling recursively for packages in '/home/bg99/Documents/Projects/robot-arm/software/arm_ros2_ws'
[2.434s] Level 1:colcon.colcon_core.package_identification:_identify(.) by extensions ['ignore', 'ignore_ament_install']
[2.434s] Level 1:colcon.colcon_core.package_identification:_identify(.) by extension 'ignore'
[2.435s] Level 1:colcon.colcon_core.package_identification:_identify(.) by extension 'ignore_ament_install'
[2.435s] Level 1:colcon.colcon_core.package_identification:_identify(.) by extensions ['colcon_pkg']
[2.435s] Level 1:colcon.colcon_core.package_identification:_identify(.) by extension 'colcon_pkg'
[2.435s] Level 1:colcon.colcon_core.package_identification:_identify(.) by extensions ['colcon_meta']
[2.435s] Level 1:colcon.colcon_core.package_identification:_identify(.) by extension 'colcon_meta'
[2.436s] Level 1:colcon.colcon_core.package_identification:_identify(.) by extensions ['ros']
[2.436s] Level 1:colcon.colcon_core.package_identification:_identify(.) by extension 'ros'
[2.531s] Level 1:colcon.colcon_core.package_identification:_identify(.) by extensions ['cmake', 'python']
[2.532s] Level 1:colcon.colcon_core.package_identification:_identify(.) by extension 'cmake'
[2.532s] Level 1:colcon.colcon_core.package_identification:_identify(.) by extension 'python'
[2.532s] Level 1:colcon.colcon_core.package_identification:_identify(.) by extensions ['python_setup_py']
[2.532s] Level 1:colcon.colcon_core.package_identification:_identify(.) by extension 'python_setup_py'
[2.533s] Level 1:colcon.colcon_core.package_identification:_identify(build) by extensions ['ignore', 'ignore_ament_install']
[2.533s] Level 1:colcon.colcon_core.package_identification:_identify(build) by extension 'ignore'
[2.533s] Level 1:colcon.colcon_core.package_identification:_identify(build) ignored
[2.534s] Level 1:colcon.colcon_core.package_identification:_identify(install) by extensions ['ignore', 'ignore_ament_install']
[2.534s] Level 1:colcon.colcon_core.package_identification:_identify(install) by extension 'ignore'
[2.534s] Level 1:colcon.colcon_core.package_identification:_identify(install) ignored
[2.535s] Level 1:colcon.colcon_core.package_identification:_identify(log) by extensions ['ignore', 'ignore_ament_install']
[2.535s] Level 1:colcon.colcon_core.package_identification:_identify(log) by extension 'ignore'
[2.536s] Level 1:colcon.colcon_core.package_identification:_identify(log) ignored
[2.536s] Level 1:colcon.colcon_core.package_identification:_identify(src) by extensions ['ignore', 'ignore_ament_install']
[2.536s] Level 1:colcon.colcon_core.package_identification:_identify(src) by extension 'ignore'
[2.536s] Level 1:colcon.colcon_core.package_identification:_identify(src) by extension 'ignore_ament_install'
[2.537s] Level 1:colcon.colcon_core.package_identification:_identify(src) by extensions ['colcon_pkg']
[2.537s] Level 1:colcon.colcon_core.package_identification:_identify(src) by extension 'colcon_pkg'
[2.537s] Level 1:colcon.colcon_core.package_identification:_identify(src) by extensions ['colcon_meta']
[2.537s] Level 1:colcon.colcon_core.package_identification:_identify(src) by extension 'colcon_meta'
[2.537s] Level 1:colcon.colcon_core.package_identification:_identify(src) by extensions ['ros']
[2.538s] Level 1:colcon.colcon_core.package_identification:_identify(src) by extension 'ros'
[2.538s] Level 1:colcon.colcon_core.package_identification:_identify(src) by extensions ['cmake', 'python']
[2.538s] Level 1:colcon.colcon_core.package_identification:_identify(src) by extension 'cmake'
[2.538s] Level 1:colcon.colcon_core.package_identification:_identify(src) by extension 'python'
[2.538s] Level 1:colcon.colcon_core.package_identification:_identify(src) by extensions ['python_setup_py']
[2.539s] Level 1:colcon.colcon_core.package_identification:_identify(src) by extension 'python_setup_py'
[2.539s] Level 1:colcon.colcon_core.package_identification:_identify(src/stm32_bridge) by extensions ['ignore', 'ignore_ament_install']
[2.539s] Level 1:colcon.colcon_core.package_identification:_identify(src/stm32_bridge) by extension 'ignore'
[2.539s] Level 1:colcon.colcon_core.package_identification:_identify(src/stm32_bridge) by extension 'ignore_ament_install'
[2.540s] Level 1:colcon.colcon_core.package_identification:_identify(src/stm32_bridge) by extensions ['colcon_pkg']
[2.540s] Level 1:colcon.colcon_core.package_identification:_identify(src/stm32_bridge) by extension 'colcon_pkg'
[2.540s] Level 1:colcon.colcon_core.package_identification:_identify(src/stm32_bridge) by extensions ['colcon_meta']
[2.540s] Level 1:colcon.colcon_core.package_identification:_identify(src/stm32_bridge) by extension 'colcon_meta'
[2.540s] Level 1:colcon.colcon_core.package_identification:_identify(src/stm32_bridge) by extensions ['ros']
[2.541s] Level 1:colcon.colcon_core.package_identification:_identify(src/stm32_bridge) by extension 'ros'
[2.555s] DEBUG:colcon.colcon_core.package_identification:Package 'src/stm32_bridge' with type 'ros.ament_python' and name 'stm32_bridge'
[2.555s] Level 1:colcon.colcon_core.package_discovery:discover_packages(recursive) using defaults
[2.555s] Level 1:colcon.colcon_core.package_discovery:discover_packages(ignore) discover
[2.555s] Level 1:colcon.colcon_core.package_discovery:discover_packages(ignore) using defaults
[2.556s] Level 1:colcon.colcon_core.package_discovery:discover_packages(path) discover
[2.556s] Level 1:colcon.colcon_core.package_discovery:discover_packages(path) using defaults
[2.654s] Level 1:colcon.colcon_core.package_discovery:discover_packages(prefix_path) check parameters
[2.654s] Level 1:colcon.colcon_core.package_discovery:discover_packages(prefix_path) discover
[2.665s] DEBUG:colcon.colcon_installed_package_information.package_discovery:Found 1 installed packages in /home/bg99/Documents/Projects/robot-arm/software/arm_ros2_ws/install
[2.671s] DEBUG:colcon.colcon_installed_package_information.package_discovery:Found 259 installed packages in /opt/ros/foxy
[2.680s] Level 1:colcon.colcon_core.package_discovery:discover_packages(prefix_path) using defaults
[3.022s] Level 5:colcon.colcon_core.verb:set package 'stm32_bridge' build argument 'cmake_args' from command line to 'None'
[3.022s] Level 5:colcon.colcon_core.verb:set package 'stm32_bridge' build argument 'cmake_target' from command line to 'None'
[3.023s] Level 5:colcon.colcon_core.verb:set package 'stm32_bridge' build argument 'cmake_target_skip_unavailable' from command line to 'False'
[3.023s] Level 5:colcon.colcon_core.verb:set package 'stm32_bridge' build argument 'cmake_clean_cache' from command line to 'False'
[3.023s] Level 5:colcon.colcon_core.verb:set package 'stm32_bridge' build argument 'cmake_clean_first' from command line to 'False'
[3.023s] Level 5:colcon.colcon_core.verb:set package 'stm32_bridge' build argument 'cmake_force_configure' from command line to 'False'
[3.023s] Level 5:colcon.colcon_core.verb:set package 'stm32_bridge' build argument 'ament_cmake_args' from command line to 'None'
[3.023s] Level 5:colcon.colcon_core.verb:set package 'stm32_bridge' build argument 'catkin_cmake_args' from command line to 'None'
[3.023s] Level 5:colcon.colcon_core.verb:set package 'stm32_bridge' build argument 'catkin_skip_building_tests' from command line to 'False'
[3.024s] DEBUG:colcon.colcon_core.verb:Building package 'stm32_bridge' with the following arguments: {'ament_cmake_args': None, 'build_base': '/home/bg99/Documents/Projects/robot-arm/software/arm_ros2_ws/build/stm32_bridge', 'catkin_cmake_args': None, 'catkin_skip_building_tests': False, 'cmake_args': None, 'cmake_clean_cache': False, 'cmake_clean_first': False, 'cmake_force_configure': False, 'cmake_target': None, 'cmake_target_skip_unavailable': False, 'install_base': '/home/bg99/Documents/Projects/robot-arm/software/arm_ros2_ws/install/stm32_bridge', 'merge_install': False, 'path': '/home/bg99/Documents/Projects/robot-arm/software/arm_ros2_ws/src/stm32_bridge', 'symlink_install': False, 'test_result_base': None}
[3.024s] INFO:colcon.colcon_core.executor:Executing jobs using 'parallel' executor
[3.027s] DEBUG:colcon.colcon_parallel_executor.executor.parallel:run_until_complete
[3.028s] INFO:colcon.colcon_ros.task.ament_python.build:Building ROS package in '/home/bg99/Documents/Projects/robot-arm/software/arm_ros2_ws/src/stm32_bridge' with build type 'ament_python'
[3.029s] Level 1:colcon.colcon_core.shell:create_environment_hook('stm32_bridge', 'ament_prefix_path')
[3.047s] INFO:colcon.colcon_core.plugin_system:Skipping extension 'colcon_core.shell.bat': Not used on non-Windows systems
[3.048s] INFO:colcon.colcon_core.shell:Creating environment hook '/home/bg99/Documents/Projects/robot-arm/software/arm_ros2_ws/install/stm32_bridge/share/stm32_bridge/hook/ament_prefix_path.ps1'
[3.052s] INFO:colcon.colcon_core.shell:Creating environment descriptor '/home/bg99/Documents/Projects/robot-arm/software/arm_ros2_ws/install/stm32_bridge/share/stm32_bridge/hook/ament_prefix_path.dsv'
[3.202s] INFO:colcon.colcon_core.shell:Creating environment hook '/home/bg99/Documents/Projects/robot-arm/software/arm_ros2_ws/install/stm32_bridge/share/stm32_bridge/hook/ament_prefix_path.sh'
[3.353s] INFO:colcon.colcon_core.shell:Skip shell extension 'powershell' for command environment: Not usable outside of PowerShell
[3.354s] DEBUG:colcon.colcon_core.shell:Skip shell extension 'dsv' for command environment
[4.679s] INFO:colcon.colcon_core.task.python.build:Building Python package in '/home/bg99/Documents/Projects/robot-arm/software/arm_ros2_ws/src/stm32_bridge'
[4.680s] INFO:colcon.colcon_core.shell:Skip shell extension 'powershell' for command environment: Not usable outside of PowerShell
[4.680s] DEBUG:colcon.colcon_core.shell:Skip shell extension 'dsv' for command environment
[9.428s] DEBUG:colcon.colcon_core.event_handler.log_command:Invoking command in '/home/bg99/Documents/Projects/robot-arm/software/arm_ros2_ws/src/stm32_bridge': PYTHONPATH=/home/bg99/Documents/Projects/robot-arm/software/arm_ros2_ws/build/stm32_bridge/prefix_override:/usr/lib/python3/dist-packages/colcon_core/task/python/colcon_distutils_commands:/home/bg99/Documents/Projects/robot-arm/software/arm_ros2_ws/install/stm32_bridge/lib/python3.8/site-packages:${PYTHONPATH} /usr/bin/python3 -W ignore:setup.py install is deprecated -W ignore:easy_install command is deprecated setup.py egg_info --egg-base ../../build/stm32_bridge build --build-base /home/bg99/Documents/Projects/robot-arm/software/arm_ros2_ws/build/stm32_bridge/build install --record /home/bg99/Documents/Projects/robot-arm/software/arm_ros2_ws/build/stm32_bridge/install.log --install-scripts $base/lib/stm32_bridge --single-version-externally-managed install_data
[11.324s] DEBUG:colcon.colcon_core.event_handler.log_command:Invoked command in '/home/bg99/Documents/Projects/robot-arm/software/arm_ros2_ws/src/stm32_bridge' returned '0': PYTHONPATH=/home/bg99/Documents/Projects/robot-arm/software/arm_ros2_ws/build/stm32_bridge/prefix_override:/usr/lib/python3/dist-packages/colcon_core/task/python/colcon_distutils_commands:/home/bg99/Documents/Projects/robot-arm/software/arm_ros2_ws/install/stm32_bridge/lib/python3.8/site-packages:${PYTHONPATH} /usr/bin/python3 -W ignore:setup.py install is deprecated -W ignore:easy_install command is deprecated setup.py egg_info --egg-base ../../build/stm32_bridge build --build-base /home/bg99/Documents/Projects/robot-arm/software/arm_ros2_ws/build/stm32_bridge/build install --record /home/bg99/Documents/Projects/robot-arm/software/arm_ros2_ws/build/stm32_bridge/install.log --install-scripts $base/lib/stm32_bridge --single-version-externally-managed install_data
[17.723s] Level 1:colcon.colcon_core.environment:checking '/home/bg99/Documents/Projects/robot-arm/software/arm_ros2_ws/install/stm32_bridge' for CMake module files
[17.726s] Level 1:colcon.colcon_core.environment:checking '/home/bg99/Documents/Projects/robot-arm/software/arm_ros2_ws/install/stm32_bridge' for CMake config files
[17.729s] Level 1:colcon.colcon_core.environment:checking '/home/bg99/Documents/Projects/robot-arm/software/arm_ros2_ws/install/stm32_bridge/lib'
[17.730s] Level 1:colcon.colcon_core.environment:checking '/home/bg99/Documents/Projects/robot-arm/software/arm_ros2_ws/install/stm32_bridge/bin'
[17.730s] Level 1:colcon.colcon_core.environment:checking '/home/bg99/Documents/Projects/robot-arm/software/arm_ros2_ws/install/stm32_bridge/lib/pkgconfig/stm32_bridge.pc'
[17.731s] Level 1:colcon.colcon_core.environment:checking '/home/bg99/Documents/Projects/robot-arm/software/arm_ros2_ws/install/stm32_bridge/lib/python3.8/site-packages'
[17.731s] Level 1:colcon.colcon_core.shell:create_environment_hook('stm32_bridge', 'pythonpath')
[17.733s] INFO:colcon.colcon_core.shell:Creating environment hook '/home/bg99/Documents/Projects/robot-arm/software/arm_ros2_ws/install/stm32_bridge/share/stm32_bridge/hook/pythonpath.ps1'
[17.735s] INFO:colcon.colcon_core.shell:Creating environment descriptor '/home/bg99/Documents/Projects/robot-arm/software/arm_ros2_ws/install/stm32_bridge/share/stm32_bridge/hook/pythonpath.dsv'
[17.736s] INFO:colcon.colcon_core.shell:Creating environment hook '/home/bg99/Documents/Projects/robot-arm/software/arm_ros2_ws/install/stm32_bridge/share/stm32_bridge/hook/pythonpath.sh'
[17.739s] Level 1:colcon.colcon_core.environment:checking '/home/bg99/Documents/Projects/robot-arm/software/arm_ros2_ws/install/stm32_bridge/bin'
[17.739s] Level 1:colcon.colcon_core.environment:create_environment_scripts_only(stm32_bridge)
[17.741s] INFO:colcon.colcon_core.shell:Creating package script '/home/bg99/Documents/Projects/robot-arm/software/arm_ros2_ws/install/stm32_bridge/share/stm32_bridge/package.ps1'
[17.815s] INFO:colcon.colcon_core.shell:Creating package descriptor '/home/bg99/Documents/Projects/robot-arm/software/arm_ros2_ws/install/stm32_bridge/share/stm32_bridge/package.dsv'
[20.192s] INFO:colcon.colcon_core.shell:Creating package script '/home/bg99/Documents/Projects/robot-arm/software/arm_ros2_ws/install/stm32_bridge/share/stm32_bridge/package.sh'
[20.197s] INFO:colcon.colcon_core.shell:Creating package script '/home/bg99/Documents/Projects/robot-arm/software/arm_ros2_ws/install/stm32_bridge/share/stm32_bridge/package.bash'
[20.204s] INFO:colcon.colcon_core.shell:Creating package script '/home/bg99/Documents/Projects/robot-arm/software/arm_ros2_ws/install/stm32_bridge/share/stm32_bridge/package.zsh'
[20.211s] Level 1:colcon.colcon_core.environment:create_file_with_runtime_dependencies(/home/bg99/Documents/Projects/robot-arm/software/arm_ros2_ws/install/stm32_bridge/share/colcon-core/packages/stm32_bridge)
[20.212s] DEBUG:colcon.colcon_parallel_executor.executor.parallel:closing loop
[20.213s] DEBUG:colcon.colcon_parallel_executor.executor.parallel:loop closed
[20.213s] DEBUG:colcon.colcon_parallel_executor.executor.parallel:run_until_complete finished with '0'
[20.214s] DEBUG:colcon.colcon_core.event_reactor:joining thread
[22.875s] DEBUG:colcon.colcon_core.event_reactor:joined thread
[22.877s] INFO:colcon.colcon_core.shell:Creating prefix script '/home/bg99/Documents/Projects/robot-arm/software/arm_ros2_ws/install/local_setup.ps1'
[26.757s] INFO:colcon.colcon_core.shell:Creating prefix util module '/home/bg99/Documents/Projects/robot-arm/software/arm_ros2_ws/install/_local_setup_util_ps1.py'
[27.911s] INFO:colcon.colcon_core.shell:Creating prefix chain script '/home/bg99/Documents/Projects/robot-arm/software/arm_ros2_ws/install/setup.ps1'
[29.048s] INFO:colcon.colcon_core.shell:Creating prefix script '/home/bg99/Documents/Projects/robot-arm/software/arm_ros2_ws/install/local_setup.sh'
[29.116s] INFO:colcon.colcon_core.shell:Creating prefix util module '/home/bg99/Documents/Projects/robot-arm/software/arm_ros2_ws/install/_local_setup_util_sh.py'
[29.118s] INFO:colcon.colcon_core.shell:Creating prefix chain script '/home/bg99/Documents/Projects/robot-arm/software/arm_ros2_ws/install/setup.sh'
[29.654s] INFO:colcon.colcon_core.shell:Creating prefix script '/home/bg99/Documents/Projects/robot-arm/software/arm_ros2_ws/install/local_setup.bash'
[29.702s] INFO:colcon.colcon_core.shell:Creating prefix chain script '/home/bg99/Documents/Projects/robot-arm/software/arm_ros2_ws/install/setup.bash'
[29.754s] INFO:colcon.colcon_core.shell:Creating prefix script '/home/bg99/Documents/Projects/robot-arm/software/arm_ros2_ws/install/local_setup.zsh'
[29.759s] INFO:colcon.colcon_core.shell:Creating prefix chain script '/home/bg99/Documents/Projects/robot-arm/software/arm_ros2_ws/install/setup.zsh'
