[0.831s] DEBUG:colcon:Command line arguments: ['/usr/bin/colcon', 'build']
[0.831s] DEBUG:colcon:Parsed command line arguments: Namespace(allow_overriding=[], ament_cmake_args=None, base_paths=['.'], build_base='build', catkin_cmake_args=None, catkin_skip_building_tests=False, cmake_args=None, cmake_clean_cache=False, cmake_clean_first=False, cmake_force_configure=False, cmake_target=None, cmake_target_skip_unavailable=False, continue_on_error=False, event_handlers=None, executor='parallel', ignore_user_meta=False, install_base='install', log_base=None, log_level=None, main=<bound method BuildVerb.main of <colcon_core.verb.build.BuildVerb object at 0x7fabb66190>>, merge_install=False, metas=['./colcon.meta'], packages_above=None, packages_above_and_dependencies=None, packages_above_depth=None, packages_end=None, packages_ignore=None, packages_ignore_regex=None, packages_select=None, packages_select_build_failed=False, packages_select_by_dep=None, packages_select_regex=None, packages_select_test_failures=False, packages_skip=None, packages_skip_build_finished=False, packages_skip_by_dep=None, packages_skip_regex=None, packages_skip_test_passed=False, packages_skip_up_to=None, packages_start=None, packages_up_to=None, packages_up_to_regex=None, parallel_workers=4, paths=None, symlink_install=False, test_result_base=None, verb_extension=<colcon_core.verb.build.BuildVerb object at 0x7fabb66190>, verb_name='build', verb_parser=<colcon_defaults.argument_parser.defaults.DefaultArgumentsDecorator object at 0x7fabae8f10>)
[1.703s] Level 1:colcon.colcon_core.package_discovery:discover_packages(colcon_meta) check parameters
[1.703s] Level 1:colcon.colcon_core.package_discovery:discover_packages(recursive) check parameters
[1.703s] Level 1:colcon.colcon_core.package_discovery:discover_packages(ignore) check parameters
[1.703s] Level 1:colcon.colcon_core.package_discovery:discover_packages(path) check parameters
[1.703s] Level 1:colcon.colcon_core.package_discovery:discover_packages(colcon_meta) discover
[1.704s] Level 1:colcon.colcon_core.package_discovery:discover_packages(recursive) discover
[1.704s] INFO:colcon.colcon_core.package_discovery:Crawling recursively for packages in '/home/bg99/Documents/Projects/robot-arm/software/arm_ros2_ws'
[1.704s] Level 1:colcon.colcon_core.package_identification:_identify(.) by extensions ['ignore', 'ignore_ament_install']
[1.705s] Level 1:colcon.colcon_core.package_identification:_identify(.) by extension 'ignore'
[1.705s] Level 1:colcon.colcon_core.package_identification:_identify(.) by extension 'ignore_ament_install'
[1.705s] Level 1:colcon.colcon_core.package_identification:_identify(.) by extensions ['colcon_pkg']
[1.705s] Level 1:colcon.colcon_core.package_identification:_identify(.) by extension 'colcon_pkg'
[1.705s] Level 1:colcon.colcon_core.package_identification:_identify(.) by extensions ['colcon_meta']
[1.705s] Level 1:colcon.colcon_core.package_identification:_identify(.) by extension 'colcon_meta'
[1.706s] Level 1:colcon.colcon_core.package_identification:_identify(.) by extensions ['ros']
[1.706s] Level 1:colcon.colcon_core.package_identification:_identify(.) by extension 'ros'
[1.790s] Level 1:colcon.colcon_core.package_identification:_identify(.) by extensions ['cmake', 'python']
[1.790s] Level 1:colcon.colcon_core.package_identification:_identify(.) by extension 'cmake'
[1.790s] Level 1:colcon.colcon_core.package_identification:_identify(.) by extension 'python'
[1.791s] Level 1:colcon.colcon_core.package_identification:_identify(.) by extensions ['python_setup_py']
[1.791s] Level 1:colcon.colcon_core.package_identification:_identify(.) by extension 'python_setup_py'
[1.791s] Level 1:colcon.colcon_core.package_identification:_identify(build) by extensions ['ignore', 'ignore_ament_install']
[1.792s] Level 1:colcon.colcon_core.package_identification:_identify(build) by extension 'ignore'
[1.792s] Level 1:colcon.colcon_core.package_identification:_identify(build) ignored
[1.792s] Level 1:colcon.colcon_core.package_identification:_identify(install) by extensions ['ignore', 'ignore_ament_install']
[1.793s] Level 1:colcon.colcon_core.package_identification:_identify(install) by extension 'ignore'
[1.793s] Level 1:colcon.colcon_core.package_identification:_identify(install) ignored
[1.793s] Level 1:colcon.colcon_core.package_identification:_identify(log) by extensions ['ignore', 'ignore_ament_install']
[1.794s] Level 1:colcon.colcon_core.package_identification:_identify(log) by extension 'ignore'
[1.794s] Level 1:colcon.colcon_core.package_identification:_identify(log) ignored
[1.794s] Level 1:colcon.colcon_core.package_identification:_identify(src) by extensions ['ignore', 'ignore_ament_install']
[1.794s] Level 1:colcon.colcon_core.package_identification:_identify(src) by extension 'ignore'
[1.795s] Level 1:colcon.colcon_core.package_identification:_identify(src) by extension 'ignore_ament_install'
[1.795s] Level 1:colcon.colcon_core.package_identification:_identify(src) by extensions ['colcon_pkg']
[1.795s] Level 1:colcon.colcon_core.package_identification:_identify(src) by extension 'colcon_pkg'
[1.795s] Level 1:colcon.colcon_core.package_identification:_identify(src) by extensions ['colcon_meta']
[1.795s] Level 1:colcon.colcon_core.package_identification:_identify(src) by extension 'colcon_meta'
[1.796s] Level 1:colcon.colcon_core.package_identification:_identify(src) by extensions ['ros']
[1.796s] Level 1:colcon.colcon_core.package_identification:_identify(src) by extension 'ros'
[1.796s] Level 1:colcon.colcon_core.package_identification:_identify(src) by extensions ['cmake', 'python']
[1.796s] Level 1:colcon.colcon_core.package_identification:_identify(src) by extension 'cmake'
[1.796s] Level 1:colcon.colcon_core.package_identification:_identify(src) by extension 'python'
[1.797s] Level 1:colcon.colcon_core.package_identification:_identify(src) by extensions ['python_setup_py']
[1.797s] Level 1:colcon.colcon_core.package_identification:_identify(src) by extension 'python_setup_py'
[1.797s] Level 1:colcon.colcon_core.package_identification:_identify(src/stm32_bridge) by extensions ['ignore', 'ignore_ament_install']
[1.797s] Level 1:colcon.colcon_core.package_identification:_identify(src/stm32_bridge) by extension 'ignore'
[1.798s] Level 1:colcon.colcon_core.package_identification:_identify(src/stm32_bridge) by extension 'ignore_ament_install'
[1.798s] Level 1:colcon.colcon_core.package_identification:_identify(src/stm32_bridge) by extensions ['colcon_pkg']
[1.798s] Level 1:colcon.colcon_core.package_identification:_identify(src/stm32_bridge) by extension 'colcon_pkg'
[1.798s] Level 1:colcon.colcon_core.package_identification:_identify(src/stm32_bridge) by extensions ['colcon_meta']
[1.798s] Level 1:colcon.colcon_core.package_identification:_identify(src/stm32_bridge) by extension 'colcon_meta'
[1.798s] Level 1:colcon.colcon_core.package_identification:_identify(src/stm32_bridge) by extensions ['ros']
[1.799s] Level 1:colcon.colcon_core.package_identification:_identify(src/stm32_bridge) by extension 'ros'
[1.808s] DEBUG:colcon.colcon_core.package_identification:Package 'src/stm32_bridge' with type 'ros.ament_python' and name 'stm32_bridge'
[1.808s] Level 1:colcon.colcon_core.package_discovery:discover_packages(recursive) using defaults
[1.809s] Level 1:colcon.colcon_core.package_discovery:discover_packages(ignore) discover
[1.809s] Level 1:colcon.colcon_core.package_discovery:discover_packages(ignore) using defaults
[1.809s] Level 1:colcon.colcon_core.package_discovery:discover_packages(path) discover
[1.809s] Level 1:colcon.colcon_core.package_discovery:discover_packages(path) using defaults
[1.883s] Level 1:colcon.colcon_core.package_discovery:discover_packages(prefix_path) check parameters
[1.883s] Level 1:colcon.colcon_core.package_discovery:discover_packages(prefix_path) discover
[1.889s] DEBUG:colcon.colcon_installed_package_information.package_discovery:Found 1 installed packages in /home/bg99/Documents/Projects/robot-arm/software/arm_ros2_ws/install
[1.895s] DEBUG:colcon.colcon_installed_package_information.package_discovery:Found 259 installed packages in /opt/ros/foxy
[1.903s] Level 1:colcon.colcon_core.package_discovery:discover_packages(prefix_path) using defaults
[2.196s] Level 5:colcon.colcon_core.verb:set package 'stm32_bridge' build argument 'cmake_args' from command line to 'None'
[2.196s] Level 5:colcon.colcon_core.verb:set package 'stm32_bridge' build argument 'cmake_target' from command line to 'None'
[2.196s] Level 5:colcon.colcon_core.verb:set package 'stm32_bridge' build argument 'cmake_target_skip_unavailable' from command line to 'False'
[2.196s] Level 5:colcon.colcon_core.verb:set package 'stm32_bridge' build argument 'cmake_clean_cache' from command line to 'False'
[2.197s] Level 5:colcon.colcon_core.verb:set package 'stm32_bridge' build argument 'cmake_clean_first' from command line to 'False'
[2.197s] Level 5:colcon.colcon_core.verb:set package 'stm32_bridge' build argument 'cmake_force_configure' from command line to 'False'
[2.197s] Level 5:colcon.colcon_core.verb:set package 'stm32_bridge' build argument 'ament_cmake_args' from command line to 'None'
[2.197s] Level 5:colcon.colcon_core.verb:set package 'stm32_bridge' build argument 'catkin_cmake_args' from command line to 'None'
[2.197s] Level 5:colcon.colcon_core.verb:set package 'stm32_bridge' build argument 'catkin_skip_building_tests' from command line to 'False'
[2.197s] DEBUG:colcon.colcon_core.verb:Building package 'stm32_bridge' with the following arguments: {'ament_cmake_args': None, 'build_base': '/home/bg99/Documents/Projects/robot-arm/software/arm_ros2_ws/build/stm32_bridge', 'catkin_cmake_args': None, 'catkin_skip_building_tests': False, 'cmake_args': None, 'cmake_clean_cache': False, 'cmake_clean_first': False, 'cmake_force_configure': False, 'cmake_target': None, 'cmake_target_skip_unavailable': False, 'install_base': '/home/bg99/Documents/Projects/robot-arm/software/arm_ros2_ws/install/stm32_bridge', 'merge_install': False, 'path': '/home/bg99/Documents/Projects/robot-arm/software/arm_ros2_ws/src/stm32_bridge', 'symlink_install': False, 'test_result_base': None}
[2.198s] INFO:colcon.colcon_core.executor:Executing jobs using 'parallel' executor
[2.201s] DEBUG:colcon.colcon_parallel_executor.executor.parallel:run_until_complete
[2.202s] INFO:colcon.colcon_ros.task.ament_python.build:Building ROS package in '/home/bg99/Documents/Projects/robot-arm/software/arm_ros2_ws/src/stm32_bridge' with build type 'ament_python'
[2.202s] Level 1:colcon.colcon_core.shell:create_environment_hook('stm32_bridge', 'ament_prefix_path')
[2.211s] INFO:colcon.colcon_core.plugin_system:Skipping extension 'colcon_core.shell.bat': Not used on non-Windows systems
[2.212s] INFO:colcon.colcon_core.shell:Creating environment hook '/home/bg99/Documents/Projects/robot-arm/software/arm_ros2_ws/install/stm32_bridge/share/stm32_bridge/hook/ament_prefix_path.ps1'
[2.214s] INFO:colcon.colcon_core.shell:Creating environment descriptor '/home/bg99/Documents/Projects/robot-arm/software/arm_ros2_ws/install/stm32_bridge/share/stm32_bridge/hook/ament_prefix_path.dsv'
[2.216s] INFO:colcon.colcon_core.shell:Creating environment hook '/home/bg99/Documents/Projects/robot-arm/software/arm_ros2_ws/install/stm32_bridge/share/stm32_bridge/hook/ament_prefix_path.sh'
[2.219s] INFO:colcon.colcon_core.shell:Skip shell extension 'powershell' for command environment: Not usable outside of PowerShell
[2.220s] DEBUG:colcon.colcon_core.shell:Skip shell extension 'dsv' for command environment
[3.395s] INFO:colcon.colcon_core.task.python.build:Building Python package in '/home/bg99/Documents/Projects/robot-arm/software/arm_ros2_ws/src/stm32_bridge'
[3.397s] INFO:colcon.colcon_core.shell:Skip shell extension 'powershell' for command environment: Not usable outside of PowerShell
[3.397s] DEBUG:colcon.colcon_core.shell:Skip shell extension 'dsv' for command environment
[6.009s] DEBUG:colcon.colcon_core.event_handler.log_command:Invoking command in '/home/bg99/Documents/Projects/robot-arm/software/arm_ros2_ws/src/stm32_bridge': PYTHONPATH=/home/bg99/Documents/Projects/robot-arm/software/arm_ros2_ws/build/stm32_bridge/prefix_override:/usr/lib/python3/dist-packages/colcon_core/task/python/colcon_distutils_commands:/home/bg99/Documents/Projects/robot-arm/software/arm_ros2_ws/install/stm32_bridge/lib/python3.8/site-packages:${PYTHONPATH} /usr/bin/python3 -W ignore:setup.py install is deprecated -W ignore:easy_install command is deprecated setup.py egg_info --egg-base ../../build/stm32_bridge build --build-base /home/bg99/Documents/Projects/robot-arm/software/arm_ros2_ws/build/stm32_bridge/build install --record /home/bg99/Documents/Projects/robot-arm/software/arm_ros2_ws/build/stm32_bridge/install.log --install-scripts $base/lib/stm32_bridge --single-version-externally-managed install_data
[7.229s] DEBUG:colcon.colcon_core.event_handler.log_command:Invoked command in '/home/bg99/Documents/Projects/robot-arm/software/arm_ros2_ws/src/stm32_bridge' returned '0': PYTHONPATH=/home/bg99/Documents/Projects/robot-arm/software/arm_ros2_ws/build/stm32_bridge/prefix_override:/usr/lib/python3/dist-packages/colcon_core/task/python/colcon_distutils_commands:/home/bg99/Documents/Projects/robot-arm/software/arm_ros2_ws/install/stm32_bridge/lib/python3.8/site-packages:${PYTHONPATH} /usr/bin/python3 -W ignore:setup.py install is deprecated -W ignore:easy_install command is deprecated setup.py egg_info --egg-base ../../build/stm32_bridge build --build-base /home/bg99/Documents/Projects/robot-arm/software/arm_ros2_ws/build/stm32_bridge/build install --record /home/bg99/Documents/Projects/robot-arm/software/arm_ros2_ws/build/stm32_bridge/install.log --install-scripts $base/lib/stm32_bridge --single-version-externally-managed install_data
[7.237s] Level 1:colcon.colcon_core.environment:checking '/home/bg99/Documents/Projects/robot-arm/software/arm_ros2_ws/install/stm32_bridge' for CMake module files
[7.240s] Level 1:colcon.colcon_core.environment:checking '/home/bg99/Documents/Projects/robot-arm/software/arm_ros2_ws/install/stm32_bridge' for CMake config files
[7.243s] Level 1:colcon.colcon_core.environment:checking '/home/bg99/Documents/Projects/robot-arm/software/arm_ros2_ws/install/stm32_bridge/lib'
[7.243s] Level 1:colcon.colcon_core.environment:checking '/home/bg99/Documents/Projects/robot-arm/software/arm_ros2_ws/install/stm32_bridge/bin'
[7.244s] Level 1:colcon.colcon_core.environment:checking '/home/bg99/Documents/Projects/robot-arm/software/arm_ros2_ws/install/stm32_bridge/lib/pkgconfig/stm32_bridge.pc'
[7.244s] Level 1:colcon.colcon_core.environment:checking '/home/bg99/Documents/Projects/robot-arm/software/arm_ros2_ws/install/stm32_bridge/lib/python3.8/site-packages'
[7.245s] Level 1:colcon.colcon_core.shell:create_environment_hook('stm32_bridge', 'pythonpath')
[7.246s] INFO:colcon.colcon_core.shell:Creating environment hook '/home/bg99/Documents/Projects/robot-arm/software/arm_ros2_ws/install/stm32_bridge/share/stm32_bridge/hook/pythonpath.ps1'
[7.248s] INFO:colcon.colcon_core.shell:Creating environment descriptor '/home/bg99/Documents/Projects/robot-arm/software/arm_ros2_ws/install/stm32_bridge/share/stm32_bridge/hook/pythonpath.dsv'
[7.249s] INFO:colcon.colcon_core.shell:Creating environment hook '/home/bg99/Documents/Projects/robot-arm/software/arm_ros2_ws/install/stm32_bridge/share/stm32_bridge/hook/pythonpath.sh'
[7.251s] Level 1:colcon.colcon_core.environment:checking '/home/bg99/Documents/Projects/robot-arm/software/arm_ros2_ws/install/stm32_bridge/bin'
[7.251s] Level 1:colcon.colcon_core.environment:create_environment_scripts_only(stm32_bridge)
[7.253s] INFO:colcon.colcon_core.shell:Creating package script '/home/bg99/Documents/Projects/robot-arm/software/arm_ros2_ws/install/stm32_bridge/share/stm32_bridge/package.ps1'
[7.258s] INFO:colcon.colcon_core.shell:Creating package descriptor '/home/bg99/Documents/Projects/robot-arm/software/arm_ros2_ws/install/stm32_bridge/share/stm32_bridge/package.dsv'
[7.260s] INFO:colcon.colcon_core.shell:Creating package script '/home/bg99/Documents/Projects/robot-arm/software/arm_ros2_ws/install/stm32_bridge/share/stm32_bridge/package.sh'
[7.263s] INFO:colcon.colcon_core.shell:Creating package script '/home/bg99/Documents/Projects/robot-arm/software/arm_ros2_ws/install/stm32_bridge/share/stm32_bridge/package.bash'
[7.266s] INFO:colcon.colcon_core.shell:Creating package script '/home/bg99/Documents/Projects/robot-arm/software/arm_ros2_ws/install/stm32_bridge/share/stm32_bridge/package.zsh'
[7.269s] Level 1:colcon.colcon_core.environment:create_file_with_runtime_dependencies(/home/bg99/Documents/Projects/robot-arm/software/arm_ros2_ws/install/stm32_bridge/share/colcon-core/packages/stm32_bridge)
[7.270s] DEBUG:colcon.colcon_parallel_executor.executor.parallel:closing loop
[7.271s] DEBUG:colcon.colcon_parallel_executor.executor.parallel:loop closed
[7.271s] DEBUG:colcon.colcon_parallel_executor.executor.parallel:run_until_complete finished with '0'
[7.271s] DEBUG:colcon.colcon_core.event_reactor:joining thread
[7.273s] DEBUG:colcon.colcon_core.event_reactor:joined thread
[7.274s] INFO:colcon.colcon_core.shell:Creating prefix script '/home/bg99/Documents/Projects/robot-arm/software/arm_ros2_ws/install/local_setup.ps1'
[7.278s] INFO:colcon.colcon_core.shell:Creating prefix util module '/home/bg99/Documents/Projects/robot-arm/software/arm_ros2_ws/install/_local_setup_util_ps1.py'
[7.284s] INFO:colcon.colcon_core.shell:Creating prefix chain script '/home/bg99/Documents/Projects/robot-arm/software/arm_ros2_ws/install/setup.ps1'
[7.288s] INFO:colcon.colcon_core.shell:Creating prefix script '/home/bg99/Documents/Projects/robot-arm/software/arm_ros2_ws/install/local_setup.sh'
[7.291s] INFO:colcon.colcon_core.shell:Creating prefix util module '/home/bg99/Documents/Projects/robot-arm/software/arm_ros2_ws/install/_local_setup_util_sh.py'
[7.293s] INFO:colcon.colcon_core.shell:Creating prefix chain script '/home/bg99/Documents/Projects/robot-arm/software/arm_ros2_ws/install/setup.sh'
[7.297s] INFO:colcon.colcon_core.shell:Creating prefix script '/home/bg99/Documents/Projects/robot-arm/software/arm_ros2_ws/install/local_setup.bash'
[7.299s] INFO:colcon.colcon_core.shell:Creating prefix chain script '/home/bg99/Documents/Projects/robot-arm/software/arm_ros2_ws/install/setup.bash'
[7.302s] INFO:colcon.colcon_core.shell:Creating prefix script '/home/bg99/Documents/Projects/robot-arm/software/arm_ros2_ws/install/local_setup.zsh'
[7.304s] INFO:colcon.colcon_core.shell:Creating prefix chain script '/home/bg99/Documents/Projects/robot-arm/software/arm_ros2_ws/install/setup.zsh'
