[1.288s] Invoking command in '/home/bg99/Documents/Projects/robot-arm/software/arm_ros2_ws/build/arm_interfaces': CMAKE_PREFIX_PATH=${CMAKE_PREFIX_PATH}:/home/bg99/Documents/Projects/robot-arm/software/arm_ros2_ws/install/stm32_bridge:/home/bg99/Documents/Projects/robot-arm/software/arm_ros2_ws/install/arm_teleop:/opt/ros/foxy /usr/bin/cmake --build /home/bg99/Documents/Projects/robot-arm/software/arm_ros2_ws/build/arm_interfaces -- -j4 -l4
[3.815s] [  2%] Built target arm_interfaces__cpp
[3.817s] [ 12%] Built target arm_interfaces__rosidl_generator_c
[3.817s] [ 23%] Built target arm_interfaces__rosidl_typesupport_introspection_cpp
[3.818s] [ 33%] Built target arm_interfaces__rosidl_typesupport_introspection_c
[3.819s] [ 43%] Built target arm_interfaces__rosidl_typesupport_cpp
[3.820s] [ 53%] Built target arm_interfaces__rosidl_typesupport_fastrtps_cpp
[3.821s] [ 64%] Built target arm_interfaces__rosidl_typesupport_c
[3.823s] [ 74%] Built target arm_interfaces__rosidl_typesupport_fastrtps_c
[3.823s] [ 74%] Built target arm_interfaces
[3.824s] [ 76%] Built target arm_interfaces__py
[3.824s] [ 84%] Built target arm_interfaces__python
[3.825s] [ 89%] Built target arm_interfaces__rosidl_typesupport_c__pyext
[3.829s] [ 94%] Built target arm_interfaces__rosidl_typesupport_fastrtps_c__pyext
[3.829s] [100%] Built target arm_interfaces__rosidl_typesupport_introspection_c__pyext
[3.830s] Invoked command in '/home/bg99/Documents/Projects/robot-arm/software/arm_ros2_ws/build/arm_interfaces' returned '0': CMAKE_PREFIX_PATH=${CMAKE_PREFIX_PATH}:/home/bg99/Documents/Projects/robot-arm/software/arm_ros2_ws/install/stm32_bridge:/home/bg99/Documents/Projects/robot-arm/software/arm_ros2_ws/install/arm_teleop:/opt/ros/foxy /usr/bin/cmake --build /home/bg99/Documents/Projects/robot-arm/software/arm_ros2_ws/build/arm_interfaces -- -j4 -l4
[3.866s] Invoking command in '/home/bg99/Documents/Projects/robot-arm/software/arm_ros2_ws/build/arm_interfaces': CMAKE_PREFIX_PATH=${CMAKE_PREFIX_PATH}:/home/bg99/Documents/Projects/robot-arm/software/arm_ros2_ws/install/stm32_bridge:/home/bg99/Documents/Projects/robot-arm/software/arm_ros2_ws/install/arm_teleop:/opt/ros/foxy /usr/bin/cmake --install /home/bg99/Documents/Projects/robot-arm/software/arm_ros2_ws/build/arm_interfaces
[3.897s] -- Install configuration: ""
[3.900s] -- Up-to-date: /home/bg99/Documents/Projects/robot-arm/software/arm_ros2_ws/install/arm_interfaces/share/ament_index/resource_index/rosidl_interfaces/arm_interfaces
[3.904s] -- Up-to-date: /home/bg99/Documents/Projects/robot-arm/software/arm_ros2_ws/install/arm_interfaces/include/arm_interfaces
[3.907s] -- Up-to-date: /home/bg99/Documents/Projects/robot-arm/software/arm_ros2_ws/install/arm_interfaces/include/arm_interfaces/srv
[3.907s] -- Up-to-date: /home/bg99/Documents/Projects/robot-arm/software/arm_ros2_ws/install/arm_interfaces/include/arm_interfaces/srv/detail
[3.907s] -- Up-to-date: /home/bg99/Documents/Projects/robot-arm/software/arm_ros2_ws/install/arm_interfaces/include/arm_interfaces/srv/detail/calibrate__type_support.h
[3.908s] -- Up-to-date: /home/bg99/Documents/Projects/robot-arm/software/arm_ros2_ws/install/arm_interfaces/include/arm_interfaces/srv/detail/home__functions.h
[3.908s] -- Up-to-date: /home/bg99/Documents/Projects/robot-arm/software/arm_ros2_ws/install/arm_interfaces/include/arm_interfaces/srv/detail/home__type_support.h
[3.909s] -- Up-to-date: /home/bg99/Documents/Projects/robot-arm/software/arm_ros2_ws/install/arm_interfaces/include/arm_interfaces/srv/detail/home__functions.c
[3.909s] -- Up-to-date: /home/bg99/Documents/Projects/robot-arm/software/arm_ros2_ws/install/arm_interfaces/include/arm_interfaces/srv/detail/home__struct.h
[3.910s] -- Up-to-date: /home/bg99/Documents/Projects/robot-arm/software/arm_ros2_ws/install/arm_interfaces/include/arm_interfaces/srv/detail/calibrate__struct.h
[3.911s] -- Up-to-date: /home/bg99/Documents/Projects/robot-arm/software/arm_ros2_ws/install/arm_interfaces/include/arm_interfaces/srv/detail/calibrate__functions.h
[3.911s] -- Up-to-date: /home/bg99/Documents/Projects/robot-arm/software/arm_ros2_ws/install/arm_interfaces/include/arm_interfaces/srv/detail/calibrate__functions.c
[3.912s] -- Up-to-date: /home/bg99/Documents/Projects/robot-arm/software/arm_ros2_ws/install/arm_interfaces/include/arm_interfaces/srv/calibrate.h
[3.912s] -- Up-to-date: /home/bg99/Documents/Projects/robot-arm/software/arm_ros2_ws/install/arm_interfaces/include/arm_interfaces/srv/home.h
[3.913s] -- Up-to-date: /home/bg99/Documents/Projects/robot-arm/software/arm_ros2_ws/install/arm_interfaces/include/arm_interfaces/msg
[3.914s] -- Up-to-date: /home/bg99/Documents/Projects/robot-arm/software/arm_ros2_ws/install/arm_interfaces/include/arm_interfaces/msg/rosidl_generator_c__visibility_control.h
[3.914s] -- Up-to-date: /home/bg99/Documents/Projects/robot-arm/software/arm_ros2_ws/install/arm_interfaces/share/arm_interfaces/environment/library_path.sh
[3.915s] -- Up-to-date: /home/bg99/Documents/Projects/robot-arm/software/arm_ros2_ws/install/arm_interfaces/share/arm_interfaces/environment/library_path.dsv
[3.915s] -- Up-to-date: /home/bg99/Documents/Projects/robot-arm/software/arm_ros2_ws/install/arm_interfaces/lib/libarm_interfaces__rosidl_generator_c.so
[3.916s] -- Up-to-date: /home/bg99/Documents/Projects/robot-arm/software/arm_ros2_ws/install/arm_interfaces/include/arm_interfaces
[3.917s] -- Up-to-date: /home/bg99/Documents/Projects/robot-arm/software/arm_ros2_ws/install/arm_interfaces/include/arm_interfaces/srv
[3.918s] -- Up-to-date: /home/bg99/Documents/Projects/robot-arm/software/arm_ros2_ws/install/arm_interfaces/include/arm_interfaces/srv/detail
[3.919s] -- Up-to-date: /home/bg99/Documents/Projects/robot-arm/software/arm_ros2_ws/install/arm_interfaces/include/arm_interfaces/srv/detail/calibrate__rosidl_typesupport_fastrtps_c.h
[3.919s] -- Up-to-date: /home/bg99/Documents/Projects/robot-arm/software/arm_ros2_ws/install/arm_interfaces/include/arm_interfaces/srv/detail/home__rosidl_typesupport_fastrtps_c.h
[3.921s] -- Up-to-date: /home/bg99/Documents/Projects/robot-arm/software/arm_ros2_ws/install/arm_interfaces/include/arm_interfaces/msg
[3.924s] -- Up-to-date: /home/bg99/Documents/Projects/robot-arm/software/arm_ros2_ws/install/arm_interfaces/include/arm_interfaces/msg/rosidl_typesupport_fastrtps_c__visibility_control.h
[3.925s] -- Up-to-date: /home/bg99/Documents/Projects/robot-arm/software/arm_ros2_ws/install/arm_interfaces/lib/libarm_interfaces__rosidl_typesupport_fastrtps_c.so
[3.925s] -- Up-to-date: /home/bg99/Documents/Projects/robot-arm/software/arm_ros2_ws/install/arm_interfaces/include/arm_interfaces
[3.929s] -- Up-to-date: /home/bg99/Documents/Projects/robot-arm/software/arm_ros2_ws/install/arm_interfaces/include/arm_interfaces/srv
[3.929s] -- Up-to-date: /home/bg99/Documents/Projects/robot-arm/software/arm_ros2_ws/install/arm_interfaces/include/arm_interfaces/srv/detail
[3.930s] -- Up-to-date: /home/bg99/Documents/Projects/robot-arm/software/arm_ros2_ws/install/arm_interfaces/include/arm_interfaces/srv/detail/calibrate__rosidl_typesupport_fastrtps_cpp.hpp
[3.930s] -- Up-to-date: /home/bg99/Documents/Projects/robot-arm/software/arm_ros2_ws/install/arm_interfaces/include/arm_interfaces/srv/detail/home__rosidl_typesupport_fastrtps_cpp.hpp
[3.931s] -- Up-to-date: /home/bg99/Documents/Projects/robot-arm/software/arm_ros2_ws/install/arm_interfaces/include/arm_interfaces/srv/detail/dds_fastrtps
[3.931s] -- Up-to-date: /home/bg99/Documents/Projects/robot-arm/software/arm_ros2_ws/install/arm_interfaces/include/arm_interfaces/msg
[3.931s] -- Up-to-date: /home/bg99/Documents/Projects/robot-arm/software/arm_ros2_ws/install/arm_interfaces/include/arm_interfaces/msg/rosidl_typesupport_fastrtps_cpp__visibility_control.h
[3.932s] -- Up-to-date: /home/bg99/Documents/Projects/robot-arm/software/arm_ros2_ws/install/arm_interfaces/lib/libarm_interfaces__rosidl_typesupport_fastrtps_cpp.so
[3.932s] -- Up-to-date: /home/bg99/Documents/Projects/robot-arm/software/arm_ros2_ws/install/arm_interfaces/include/arm_interfaces
[3.932s] -- Up-to-date: /home/bg99/Documents/Projects/robot-arm/software/arm_ros2_ws/install/arm_interfaces/include/arm_interfaces/srv
[3.937s] -- Up-to-date: /home/bg99/Documents/Projects/robot-arm/software/arm_ros2_ws/install/arm_interfaces/include/arm_interfaces/srv/detail
[3.937s] -- Up-to-date: /home/bg99/Documents/Projects/robot-arm/software/arm_ros2_ws/install/arm_interfaces/include/arm_interfaces/srv/detail/home__rosidl_typesupport_introspection_c.h
[3.938s] -- Up-to-date: /home/bg99/Documents/Projects/robot-arm/software/arm_ros2_ws/install/arm_interfaces/include/arm_interfaces/srv/detail/home__type_support.c
[3.938s] -- Up-to-date: /home/bg99/Documents/Projects/robot-arm/software/arm_ros2_ws/install/arm_interfaces/include/arm_interfaces/srv/detail/calibrate__rosidl_typesupport_introspection_c.h
[3.939s] -- Up-to-date: /home/bg99/Documents/Projects/robot-arm/software/arm_ros2_ws/install/arm_interfaces/include/arm_interfaces/srv/detail/calibrate__type_support.c
[3.939s] -- Up-to-date: /home/bg99/Documents/Projects/robot-arm/software/arm_ros2_ws/install/arm_interfaces/include/arm_interfaces/msg
[3.940s] -- Up-to-date: /home/bg99/Documents/Projects/robot-arm/software/arm_ros2_ws/install/arm_interfaces/include/arm_interfaces/msg/rosidl_typesupport_introspection_c__visibility_control.h
[3.940s] -- Up-to-date: /home/bg99/Documents/Projects/robot-arm/software/arm_ros2_ws/install/arm_interfaces/lib/libarm_interfaces__rosidl_typesupport_introspection_c.so
[3.940s] -- Up-to-date: /home/bg99/Documents/Projects/robot-arm/software/arm_ros2_ws/install/arm_interfaces/lib/libarm_interfaces__rosidl_typesupport_c.so
[3.941s] -- Up-to-date: /home/bg99/Documents/Projects/robot-arm/software/arm_ros2_ws/install/arm_interfaces/include/arm_interfaces
[3.941s] -- Up-to-date: /home/bg99/Documents/Projects/robot-arm/software/arm_ros2_ws/install/arm_interfaces/include/arm_interfaces/srv
[3.942s] -- Up-to-date: /home/bg99/Documents/Projects/robot-arm/software/arm_ros2_ws/install/arm_interfaces/include/arm_interfaces/srv/home.hpp
[3.942s] -- Up-to-date: /home/bg99/Documents/Projects/robot-arm/software/arm_ros2_ws/install/arm_interfaces/include/arm_interfaces/srv/detail
[3.943s] -- Up-to-date: /home/bg99/Documents/Projects/robot-arm/software/arm_ros2_ws/install/arm_interfaces/include/arm_interfaces/srv/detail/calibrate__struct.hpp
[3.943s] -- Up-to-date: /home/bg99/Documents/Projects/robot-arm/software/arm_ros2_ws/install/arm_interfaces/include/arm_interfaces/srv/detail/calibrate__traits.hpp
[3.943s] -- Up-to-date: /home/bg99/Documents/Projects/robot-arm/software/arm_ros2_ws/install/arm_interfaces/include/arm_interfaces/srv/detail/home__type_support.hpp
[3.944s] -- Up-to-date: /home/bg99/Documents/Projects/robot-arm/software/arm_ros2_ws/install/arm_interfaces/include/arm_interfaces/srv/detail/home__builder.hpp
[3.944s] -- Up-to-date: /home/bg99/Documents/Projects/robot-arm/software/arm_ros2_ws/install/arm_interfaces/include/arm_interfaces/srv/detail/calibrate__type_support.hpp
[3.945s] -- Up-to-date: /home/bg99/Documents/Projects/robot-arm/software/arm_ros2_ws/install/arm_interfaces/include/arm_interfaces/srv/detail/calibrate__builder.hpp
[3.945s] -- Up-to-date: /home/bg99/Documents/Projects/robot-arm/software/arm_ros2_ws/install/arm_interfaces/include/arm_interfaces/srv/detail/home__struct.hpp
[3.946s] -- Up-to-date: /home/bg99/Documents/Projects/robot-arm/software/arm_ros2_ws/install/arm_interfaces/include/arm_interfaces/srv/detail/home__traits.hpp
[3.946s] -- Up-to-date: /home/bg99/Documents/Projects/robot-arm/software/arm_ros2_ws/install/arm_interfaces/include/arm_interfaces/srv/calibrate.hpp
[3.947s] -- Up-to-date: /home/bg99/Documents/Projects/robot-arm/software/arm_ros2_ws/install/arm_interfaces/include/arm_interfaces/msg
[3.947s] -- Up-to-date: /home/bg99/Documents/Projects/robot-arm/software/arm_ros2_ws/install/arm_interfaces/include/arm_interfaces/msg/rosidl_generator_cpp__visibility_control.hpp
[3.947s] -- Up-to-date: /home/bg99/Documents/Projects/robot-arm/software/arm_ros2_ws/install/arm_interfaces/include/arm_interfaces
[3.948s] -- Up-to-date: /home/bg99/Documents/Projects/robot-arm/software/arm_ros2_ws/install/arm_interfaces/include/arm_interfaces/srv
[3.948s] -- Up-to-date: /home/bg99/Documents/Projects/robot-arm/software/arm_ros2_ws/install/arm_interfaces/include/arm_interfaces/srv/detail
[3.962s] -- Up-to-date: /home/bg99/Documents/Projects/robot-arm/software/arm_ros2_ws/install/arm_interfaces/include/arm_interfaces/srv/detail/home__rosidl_typesupport_introspection_cpp.hpp
[3.962s] -- Up-to-date: /home/bg99/Documents/Projects/robot-arm/software/arm_ros2_ws/install/arm_interfaces/include/arm_interfaces/srv/detail/calibrate__type_support.cpp
[3.962s] -- Up-to-date: /home/bg99/Documents/Projects/robot-arm/software/arm_ros2_ws/install/arm_interfaces/include/arm_interfaces/srv/detail/calibrate__rosidl_typesupport_introspection_cpp.hpp
[3.963s] -- Up-to-date: /home/bg99/Documents/Projects/robot-arm/software/arm_ros2_ws/install/arm_interfaces/include/arm_interfaces/srv/detail/home__type_support.cpp
[3.963s] -- Up-to-date: /home/bg99/Documents/Projects/robot-arm/software/arm_ros2_ws/install/arm_interfaces/lib/libarm_interfaces__rosidl_typesupport_introspection_cpp.so
[3.964s] -- Up-to-date: /home/bg99/Documents/Projects/robot-arm/software/arm_ros2_ws/install/arm_interfaces/lib/libarm_interfaces__rosidl_typesupport_cpp.so
[3.964s] -- Up-to-date: /home/bg99/Documents/Projects/robot-arm/software/arm_ros2_ws/install/arm_interfaces/share/arm_interfaces/environment/pythonpath.sh
[3.965s] -- Up-to-date: /home/bg99/Documents/Projects/robot-arm/software/arm_ros2_ws/install/arm_interfaces/share/arm_interfaces/environment/pythonpath.dsv
[3.965s] -- Up-to-date: /home/bg99/Documents/Projects/robot-arm/software/arm_ros2_ws/install/arm_interfaces/lib/python3.8/site-packages/arm_interfaces/__init__.py
[4.117s] -- Up-to-date: /home/bg99/Documents/Projects/robot-arm/software/arm_ros2_ws/install/arm_interfaces/lib/python3.8/site-packages/arm_interfaces/srv
[4.118s] -- Up-to-date: /home/bg99/Documents/Projects/robot-arm/software/arm_ros2_ws/install/arm_interfaces/lib/python3.8/site-packages/arm_interfaces/srv/_home.py
[4.118s] -- Up-to-date: /home/bg99/Documents/Projects/robot-arm/software/arm_ros2_ws/install/arm_interfaces/lib/python3.8/site-packages/arm_interfaces/srv/_calibrate_s.c
[4.118s] -- Up-to-date: /home/bg99/Documents/Projects/robot-arm/software/arm_ros2_ws/install/arm_interfaces/lib/python3.8/site-packages/arm_interfaces/srv/_calibrate.py
[4.119s] -- Up-to-date: /home/bg99/Documents/Projects/robot-arm/software/arm_ros2_ws/install/arm_interfaces/lib/python3.8/site-packages/arm_interfaces/srv/_home_s.c
[4.119s] -- Up-to-date: /home/bg99/Documents/Projects/robot-arm/software/arm_ros2_ws/install/arm_interfaces/lib/python3.8/site-packages/arm_interfaces/srv/__init__.py
[4.120s] -- Up-to-date: /home/bg99/Documents/Projects/robot-arm/software/arm_ros2_ws/install/arm_interfaces/lib/python3.8/site-packages/arm_interfaces/arm_interfaces_s__rosidl_typesupport_fastrtps_c.cpython-38-aarch64-linux-gnu.so
[4.122s] -- Up-to-date: /home/bg99/Documents/Projects/robot-arm/software/arm_ros2_ws/install/arm_interfaces/lib/python3.8/site-packages/arm_interfaces/arm_interfaces_s__rosidl_typesupport_introspection_c.cpython-38-aarch64-linux-gnu.so
[4.124s] -- Up-to-date: /home/bg99/Documents/Projects/robot-arm/software/arm_ros2_ws/install/arm_interfaces/lib/python3.8/site-packages/arm_interfaces/arm_interfaces_s__rosidl_typesupport_c.cpython-38-aarch64-linux-gnu.so
[4.126s] -- Up-to-date: /home/bg99/Documents/Projects/robot-arm/software/arm_ros2_ws/install/arm_interfaces/lib/libarm_interfaces__python.so
[4.127s] -- Up-to-date: /home/bg99/Documents/Projects/robot-arm/software/arm_ros2_ws/install/arm_interfaces/share/arm_interfaces/srv/Calibrate.idl
[4.127s] -- Up-to-date: /home/bg99/Documents/Projects/robot-arm/software/arm_ros2_ws/install/arm_interfaces/share/arm_interfaces/srv/Home.idl
[4.128s] -- Up-to-date: /home/bg99/Documents/Projects/robot-arm/software/arm_ros2_ws/install/arm_interfaces/share/arm_interfaces/srv/Calibrate.srv
[4.128s] -- Up-to-date: /home/bg99/Documents/Projects/robot-arm/software/arm_ros2_ws/install/arm_interfaces/share/arm_interfaces/srv/Calibrate_Request.msg
[4.129s] -- Up-to-date: /home/bg99/Documents/Projects/robot-arm/software/arm_ros2_ws/install/arm_interfaces/share/arm_interfaces/srv/Calibrate_Response.msg
[4.130s] -- Up-to-date: /home/bg99/Documents/Projects/robot-arm/software/arm_ros2_ws/install/arm_interfaces/share/arm_interfaces/srv/Home.srv
[4.130s] -- Up-to-date: /home/bg99/Documents/Projects/robot-arm/software/arm_ros2_ws/install/arm_interfaces/share/arm_interfaces/srv/Home_Request.msg
[4.130s] -- Up-to-date: /home/bg99/Documents/Projects/robot-arm/software/arm_ros2_ws/install/arm_interfaces/share/arm_interfaces/srv/Home_Response.msg
[4.131s] -- Up-to-date: /home/bg99/Documents/Projects/robot-arm/software/arm_ros2_ws/install/arm_interfaces/share/ament_index/resource_index/package_run_dependencies/arm_interfaces
[4.132s] -- Up-to-date: /home/bg99/Documents/Projects/robot-arm/software/arm_ros2_ws/install/arm_interfaces/share/ament_index/resource_index/parent_prefix_path/arm_interfaces
[4.133s] -- Up-to-date: /home/bg99/Documents/Projects/robot-arm/software/arm_ros2_ws/install/arm_interfaces/share/arm_interfaces/environment/ament_prefix_path.sh
[4.134s] -- Up-to-date: /home/bg99/Documents/Projects/robot-arm/software/arm_ros2_ws/install/arm_interfaces/share/arm_interfaces/environment/ament_prefix_path.dsv
[4.136s] -- Up-to-date: /home/bg99/Documents/Projects/robot-arm/software/arm_ros2_ws/install/arm_interfaces/share/arm_interfaces/environment/path.sh
[4.137s] -- Up-to-date: /home/bg99/Documents/Projects/robot-arm/software/arm_ros2_ws/install/arm_interfaces/share/arm_interfaces/environment/path.dsv
[4.138s] -- Up-to-date: /home/bg99/Documents/Projects/robot-arm/software/arm_ros2_ws/install/arm_interfaces/share/arm_interfaces/local_setup.bash
[4.139s] -- Up-to-date: /home/bg99/Documents/Projects/robot-arm/software/arm_ros2_ws/install/arm_interfaces/share/arm_interfaces/local_setup.sh
[4.140s] -- Up-to-date: /home/bg99/Documents/Projects/robot-arm/software/arm_ros2_ws/install/arm_interfaces/share/arm_interfaces/local_setup.zsh
[4.141s] -- Up-to-date: /home/bg99/Documents/Projects/robot-arm/software/arm_ros2_ws/install/arm_interfaces/share/arm_interfaces/local_setup.dsv
[4.143s] -- Installing: /home/bg99/Documents/Projects/robot-arm/software/arm_ros2_ws/install/arm_interfaces/share/arm_interfaces/package.dsv
[4.145s] -- Up-to-date: /home/bg99/Documents/Projects/robot-arm/software/arm_ros2_ws/install/arm_interfaces/share/ament_index/resource_index/packages/arm_interfaces
[4.146s] -- Up-to-date: /home/bg99/Documents/Projects/robot-arm/software/arm_ros2_ws/install/arm_interfaces/share/arm_interfaces/cmake/arm_interfaces__rosidl_generator_cExport.cmake
[4.147s] -- Up-to-date: /home/bg99/Documents/Projects/robot-arm/software/arm_ros2_ws/install/arm_interfaces/share/arm_interfaces/cmake/arm_interfaces__rosidl_generator_cExport-noconfig.cmake
[4.149s] -- Up-to-date: /home/bg99/Documents/Projects/robot-arm/software/arm_ros2_ws/install/arm_interfaces/share/arm_interfaces/cmake/arm_interfaces__rosidl_typesupport_introspection_cExport.cmake
[4.151s] -- Up-to-date: /home/bg99/Documents/Projects/robot-arm/software/arm_ros2_ws/install/arm_interfaces/share/arm_interfaces/cmake/arm_interfaces__rosidl_typesupport_introspection_cExport-noconfig.cmake
[4.153s] -- Up-to-date: /home/bg99/Documents/Projects/robot-arm/software/arm_ros2_ws/install/arm_interfaces/share/arm_interfaces/cmake/arm_interfaces__rosidl_typesupport_cExport.cmake
[4.154s] -- Up-to-date: /home/bg99/Documents/Projects/robot-arm/software/arm_ros2_ws/install/arm_interfaces/share/arm_interfaces/cmake/arm_interfaces__rosidl_typesupport_cExport-noconfig.cmake
[4.156s] -- Up-to-date: /home/bg99/Documents/Projects/robot-arm/software/arm_ros2_ws/install/arm_interfaces/share/arm_interfaces/cmake/arm_interfaces__rosidl_generator_cppExport.cmake
[4.158s] -- Up-to-date: /home/bg99/Documents/Projects/robot-arm/software/arm_ros2_ws/install/arm_interfaces/share/arm_interfaces/cmake/arm_interfaces__rosidl_typesupport_introspection_cppExport.cmake
[4.159s] -- Up-to-date: /home/bg99/Documents/Projects/robot-arm/software/arm_ros2_ws/install/arm_interfaces/share/arm_interfaces/cmake/arm_interfaces__rosidl_typesupport_introspection_cppExport-noconfig.cmake
[4.161s] -- Up-to-date: /home/bg99/Documents/Projects/robot-arm/software/arm_ros2_ws/install/arm_interfaces/share/arm_interfaces/cmake/arm_interfaces__rosidl_typesupport_cppExport.cmake
[4.162s] -- Up-to-date: /home/bg99/Documents/Projects/robot-arm/software/arm_ros2_ws/install/arm_interfaces/share/arm_interfaces/cmake/arm_interfaces__rosidl_typesupport_cppExport-noconfig.cmake
[4.163s] -- Up-to-date: /home/bg99/Documents/Projects/robot-arm/software/arm_ros2_ws/install/arm_interfaces/share/arm_interfaces/cmake/rosidl_cmake-extras.cmake
[4.164s] -- Up-to-date: /home/bg99/Documents/Projects/robot-arm/software/arm_ros2_ws/install/arm_interfaces/share/arm_interfaces/cmake/ament_cmake_export_dependencies-extras.cmake
[4.165s] -- Up-to-date: /home/bg99/Documents/Projects/robot-arm/software/arm_ros2_ws/install/arm_interfaces/share/arm_interfaces/cmake/ament_cmake_export_libraries-extras.cmake
[4.167s] -- Up-to-date: /home/bg99/Documents/Projects/robot-arm/software/arm_ros2_ws/install/arm_interfaces/share/arm_interfaces/cmake/ament_cmake_export_targets-extras.cmake
[4.168s] -- Up-to-date: /home/bg99/Documents/Projects/robot-arm/software/arm_ros2_ws/install/arm_interfaces/share/arm_interfaces/cmake/ament_cmake_export_include_directories-extras.cmake
[4.169s] -- Up-to-date: /home/bg99/Documents/Projects/robot-arm/software/arm_ros2_ws/install/arm_interfaces/share/arm_interfaces/cmake/rosidl_cmake_export_typesupport_libraries-extras.cmake
[4.170s] -- Up-to-date: /home/bg99/Documents/Projects/robot-arm/software/arm_ros2_ws/install/arm_interfaces/share/arm_interfaces/cmake/rosidl_cmake_export_typesupport_targets-extras.cmake
[4.171s] -- Up-to-date: /home/bg99/Documents/Projects/robot-arm/software/arm_ros2_ws/install/arm_interfaces/share/arm_interfaces/cmake/arm_interfacesConfig.cmake
[4.172s] -- Up-to-date: /home/bg99/Documents/Projects/robot-arm/software/arm_ros2_ws/install/arm_interfaces/share/arm_interfaces/cmake/arm_interfacesConfig-version.cmake
[4.189s] -- Up-to-date: /home/bg99/Documents/Projects/robot-arm/software/arm_ros2_ws/install/arm_interfaces/share/arm_interfaces/package.xml
[4.190s] Invoked command in '/home/bg99/Documents/Projects/robot-arm/software/arm_ros2_ws/build/arm_interfaces' returned '0': CMAKE_PREFIX_PATH=${CMAKE_PREFIX_PATH}:/home/bg99/Documents/Projects/robot-arm/software/arm_ros2_ws/install/stm32_bridge:/home/bg99/Documents/Projects/robot-arm/software/arm_ros2_ws/install/arm_teleop:/opt/ros/foxy /usr/bin/cmake --install /home/bg99/Documents/Projects/robot-arm/software/arm_ros2_ws/build/arm_interfaces
