[7.070s] Invoking command in '/home/bg99/Documents/Projects/robot-arm/software/arm_ros2_ws/src/arm_bringup': PYTHONPATH=/home/bg99/Documents/Projects/robot-arm/software/arm_ros2_ws/build/arm_bringup/prefix_override:/usr/lib/python3/dist-packages/colcon_core/task/python/colcon_distutils_commands:/home/bg99/Documents/Projects/robot-arm/software/arm_ros2_ws/install/arm_bringup/lib/python3.8/site-packages:${PYTHONPATH} /usr/bin/python3 -W ignore:setup.py install is deprecated -W ignore:easy_install command is deprecated setup.py egg_info --egg-base ../../build/arm_bringup build --build-base /home/bg99/Documents/Projects/robot-arm/software/arm_ros2_ws/build/arm_bringup/build install --record /home/bg99/Documents/Projects/robot-arm/software/arm_ros2_ws/build/arm_bringup/install.log --install-scripts $base/lib/arm_bringup --single-version-externally-managed install_data
[8.146s] /usr/local/lib/python3.8/dist-packages/setuptools/dist.py:717: UserWarning: Usage of dash-separated 'script-dir' will not be supported in future versions. Please use the underscore name 'script_dir' instead
[8.146s]   warnings.warn(
[8.287s] running egg_info
[8.291s] writing ../../build/arm_bringup/arm_bringup.egg-info/PKG-INFO
[8.292s] writing dependency_links to ../../build/arm_bringup/arm_bringup.egg-info/dependency_links.txt
[8.293s] writing entry points to ../../build/arm_bringup/arm_bringup.egg-info/entry_points.txt
[8.293s] writing requirements to ../../build/arm_bringup/arm_bringup.egg-info/requires.txt
[8.293s] writing top-level names to ../../build/arm_bringup/arm_bringup.egg-info/top_level.txt
[8.304s] reading manifest file '../../build/arm_bringup/arm_bringup.egg-info/SOURCES.txt'
[8.309s] writing manifest file '../../build/arm_bringup/arm_bringup.egg-info/SOURCES.txt'
[8.309s] running build
[8.310s] running build_py
[8.310s] running install
[8.313s] running install_lib
[8.319s] running install_data
[8.319s] running install_egg_info
[8.330s] removing '/home/bg99/Documents/Projects/robot-arm/software/arm_ros2_ws/install/arm_bringup/lib/python3.8/site-packages/arm_bringup-0.0.0-py3.8.egg-info' (and everything under it)
[8.331s] Copying ../../build/arm_bringup/arm_bringup.egg-info to /home/bg99/Documents/Projects/robot-arm/software/arm_ros2_ws/install/arm_bringup/lib/python3.8/site-packages/arm_bringup-0.0.0-py3.8.egg-info
[8.332s] running install_scripts
[8.414s] writing list of installed files to '/home/bg99/Documents/Projects/robot-arm/software/arm_ros2_ws/build/arm_bringup/install.log'
[8.534s] Invoked command in '/home/bg99/Documents/Projects/robot-arm/software/arm_ros2_ws/src/arm_bringup' returned '0': PYTHONPATH=/home/bg99/Documents/Projects/robot-arm/software/arm_ros2_ws/build/arm_bringup/prefix_override:/usr/lib/python3/dist-packages/colcon_core/task/python/colcon_distutils_commands:/home/bg99/Documents/Projects/robot-arm/software/arm_ros2_ws/install/arm_bringup/lib/python3.8/site-packages:${PYTHONPATH} /usr/bin/python3 -W ignore:setup.py install is deprecated -W ignore:easy_install command is deprecated setup.py egg_info --egg-base ../../build/arm_bringup build --build-base /home/bg99/Documents/Projects/robot-arm/software/arm_ros2_ws/build/arm_bringup/build install --record /home/bg99/Documents/Projects/robot-arm/software/arm_ros2_ws/build/arm_bringup/install.log --install-scripts $base/lib/arm_bringup --single-version-externally-managed install_data
