[7.267s] Invoking command in '/home/bg99/Documents/Projects/robot-arm/software/arm_ros2_ws/src/arm_bringup': PYTHONPATH=/home/bg99/Documents/Projects/robot-arm/software/arm_ros2_ws/build/arm_bringup/prefix_override:/usr/lib/python3/dist-packages/colcon_core/task/python/colcon_distutils_commands:/home/bg99/Documents/Projects/robot-arm/software/arm_ros2_ws/install/arm_bringup/lib/python3.8/site-packages:${PYTHONPATH} /usr/bin/python3 -W ignore:setup.py install is deprecated -W ignore:easy_install command is deprecated setup.py egg_info --egg-base ../../build/arm_bringup build --build-base /home/bg99/Documents/Projects/robot-arm/software/arm_ros2_ws/build/arm_bringup/build install --record /home/bg99/Documents/Projects/robot-arm/software/arm_ros2_ws/build/arm_bringup/install.log --install-scripts $base/lib/arm_bringup --single-version-externally-managed install_data
[10.187s] /usr/local/lib/python3.8/dist-packages/setuptools/dist.py:717: UserWarning: Usage of dash-separated 'script-dir' will not be supported in future versions. Please use the underscore name 'script_dir' instead
[10.189s]   warnings.warn(
[10.191s] running egg_info
[10.193s] writing ../../build/arm_bringup/arm_bringup.egg-info/PKG-INFO
[10.194s] writing dependency_links to ../../build/arm_bringup/arm_bringup.egg-info/dependency_links.txt
[10.194s] writing entry points to ../../build/arm_bringup/arm_bringup.egg-info/entry_points.txt
[10.197s] writing requirements to ../../build/arm_bringup/arm_bringup.egg-info/requires.txt
[10.197s] writing top-level names to ../../build/arm_bringup/arm_bringup.egg-info/top_level.txt
[10.210s] reading manifest file '../../build/arm_bringup/arm_bringup.egg-info/SOURCES.txt'
[10.215s] writing manifest file '../../build/arm_bringup/arm_bringup.egg-info/SOURCES.txt'
[10.216s] running build
[10.216s] running build_py
[10.217s] running install
[10.219s] running install_lib
[10.225s] running install_data
[10.226s] running install_egg_info
[10.232s] removing '/home/bg99/Documents/Projects/robot-arm/software/arm_ros2_ws/install/arm_bringup/lib/python3.8/site-packages/arm_bringup-0.0.0-py3.8.egg-info' (and everything under it)
[10.234s] Copying ../../build/arm_bringup/arm_bringup.egg-info to /home/bg99/Documents/Projects/robot-arm/software/arm_ros2_ws/install/arm_bringup/lib/python3.8/site-packages/arm_bringup-0.0.0-py3.8.egg-info
[10.238s] running install_scripts
[10.317s] writing list of installed files to '/home/bg99/Documents/Projects/robot-arm/software/arm_ros2_ws/build/arm_bringup/install.log'
[10.431s] Invoked command in '/home/bg99/Documents/Projects/robot-arm/software/arm_ros2_ws/src/arm_bringup' returned '0': PYTHONPATH=/home/bg99/Documents/Projects/robot-arm/software/arm_ros2_ws/build/arm_bringup/prefix_override:/usr/lib/python3/dist-packages/colcon_core/task/python/colcon_distutils_commands:/home/bg99/Documents/Projects/robot-arm/software/arm_ros2_ws/install/arm_bringup/lib/python3.8/site-packages:${PYTHONPATH} /usr/bin/python3 -W ignore:setup.py install is deprecated -W ignore:easy_install command is deprecated setup.py egg_info --egg-base ../../build/arm_bringup build --build-base /home/bg99/Documents/Projects/robot-arm/software/arm_ros2_ws/build/arm_bringup/build install --record /home/bg99/Documents/Projects/robot-arm/software/arm_ros2_ws/build/arm_bringup/install.log --install-scripts $base/lib/arm_bringup --single-version-externally-managed install_data
