[9.274s] Invoking command in '/home/bg99/Documents/Projects/robot-arm/software/arm_ros2_ws/src/stm32_bridge': PYTHONPATH=/home/bg99/Documents/Projects/robot-arm/software/arm_ros2_ws/build/stm32_bridge/prefix_override:/usr/lib/python3/dist-packages/colcon_core/task/python/colcon_distutils_commands:/home/bg99/Documents/Projects/robot-arm/software/arm_ros2_ws/install/stm32_bridge/lib/python3.8/site-packages:${PYTHONPATH} /usr/bin/python3 -W ignore:setup.py install is deprecated -W ignore:easy_install command is deprecated setup.py egg_info --egg-base ../../build/stm32_bridge build --build-base /home/bg99/Documents/Projects/robot-arm/software/arm_ros2_ws/build/stm32_bridge/build install --record /home/bg99/Documents/Projects/robot-arm/software/arm_ros2_ws/build/stm32_bridge/install.log --install-scripts $base/lib/stm32_bridge --single-version-externally-managed install_data
[10.374s] /usr/local/lib/python3.8/dist-packages/setuptools/dist.py:717: UserWarning: Usage of dash-separated 'script-dir' will not be supported in future versions. Please use the underscore name 'script_dir' instead
[10.375s]   warnings.warn(
[10.524s] running egg_info
[10.527s] writing ../../build/stm32_bridge/stm32_bridge.egg-info/PKG-INFO
[10.528s] writing dependency_links to ../../build/stm32_bridge/stm32_bridge.egg-info/dependency_links.txt
[10.529s] writing entry points to ../../build/stm32_bridge/stm32_bridge.egg-info/entry_points.txt
[10.531s] writing requirements to ../../build/stm32_bridge/stm32_bridge.egg-info/requires.txt
[10.531s] writing top-level names to ../../build/stm32_bridge/stm32_bridge.egg-info/top_level.txt
[10.543s] reading manifest file '../../build/stm32_bridge/stm32_bridge.egg-info/SOURCES.txt'
[10.547s] writing manifest file '../../build/stm32_bridge/stm32_bridge.egg-info/SOURCES.txt'
[10.548s] running build
[10.548s] running build_py
[10.549s] copying stm32_bridge/protocol.py -> /home/bg99/Documents/Projects/robot-arm/software/arm_ros2_ws/build/stm32_bridge/build/lib/stm32_bridge
[10.551s] running install
[10.555s] running install_lib
[10.560s] copying /home/bg99/Documents/Projects/robot-arm/software/arm_ros2_ws/build/stm32_bridge/build/lib/stm32_bridge/protocol.py -> /home/bg99/Documents/Projects/robot-arm/software/arm_ros2_ws/install/stm32_bridge/lib/python3.8/site-packages/stm32_bridge
[10.563s] byte-compiling /home/bg99/Documents/Projects/robot-arm/software/arm_ros2_ws/install/stm32_bridge/lib/python3.8/site-packages/stm32_bridge/protocol.py to protocol.cpython-38.pyc
[10.568s] running install_data
[10.568s] running install_egg_info
[10.576s] removing '/home/bg99/Documents/Projects/robot-arm/software/arm_ros2_ws/install/stm32_bridge/lib/python3.8/site-packages/stm32_bridge-0.0.0-py3.8.egg-info' (and everything under it)
[10.577s] Copying ../../build/stm32_bridge/stm32_bridge.egg-info to /home/bg99/Documents/Projects/robot-arm/software/arm_ros2_ws/install/stm32_bridge/lib/python3.8/site-packages/stm32_bridge-0.0.0-py3.8.egg-info
[10.582s] running install_scripts
[10.672s] Installing stm32_interface_node script to /home/bg99/Documents/Projects/robot-arm/software/arm_ros2_ws/install/stm32_bridge/lib/stm32_bridge
[10.674s] writing list of installed files to '/home/bg99/Documents/Projects/robot-arm/software/arm_ros2_ws/build/stm32_bridge/install.log'
[10.775s] Invoked command in '/home/bg99/Documents/Projects/robot-arm/software/arm_ros2_ws/src/stm32_bridge' returned '0': PYTHONPATH=/home/bg99/Documents/Projects/robot-arm/software/arm_ros2_ws/build/stm32_bridge/prefix_override:/usr/lib/python3/dist-packages/colcon_core/task/python/colcon_distutils_commands:/home/bg99/Documents/Projects/robot-arm/software/arm_ros2_ws/install/stm32_bridge/lib/python3.8/site-packages:${PYTHONPATH} /usr/bin/python3 -W ignore:setup.py install is deprecated -W ignore:easy_install command is deprecated setup.py egg_info --egg-base ../../build/stm32_bridge build --build-base /home/bg99/Documents/Projects/robot-arm/software/arm_ros2_ws/build/stm32_bridge/build install --record /home/bg99/Documents/Projects/robot-arm/software/arm_ros2_ws/build/stm32_bridge/install.log --install-scripts $base/lib/stm32_bridge --single-version-externally-managed install_data
