running egg_info
creating ../../build/arm_bringup/arm_bringup.egg-info
writing ../../build/arm_bringup/arm_bringup.egg-info/PKG-INFO
writing dependency_links to ../../build/arm_bringup/arm_bringup.egg-info/dependency_links.txt
writing entry points to ../../build/arm_bringup/arm_bringup.egg-info/entry_points.txt
writing requirements to ../../build/arm_bringup/arm_bringup.egg-info/requires.txt
writing top-level names to ../../build/arm_bringup/arm_bringup.egg-info/top_level.txt
writing manifest file '../../build/arm_bringup/arm_bringup.egg-info/SOURCES.txt'
reading manifest file '../../build/arm_bringup/arm_bringup.egg-info/SOURCES.txt'
writing manifest file '../../build/arm_bringup/arm_bringup.egg-info/SOURCES.txt'
running build
running build_py
creating /home/bg99/Documents/Projects/robot-arm/software/arm_ros2_ws/build/arm_bringup/build
creating /home/bg99/Documents/Projects/robot-arm/software/arm_ros2_ws/build/arm_bringup/build/lib
creating /home/bg99/Documents/Projects/robot-arm/software/arm_ros2_ws/build/arm_bringup/build/lib/arm_bringup
copying arm_bringup/__init__.py -> /home/bg99/Documents/Projects/robot-arm/software/arm_ros2_ws/build/arm_bringup/build/lib/arm_bringup
running install
running install_lib
creating /home/bg99/Documents/Projects/robot-arm/software/arm_ros2_ws/install/arm_bringup/lib/python3.8/site-packages/arm_bringup
copying /home/bg99/Documents/Projects/robot-arm/software/arm_ros2_ws/build/arm_bringup/build/lib/arm_bringup/__init__.py -> /home/bg99/Documents/Projects/robot-arm/software/arm_ros2_ws/install/arm_bringup/lib/python3.8/site-packages/arm_bringup
byte-compiling /home/bg99/Documents/Projects/robot-arm/software/arm_ros2_ws/install/arm_bringup/lib/python3.8/site-packages/arm_bringup/__init__.py to __init__.cpython-38.pyc
running install_data
copying resource/arm_bringup -> /home/bg99/Documents/Projects/robot-arm/software/arm_ros2_ws/install/arm_bringup/share/ament_index/resource_index/packages
copying package.xml -> /home/bg99/Documents/Projects/robot-arm/software/arm_ros2_ws/install/arm_bringup/share/arm_bringup
running install_egg_info
Copying ../../build/arm_bringup/arm_bringup.egg-info to /home/bg99/Documents/Projects/robot-arm/software/arm_ros2_ws/install/arm_bringup/lib/python3.8/site-packages/arm_bringup-0.0.0-py3.8.egg-info
running install_scripts
writing list of installed files to '/home/bg99/Documents/Projects/robot-arm/software/arm_ros2_ws/build/arm_bringup/install.log'
