[4.170s] Invoking command in '/home/bg99/Documents/Projects/robot-arm/software/arm_ros2_ws/src/arm_bringup': PYTHONPATH=/home/bg99/Documents/Projects/robot-arm/software/arm_ros2_ws/build/arm_bringup/prefix_override:/usr/lib/python3/dist-packages/colcon_core/task/python/colcon_distutils_commands:/home/bg99/Documents/Projects/robot-arm/software/arm_ros2_ws/install/arm_bringup/lib/python3.8/site-packages:${PYTHONPATH} /usr/bin/python3 -W ignore:setup.py install is deprecated -W ignore:easy_install command is deprecated setup.py egg_info --egg-base ../../build/arm_bringup build --build-base /home/bg99/Documents/Projects/robot-arm/software/arm_ros2_ws/build/arm_bringup/build install --record /home/bg99/Documents/Projects/robot-arm/software/arm_ros2_ws/build/arm_bringup/install.log --install-scripts $base/lib/arm_bringup --single-version-externally-managed install_data
[5.599s] /usr/local/lib/python3.8/dist-packages/setuptools/dist.py:717: UserWarning: Usage of dash-separated 'script-dir' will not be supported in future versions. Please use the underscore name 'script_dir' instead
[5.600s]   warnings.warn(
[5.601s] running egg_info
[5.602s] creating ../../build/arm_bringup/arm_bringup.egg-info
[5.603s] writing ../../build/arm_bringup/arm_bringup.egg-info/PKG-INFO
[5.604s] writing dependency_links to ../../build/arm_bringup/arm_bringup.egg-info/dependency_links.txt
[5.604s] writing entry points to ../../build/arm_bringup/arm_bringup.egg-info/entry_points.txt
[5.605s] writing requirements to ../../build/arm_bringup/arm_bringup.egg-info/requires.txt
[5.605s] writing top-level names to ../../build/arm_bringup/arm_bringup.egg-info/top_level.txt
[5.607s] writing manifest file '../../build/arm_bringup/arm_bringup.egg-info/SOURCES.txt'
[5.613s] reading manifest file '../../build/arm_bringup/arm_bringup.egg-info/SOURCES.txt'
[5.618s] writing manifest file '../../build/arm_bringup/arm_bringup.egg-info/SOURCES.txt'
[5.619s] running build
[5.619s] running build_py
[5.620s] creating /home/bg99/Documents/Projects/robot-arm/software/arm_ros2_ws/build/arm_bringup/build
[5.620s] creating /home/bg99/Documents/Projects/robot-arm/software/arm_ros2_ws/build/arm_bringup/build/lib
[5.620s] creating /home/bg99/Documents/Projects/robot-arm/software/arm_ros2_ws/build/arm_bringup/build/lib/arm_bringup
[5.621s] copying arm_bringup/__init__.py -> /home/bg99/Documents/Projects/robot-arm/software/arm_ros2_ws/build/arm_bringup/build/lib/arm_bringup
[5.621s] running install
[5.622s] running install_lib
[5.626s] creating /home/bg99/Documents/Projects/robot-arm/software/arm_ros2_ws/install/arm_bringup/lib/python3.8/site-packages/arm_bringup
[5.626s] copying /home/bg99/Documents/Projects/robot-arm/software/arm_ros2_ws/build/arm_bringup/build/lib/arm_bringup/__init__.py -> /home/bg99/Documents/Projects/robot-arm/software/arm_ros2_ws/install/arm_bringup/lib/python3.8/site-packages/arm_bringup
[5.628s] byte-compiling /home/bg99/Documents/Projects/robot-arm/software/arm_ros2_ws/install/arm_bringup/lib/python3.8/site-packages/arm_bringup/__init__.py to __init__.cpython-38.pyc
[5.629s] running install_data
[5.630s] copying resource/arm_bringup -> /home/bg99/Documents/Projects/robot-arm/software/arm_ros2_ws/install/arm_bringup/share/ament_index/resource_index/packages
[5.630s] copying package.xml -> /home/bg99/Documents/Projects/robot-arm/software/arm_ros2_ws/install/arm_bringup/share/arm_bringup
[5.631s] running install_egg_info
[5.637s] Copying ../../build/arm_bringup/arm_bringup.egg-info to /home/bg99/Documents/Projects/robot-arm/software/arm_ros2_ws/install/arm_bringup/lib/python3.8/site-packages/arm_bringup-0.0.0-py3.8.egg-info
[5.640s] running install_scripts
[5.714s] writing list of installed files to '/home/bg99/Documents/Projects/robot-arm/software/arm_ros2_ws/build/arm_bringup/install.log'
[5.867s] Invoked command in '/home/bg99/Documents/Projects/robot-arm/software/arm_ros2_ws/src/arm_bringup' returned '0': PYTHONPATH=/home/bg99/Documents/Projects/robot-arm/software/arm_ros2_ws/build/arm_bringup/prefix_override:/usr/lib/python3/dist-packages/colcon_core/task/python/colcon_distutils_commands:/home/bg99/Documents/Projects/robot-arm/software/arm_ros2_ws/install/arm_bringup/lib/python3.8/site-packages:${PYTHONPATH} /usr/bin/python3 -W ignore:setup.py install is deprecated -W ignore:easy_install command is deprecated setup.py egg_info --egg-base ../../build/arm_bringup build --build-base /home/bg99/Documents/Projects/robot-arm/software/arm_ros2_ws/build/arm_bringup/build install --record /home/bg99/Documents/Projects/robot-arm/software/arm_ros2_ws/build/arm_bringup/install.log --install-scripts $base/lib/arm_bringup --single-version-externally-managed install_data
