[0.883s] DEBUG:colcon:Command line arguments: ['/usr/bin/colcon', 'build']
[0.883s] DEBUG:colcon:Parsed command line arguments: Namespace(allow_overriding=[], ament_cmake_args=None, base_paths=['.'], build_base='build', catkin_cmake_args=None, catkin_skip_building_tests=False, cmake_args=None, cmake_clean_cache=False, cmake_clean_first=False, cmake_force_configure=False, cmake_target=None, cmake_target_skip_unavailable=False, continue_on_error=False, event_handlers=None, executor='parallel', ignore_user_meta=False, install_base='install', log_base=None, log_level=None, main=<bound method BuildVerb.main of <colcon_core.verb.build.BuildVerb object at 0x7f98bc6070>>, merge_install=False, metas=['./colcon.meta'], packages_above=None, packages_above_and_dependencies=None, packages_above_depth=None, packages_end=None, packages_ignore=None, packages_ignore_regex=None, packages_select=None, packages_select_build_failed=False, packages_select_by_dep=None, packages_select_regex=None, packages_select_test_failures=False, packages_skip=None, packages_skip_build_finished=False, packages_skip_by_dep=None, packages_skip_regex=None, packages_skip_test_passed=False, packages_skip_up_to=None, packages_start=None, packages_up_to=None, packages_up_to_regex=None, parallel_workers=4, paths=None, symlink_install=False, test_result_base=None, verb_extension=<colcon_core.verb.build.BuildVerb object at 0x7f98bc6070>, verb_name='build', verb_parser=<colcon_defaults.argument_parser.defaults.DefaultArgumentsDecorator object at 0x7f98b49e50>)
[1.937s] Level 1:colcon.colcon_core.package_discovery:discover_packages(colcon_meta) check parameters
[1.937s] Level 1:colcon.colcon_core.package_discovery:discover_packages(recursive) check parameters
[1.938s] Level 1:colcon.colcon_core.package_discovery:discover_packages(ignore) check parameters
[1.938s] Level 1:colcon.colcon_core.package_discovery:discover_packages(path) check parameters
[1.938s] Level 1:colcon.colcon_core.package_discovery:discover_packages(colcon_meta) discover
[1.938s] Level 1:colcon.colcon_core.package_discovery:discover_packages(recursive) discover
[1.938s] INFO:colcon.colcon_core.package_discovery:Crawling recursively for packages in '/home/bg99/Documents/Projects/robot-arm/software/arm_ros2_ws'
[1.939s] Level 1:colcon.colcon_core.package_identification:_identify(.) by extensions ['ignore', 'ignore_ament_install']
[1.939s] Level 1:colcon.colcon_core.package_identification:_identify(.) by extension 'ignore'
[1.939s] Level 1:colcon.colcon_core.package_identification:_identify(.) by extension 'ignore_ament_install'
[1.939s] Level 1:colcon.colcon_core.package_identification:_identify(.) by extensions ['colcon_pkg']
[1.940s] Level 1:colcon.colcon_core.package_identification:_identify(.) by extension 'colcon_pkg'
[1.940s] Level 1:colcon.colcon_core.package_identification:_identify(.) by extensions ['colcon_meta']
[1.940s] Level 1:colcon.colcon_core.package_identification:_identify(.) by extension 'colcon_meta'
[1.940s] Level 1:colcon.colcon_core.package_identification:_identify(.) by extensions ['ros']
[1.940s] Level 1:colcon.colcon_core.package_identification:_identify(.) by extension 'ros'
[2.041s] Level 1:colcon.colcon_core.package_identification:_identify(.) by extensions ['cmake', 'python']
[2.041s] Level 1:colcon.colcon_core.package_identification:_identify(.) by extension 'cmake'
[2.041s] Level 1:colcon.colcon_core.package_identification:_identify(.) by extension 'python'
[2.041s] Level 1:colcon.colcon_core.package_identification:_identify(.) by extensions ['python_setup_py']
[2.041s] Level 1:colcon.colcon_core.package_identification:_identify(.) by extension 'python_setup_py'
[2.042s] Level 1:colcon.colcon_core.package_identification:_identify(build) by extensions ['ignore', 'ignore_ament_install']
[2.042s] Level 1:colcon.colcon_core.package_identification:_identify(build) by extension 'ignore'
[2.042s] Level 1:colcon.colcon_core.package_identification:_identify(build) ignored
[2.043s] Level 1:colcon.colcon_core.package_identification:_identify(install) by extensions ['ignore', 'ignore_ament_install']
[2.043s] Level 1:colcon.colcon_core.package_identification:_identify(install) by extension 'ignore'
[2.043s] Level 1:colcon.colcon_core.package_identification:_identify(install) ignored
[2.044s] Level 1:colcon.colcon_core.package_identification:_identify(log) by extensions ['ignore', 'ignore_ament_install']
[2.044s] Level 1:colcon.colcon_core.package_identification:_identify(log) by extension 'ignore'
[2.044s] Level 1:colcon.colcon_core.package_identification:_identify(log) ignored
[2.045s] Level 1:colcon.colcon_core.package_identification:_identify(src) by extensions ['ignore', 'ignore_ament_install']
[2.045s] Level 1:colcon.colcon_core.package_identification:_identify(src) by extension 'ignore'
[2.045s] Level 1:colcon.colcon_core.package_identification:_identify(src) by extension 'ignore_ament_install'
[2.045s] Level 1:colcon.colcon_core.package_identification:_identify(src) by extensions ['colcon_pkg']
[2.046s] Level 1:colcon.colcon_core.package_identification:_identify(src) by extension 'colcon_pkg'
[2.046s] Level 1:colcon.colcon_core.package_identification:_identify(src) by extensions ['colcon_meta']
[2.046s] Level 1:colcon.colcon_core.package_identification:_identify(src) by extension 'colcon_meta'
[2.046s] Level 1:colcon.colcon_core.package_identification:_identify(src) by extensions ['ros']
[2.046s] Level 1:colcon.colcon_core.package_identification:_identify(src) by extension 'ros'
[2.047s] Level 1:colcon.colcon_core.package_identification:_identify(src) by extensions ['cmake', 'python']
[2.047s] Level 1:colcon.colcon_core.package_identification:_identify(src) by extension 'cmake'
[2.047s] Level 1:colcon.colcon_core.package_identification:_identify(src) by extension 'python'
[2.047s] Level 1:colcon.colcon_core.package_identification:_identify(src) by extensions ['python_setup_py']
[2.047s] Level 1:colcon.colcon_core.package_identification:_identify(src) by extension 'python_setup_py'
[2.047s] Level 1:colcon.colcon_core.package_discovery:discover_packages(recursive) using defaults
[2.048s] Level 1:colcon.colcon_core.package_discovery:discover_packages(ignore) discover
[2.048s] Level 1:colcon.colcon_core.package_discovery:discover_packages(ignore) using defaults
[2.048s] Level 1:colcon.colcon_core.package_discovery:discover_packages(path) discover
[2.048s] Level 1:colcon.colcon_core.package_discovery:discover_packages(path) using defaults
[2.143s] Level 1:colcon.colcon_core.package_discovery:discover_packages(prefix_path) check parameters
[2.144s] Level 1:colcon.colcon_core.package_discovery:discover_packages(prefix_path) discover
[2.154s] DEBUG:colcon.colcon_installed_package_information.package_discovery:Found 259 installed packages in /opt/ros/foxy
[2.163s] Level 1:colcon.colcon_core.package_discovery:discover_packages(prefix_path) using defaults
[2.461s] INFO:colcon.colcon_core.executor:Executing jobs using 'parallel' executor
[2.464s] DEBUG:colcon.colcon_parallel_executor.executor.parallel:run_until_complete
[2.465s] DEBUG:colcon.colcon_parallel_executor.executor.parallel:closing loop
[2.466s] DEBUG:colcon.colcon_parallel_executor.executor.parallel:loop closed
[2.466s] DEBUG:colcon.colcon_parallel_executor.executor.parallel:run_until_complete finished with '0'
[2.466s] DEBUG:colcon.colcon_core.event_reactor:joining thread
[2.467s] DEBUG:colcon.colcon_core.event_reactor:joined thread
[2.474s] INFO:colcon.colcon_core.plugin_system:Skipping extension 'colcon_core.shell.bat': Not used on non-Windows systems
[2.475s] INFO:colcon.colcon_core.shell:Creating prefix script '/home/bg99/Documents/Projects/robot-arm/software/arm_ros2_ws/install/local_setup.ps1'
[2.478s] INFO:colcon.colcon_core.shell:Creating prefix util module '/home/bg99/Documents/Projects/robot-arm/software/arm_ros2_ws/install/_local_setup_util_ps1.py'
[2.484s] INFO:colcon.colcon_core.shell:Creating prefix chain script '/home/bg99/Documents/Projects/robot-arm/software/arm_ros2_ws/install/setup.ps1'
[2.488s] INFO:colcon.colcon_core.shell:Creating prefix script '/home/bg99/Documents/Projects/robot-arm/software/arm_ros2_ws/install/local_setup.sh'
[2.491s] INFO:colcon.colcon_core.shell:Creating prefix util module '/home/bg99/Documents/Projects/robot-arm/software/arm_ros2_ws/install/_local_setup_util_sh.py'
[2.493s] INFO:colcon.colcon_core.shell:Creating prefix chain script '/home/bg99/Documents/Projects/robot-arm/software/arm_ros2_ws/install/setup.sh'
[2.496s] INFO:colcon.colcon_core.shell:Creating prefix script '/home/bg99/Documents/Projects/robot-arm/software/arm_ros2_ws/install/local_setup.bash'
[2.498s] INFO:colcon.colcon_core.shell:Creating prefix chain script '/home/bg99/Documents/Projects/robot-arm/software/arm_ros2_ws/install/setup.bash'
[2.501s] INFO:colcon.colcon_core.shell:Creating prefix script '/home/bg99/Documents/Projects/robot-arm/software/arm_ros2_ws/install/local_setup.zsh'
[2.503s] INFO:colcon.colcon_core.shell:Creating prefix chain script '/home/bg99/Documents/Projects/robot-arm/software/arm_ros2_ws/install/setup.zsh'
