[4.893s] Invoking command in '/home/bg99/Documents/Projects/robot-arm/software/arm_ros2_ws/src/stm32_bridge': PYTHONPATH=/home/bg99/Documents/Projects/robot-arm/software/arm_ros2_ws/build/stm32_bridge/prefix_override:/usr/lib/python3/dist-packages/colcon_core/task/python/colcon_distutils_commands:/home/bg99/Documents/Projects/robot-arm/software/arm_ros2_ws/install/stm32_bridge/lib/python3.8/site-packages:${PYTHONPATH} /usr/bin/python3 -W ignore:setup.py install is deprecated -W ignore:easy_install command is deprecated setup.py egg_info --egg-base ../../build/stm32_bridge build --build-base /home/bg99/Documents/Projects/robot-arm/software/arm_ros2_ws/build/stm32_bridge/build install --record /home/bg99/Documents/Projects/robot-arm/software/arm_ros2_ws/build/stm32_bridge/install.log --install-scripts $base/lib/stm32_bridge --single-version-externally-managed install_data
[5.884s] /usr/local/lib/python3.8/dist-packages/setuptools/dist.py:717: UserWarning: Usage of dash-separated 'script-dir' will not be supported in future versions. Please use the underscore name 'script_dir' instead
[5.885s]   warnings.warn(
[6.008s] running egg_info
[6.011s] writing ../../build/stm32_bridge/stm32_bridge.egg-info/PKG-INFO
[6.011s] writing dependency_links to ../../build/stm32_bridge/stm32_bridge.egg-info/dependency_links.txt
[6.012s] writing entry points to ../../build/stm32_bridge/stm32_bridge.egg-info/entry_points.txt
[6.013s] writing requirements to ../../build/stm32_bridge/stm32_bridge.egg-info/requires.txt
[6.013s] writing top-level names to ../../build/stm32_bridge/stm32_bridge.egg-info/top_level.txt
[6.024s] reading manifest file '../../build/stm32_bridge/stm32_bridge.egg-info/SOURCES.txt'
[6.028s] writing manifest file '../../build/stm32_bridge/stm32_bridge.egg-info/SOURCES.txt'
[6.028s] running build
[6.029s] running build_py
[6.029s] copying stm32_bridge/protocol.py -> /home/bg99/Documents/Projects/robot-arm/software/arm_ros2_ws/build/stm32_bridge/build/lib/stm32_bridge
[6.031s] running install
[6.034s] running install_lib
[6.038s] copying /home/bg99/Documents/Projects/robot-arm/software/arm_ros2_ws/build/stm32_bridge/build/lib/stm32_bridge/protocol.py -> /home/bg99/Documents/Projects/robot-arm/software/arm_ros2_ws/install/stm32_bridge/lib/python3.8/site-packages/stm32_bridge
[6.040s] byte-compiling /home/bg99/Documents/Projects/robot-arm/software/arm_ros2_ws/install/stm32_bridge/lib/python3.8/site-packages/stm32_bridge/protocol.py to protocol.cpython-38.pyc
[6.042s]   File "/home/bg99/Documents/Projects/robot-arm/software/arm_ros2_ws/install/stm32_bridge/lib/python3.8/site-packages/stm32_bridge/protocol.py", line 108
[6.043s]     self.serial.write_bytes(bytes([b]))
[6.043s]     ^
[6.043s] SyntaxError: invalid syntax
[6.044s] 
[6.044s] running install_data
[6.044s] running install_egg_info
[6.049s] removing '/home/bg99/Documents/Projects/robot-arm/software/arm_ros2_ws/install/stm32_bridge/lib/python3.8/site-packages/stm32_bridge-0.0.0-py3.8.egg-info' (and everything under it)
[6.050s] Copying ../../build/stm32_bridge/stm32_bridge.egg-info to /home/bg99/Documents/Projects/robot-arm/software/arm_ros2_ws/install/stm32_bridge/lib/python3.8/site-packages/stm32_bridge-0.0.0-py3.8.egg-info
[6.053s] running install_scripts
[6.123s] Installing stm32_interface_node script to /home/bg99/Documents/Projects/robot-arm/software/arm_ros2_ws/install/stm32_bridge/lib/stm32_bridge
[6.124s] writing list of installed files to '/home/bg99/Documents/Projects/robot-arm/software/arm_ros2_ws/build/stm32_bridge/install.log'
[6.217s] Invoked command in '/home/bg99/Documents/Projects/robot-arm/software/arm_ros2_ws/src/stm32_bridge' returned '0': PYTHONPATH=/home/bg99/Documents/Projects/robot-arm/software/arm_ros2_ws/build/stm32_bridge/prefix_override:/usr/lib/python3/dist-packages/colcon_core/task/python/colcon_distutils_commands:/home/bg99/Documents/Projects/robot-arm/software/arm_ros2_ws/install/stm32_bridge/lib/python3.8/site-packages:${PYTHONPATH} /usr/bin/python3 -W ignore:setup.py install is deprecated -W ignore:easy_install command is deprecated setup.py egg_info --egg-base ../../build/stm32_bridge build --build-base /home/bg99/Documents/Projects/robot-arm/software/arm_ros2_ws/build/stm32_bridge/build install --record /home/bg99/Documents/Projects/robot-arm/software/arm_ros2_ws/build/stm32_bridge/install.log --install-scripts $base/lib/stm32_bridge --single-version-externally-managed install_data
