[0.848s] DEBUG:colcon:Command line arguments: ['/usr/bin/colcon', 'build']
[0.849s] DEBUG:colcon:Parsed command line arguments: Namespace(allow_overriding=[], ament_cmake_args=None, base_paths=['.'], build_base='build', catkin_cmake_args=None, catkin_skip_building_tests=False, cmake_args=None, cmake_clean_cache=False, cmake_clean_first=False, cmake_force_configure=False, cmake_target=None, cmake_target_skip_unavailable=False, continue_on_error=False, event_handlers=None, executor='parallel', ignore_user_meta=False, install_base='install', log_base=None, log_level=None, main=<bound method BuildVerb.main of <colcon_core.verb.build.BuildVerb object at 0x7fafa6d1f0>>, merge_install=False, metas=['./colcon.meta'], packages_above=None, packages_above_and_dependencies=None, packages_above_depth=None, packages_end=None, packages_ignore=None, packages_ignore_regex=None, packages_select=None, packages_select_build_failed=False, packages_select_by_dep=None, packages_select_regex=None, packages_select_test_failures=False, packages_skip=None, packages_skip_build_finished=False, packages_skip_by_dep=None, packages_skip_regex=None, packages_skip_test_passed=False, packages_skip_up_to=None, packages_start=None, packages_up_to=None, packages_up_to_regex=None, parallel_workers=4, paths=None, symlink_install=False, test_result_base=None, verb_extension=<colcon_core.verb.build.BuildVerb object at 0x7fafa6d1f0>, verb_name='build', verb_parser=<colcon_defaults.argument_parser.defaults.DefaultArgumentsDecorator object at 0x7faf9eff40>)
[1.731s] Level 1:colcon.colcon_core.package_discovery:discover_packages(colcon_meta) check parameters
[1.731s] Level 1:colcon.colcon_core.package_discovery:discover_packages(recursive) check parameters
[1.731s] Level 1:colcon.colcon_core.package_discovery:discover_packages(ignore) check parameters
[1.731s] Level 1:colcon.colcon_core.package_discovery:discover_packages(path) check parameters
[1.732s] Level 1:colcon.colcon_core.package_discovery:discover_packages(colcon_meta) discover
[1.732s] Level 1:colcon.colcon_core.package_discovery:discover_packages(recursive) discover
[1.732s] INFO:colcon.colcon_core.package_discovery:Crawling recursively for packages in '/home/bg99/Documents/Projects/robot-arm/software/arm_ros2_ws'
[1.732s] Level 1:colcon.colcon_core.package_identification:_identify(.) by extensions ['ignore', 'ignore_ament_install']
[1.733s] Level 1:colcon.colcon_core.package_identification:_identify(.) by extension 'ignore'
[1.733s] Level 1:colcon.colcon_core.package_identification:_identify(.) by extension 'ignore_ament_install'
[1.733s] Level 1:colcon.colcon_core.package_identification:_identify(.) by extensions ['colcon_pkg']
[1.733s] Level 1:colcon.colcon_core.package_identification:_identify(.) by extension 'colcon_pkg'
[1.734s] Level 1:colcon.colcon_core.package_identification:_identify(.) by extensions ['colcon_meta']
[1.734s] Level 1:colcon.colcon_core.package_identification:_identify(.) by extension 'colcon_meta'
[1.734s] Level 1:colcon.colcon_core.package_identification:_identify(.) by extensions ['ros']
[1.734s] Level 1:colcon.colcon_core.package_identification:_identify(.) by extension 'ros'
[1.818s] Level 1:colcon.colcon_core.package_identification:_identify(.) by extensions ['cmake', 'python']
[1.818s] Level 1:colcon.colcon_core.package_identification:_identify(.) by extension 'cmake'
[1.818s] Level 1:colcon.colcon_core.package_identification:_identify(.) by extension 'python'
[1.819s] Level 1:colcon.colcon_core.package_identification:_identify(.) by extensions ['python_setup_py']
[1.819s] Level 1:colcon.colcon_core.package_identification:_identify(.) by extension 'python_setup_py'
[1.819s] Level 1:colcon.colcon_core.package_identification:_identify(build) by extensions ['ignore', 'ignore_ament_install']
[1.820s] Level 1:colcon.colcon_core.package_identification:_identify(build) by extension 'ignore'
[1.820s] Level 1:colcon.colcon_core.package_identification:_identify(build) ignored
[1.820s] Level 1:colcon.colcon_core.package_identification:_identify(install) by extensions ['ignore', 'ignore_ament_install']
[1.821s] Level 1:colcon.colcon_core.package_identification:_identify(install) by extension 'ignore'
[1.821s] Level 1:colcon.colcon_core.package_identification:_identify(install) ignored
[1.822s] Level 1:colcon.colcon_core.package_identification:_identify(log) by extensions ['ignore', 'ignore_ament_install']
[1.822s] Level 1:colcon.colcon_core.package_identification:_identify(log) by extension 'ignore'
[1.823s] Level 1:colcon.colcon_core.package_identification:_identify(log) ignored
[1.823s] Level 1:colcon.colcon_core.package_identification:_identify(src) by extensions ['ignore', 'ignore_ament_install']
[1.823s] Level 1:colcon.colcon_core.package_identification:_identify(src) by extension 'ignore'
[1.823s] Level 1:colcon.colcon_core.package_identification:_identify(src) by extension 'ignore_ament_install'
[1.824s] Level 1:colcon.colcon_core.package_identification:_identify(src) by extensions ['colcon_pkg']
[1.824s] Level 1:colcon.colcon_core.package_identification:_identify(src) by extension 'colcon_pkg'
[1.824s] Level 1:colcon.colcon_core.package_identification:_identify(src) by extensions ['colcon_meta']
[1.824s] Level 1:colcon.colcon_core.package_identification:_identify(src) by extension 'colcon_meta'
[1.824s] Level 1:colcon.colcon_core.package_identification:_identify(src) by extensions ['ros']
[1.825s] Level 1:colcon.colcon_core.package_identification:_identify(src) by extension 'ros'
[1.825s] Level 1:colcon.colcon_core.package_identification:_identify(src) by extensions ['cmake', 'python']
[1.825s] Level 1:colcon.colcon_core.package_identification:_identify(src) by extension 'cmake'
[1.825s] Level 1:colcon.colcon_core.package_identification:_identify(src) by extension 'python'
[1.825s] Level 1:colcon.colcon_core.package_identification:_identify(src) by extensions ['python_setup_py']
[1.825s] Level 1:colcon.colcon_core.package_identification:_identify(src) by extension 'python_setup_py'
[1.826s] Level 1:colcon.colcon_core.package_identification:_identify(src/arm_bringup) by extensions ['ignore', 'ignore_ament_install']
[1.826s] Level 1:colcon.colcon_core.package_identification:_identify(src/arm_bringup) by extension 'ignore'
[1.826s] Level 1:colcon.colcon_core.package_identification:_identify(src/arm_bringup) by extension 'ignore_ament_install'
[1.827s] Level 1:colcon.colcon_core.package_identification:_identify(src/arm_bringup) by extensions ['colcon_pkg']
[1.827s] Level 1:colcon.colcon_core.package_identification:_identify(src/arm_bringup) by extension 'colcon_pkg'
[1.827s] Level 1:colcon.colcon_core.package_identification:_identify(src/arm_bringup) by extensions ['colcon_meta']
[1.827s] Level 1:colcon.colcon_core.package_identification:_identify(src/arm_bringup) by extension 'colcon_meta'
[1.827s] Level 1:colcon.colcon_core.package_identification:_identify(src/arm_bringup) by extensions ['ros']
[1.827s] Level 1:colcon.colcon_core.package_identification:_identify(src/arm_bringup) by extension 'ros'
[1.837s] DEBUG:colcon.colcon_core.package_identification:Package 'src/arm_bringup' with type 'ros.ament_python' and name 'arm_bringup'
[1.837s] Level 1:colcon.colcon_core.package_identification:_identify(src/arm_interfaces) by extensions ['ignore', 'ignore_ament_install']
[1.838s] Level 1:colcon.colcon_core.package_identification:_identify(src/arm_interfaces) by extension 'ignore'
[1.838s] Level 1:colcon.colcon_core.package_identification:_identify(src/arm_interfaces) by extension 'ignore_ament_install'
[1.838s] Level 1:colcon.colcon_core.package_identification:_identify(src/arm_interfaces) by extensions ['colcon_pkg']
[1.838s] Level 1:colcon.colcon_core.package_identification:_identify(src/arm_interfaces) by extension 'colcon_pkg'
[1.839s] Level 1:colcon.colcon_core.package_identification:_identify(src/arm_interfaces) by extensions ['colcon_meta']
[1.839s] Level 1:colcon.colcon_core.package_identification:_identify(src/arm_interfaces) by extension 'colcon_meta'
[1.839s] Level 1:colcon.colcon_core.package_identification:_identify(src/arm_interfaces) by extensions ['ros']
[1.839s] Level 1:colcon.colcon_core.package_identification:_identify(src/arm_interfaces) by extension 'ros'
[1.841s] DEBUG:colcon.colcon_core.package_identification:Package 'src/arm_interfaces' with type 'ros.ament_cmake' and name 'arm_interfaces'
[1.842s] Level 1:colcon.colcon_core.package_identification:_identify(src/arm_teleop) by extensions ['ignore', 'ignore_ament_install']
[1.842s] Level 1:colcon.colcon_core.package_identification:_identify(src/arm_teleop) by extension 'ignore'
[1.842s] Level 1:colcon.colcon_core.package_identification:_identify(src/arm_teleop) by extension 'ignore_ament_install'
[1.843s] Level 1:colcon.colcon_core.package_identification:_identify(src/arm_teleop) by extensions ['colcon_pkg']
[1.843s] Level 1:colcon.colcon_core.package_identification:_identify(src/arm_teleop) by extension 'colcon_pkg'
[1.843s] Level 1:colcon.colcon_core.package_identification:_identify(src/arm_teleop) by extensions ['colcon_meta']
[1.843s] Level 1:colcon.colcon_core.package_identification:_identify(src/arm_teleop) by extension 'colcon_meta'
[1.843s] Level 1:colcon.colcon_core.package_identification:_identify(src/arm_teleop) by extensions ['ros']
[1.843s] Level 1:colcon.colcon_core.package_identification:_identify(src/arm_teleop) by extension 'ros'
[1.845s] DEBUG:colcon.colcon_core.package_identification:Package 'src/arm_teleop' with type 'ros.ament_python' and name 'arm_teleop'
[1.846s] Level 1:colcon.colcon_core.package_identification:_identify(src/stm32_bridge) by extensions ['ignore', 'ignore_ament_install']
[1.846s] Level 1:colcon.colcon_core.package_identification:_identify(src/stm32_bridge) by extension 'ignore'
[1.846s] Level 1:colcon.colcon_core.package_identification:_identify(src/stm32_bridge) by extension 'ignore_ament_install'
[1.847s] Level 1:colcon.colcon_core.package_identification:_identify(src/stm32_bridge) by extensions ['colcon_pkg']
[1.847s] Level 1:colcon.colcon_core.package_identification:_identify(src/stm32_bridge) by extension 'colcon_pkg'
[1.847s] Level 1:colcon.colcon_core.package_identification:_identify(src/stm32_bridge) by extensions ['colcon_meta']
[1.847s] Level 1:colcon.colcon_core.package_identification:_identify(src/stm32_bridge) by extension 'colcon_meta'
[1.847s] Level 1:colcon.colcon_core.package_identification:_identify(src/stm32_bridge) by extensions ['ros']
[1.847s] Level 1:colcon.colcon_core.package_identification:_identify(src/stm32_bridge) by extension 'ros'
[1.849s] DEBUG:colcon.colcon_core.package_identification:Package 'src/stm32_bridge' with type 'ros.ament_python' and name 'stm32_bridge'
[1.849s] Level 1:colcon.colcon_core.package_discovery:discover_packages(recursive) using defaults
[1.850s] Level 1:colcon.colcon_core.package_discovery:discover_packages(ignore) discover
[1.850s] Level 1:colcon.colcon_core.package_discovery:discover_packages(ignore) using defaults
[1.850s] Level 1:colcon.colcon_core.package_discovery:discover_packages(path) discover
[1.850s] Level 1:colcon.colcon_core.package_discovery:discover_packages(path) using defaults
[1.926s] Level 1:colcon.colcon_core.package_discovery:discover_packages(prefix_path) check parameters
[1.926s] Level 1:colcon.colcon_core.package_discovery:discover_packages(prefix_path) discover
[1.937s] DEBUG:colcon.colcon_installed_package_information.package_discovery:Found 259 installed packages in /opt/ros/foxy
[1.948s] Level 1:colcon.colcon_core.package_discovery:discover_packages(prefix_path) using defaults
[2.239s] Level 5:colcon.colcon_core.verb:set package 'arm_bringup' build argument 'cmake_args' from command line to 'None'
[2.239s] Level 5:colcon.colcon_core.verb:set package 'arm_bringup' build argument 'cmake_target' from command line to 'None'
[2.239s] Level 5:colcon.colcon_core.verb:set package 'arm_bringup' build argument 'cmake_target_skip_unavailable' from command line to 'False'
[2.240s] Level 5:colcon.colcon_core.verb:set package 'arm_bringup' build argument 'cmake_clean_cache' from command line to 'False'
[2.240s] Level 5:colcon.colcon_core.verb:set package 'arm_bringup' build argument 'cmake_clean_first' from command line to 'False'
[2.240s] Level 5:colcon.colcon_core.verb:set package 'arm_bringup' build argument 'cmake_force_configure' from command line to 'False'
[2.240s] Level 5:colcon.colcon_core.verb:set package 'arm_bringup' build argument 'ament_cmake_args' from command line to 'None'
[2.240s] Level 5:colcon.colcon_core.verb:set package 'arm_bringup' build argument 'catkin_cmake_args' from command line to 'None'
[2.240s] Level 5:colcon.colcon_core.verb:set package 'arm_bringup' build argument 'catkin_skip_building_tests' from command line to 'False'
[2.240s] DEBUG:colcon.colcon_core.verb:Building package 'arm_bringup' with the following arguments: {'ament_cmake_args': None, 'build_base': '/home/bg99/Documents/Projects/robot-arm/software/arm_ros2_ws/build/arm_bringup', 'catkin_cmake_args': None, 'catkin_skip_building_tests': False, 'cmake_args': None, 'cmake_clean_cache': False, 'cmake_clean_first': False, 'cmake_force_configure': False, 'cmake_target': None, 'cmake_target_skip_unavailable': False, 'install_base': '/home/bg99/Documents/Projects/robot-arm/software/arm_ros2_ws/install/arm_bringup', 'merge_install': False, 'path': '/home/bg99/Documents/Projects/robot-arm/software/arm_ros2_ws/src/arm_bringup', 'symlink_install': False, 'test_result_base': None}
[2.242s] Level 5:colcon.colcon_core.verb:set package 'arm_interfaces' build argument 'cmake_args' from command line to 'None'
[2.242s] Level 5:colcon.colcon_core.verb:set package 'arm_interfaces' build argument 'cmake_target' from command line to 'None'
[2.243s] Level 5:colcon.colcon_core.verb:set package 'arm_interfaces' build argument 'cmake_target_skip_unavailable' from command line to 'False'
[2.243s] Level 5:colcon.colcon_core.verb:set package 'arm_interfaces' build argument 'cmake_clean_cache' from command line to 'False'
[2.243s] Level 5:colcon.colcon_core.verb:set package 'arm_interfaces' build argument 'cmake_clean_first' from command line to 'False'
[2.243s] Level 5:colcon.colcon_core.verb:set package 'arm_interfaces' build argument 'cmake_force_configure' from command line to 'False'
[2.243s] Level 5:colcon.colcon_core.verb:set package 'arm_interfaces' build argument 'ament_cmake_args' from command line to 'None'
[2.243s] Level 5:colcon.colcon_core.verb:set package 'arm_interfaces' build argument 'catkin_cmake_args' from command line to 'None'
[2.243s] Level 5:colcon.colcon_core.verb:set package 'arm_interfaces' build argument 'catkin_skip_building_tests' from command line to 'False'
[2.244s] DEBUG:colcon.colcon_core.verb:Building package 'arm_interfaces' with the following arguments: {'ament_cmake_args': None, 'build_base': '/home/bg99/Documents/Projects/robot-arm/software/arm_ros2_ws/build/arm_interfaces', 'catkin_cmake_args': None, 'catkin_skip_building_tests': False, 'cmake_args': None, 'cmake_clean_cache': False, 'cmake_clean_first': False, 'cmake_force_configure': False, 'cmake_target': None, 'cmake_target_skip_unavailable': False, 'install_base': '/home/bg99/Documents/Projects/robot-arm/software/arm_ros2_ws/install/arm_interfaces', 'merge_install': False, 'path': '/home/bg99/Documents/Projects/robot-arm/software/arm_ros2_ws/src/arm_interfaces', 'symlink_install': False, 'test_result_base': None}
[2.245s] Level 5:colcon.colcon_core.verb:set package 'arm_teleop' build argument 'cmake_args' from command line to 'None'
[2.245s] Level 5:colcon.colcon_core.verb:set package 'arm_teleop' build argument 'cmake_target' from command line to 'None'
[2.245s] Level 5:colcon.colcon_core.verb:set package 'arm_teleop' build argument 'cmake_target_skip_unavailable' from command line to 'False'
[2.246s] Level 5:colcon.colcon_core.verb:set package 'arm_teleop' build argument 'cmake_clean_cache' from command line to 'False'
[2.246s] Level 5:colcon.colcon_core.verb:set package 'arm_teleop' build argument 'cmake_clean_first' from command line to 'False'
[2.246s] Level 5:colcon.colcon_core.verb:set package 'arm_teleop' build argument 'cmake_force_configure' from command line to 'False'
[2.246s] Level 5:colcon.colcon_core.verb:set package 'arm_teleop' build argument 'ament_cmake_args' from command line to 'None'
[2.246s] Level 5:colcon.colcon_core.verb:set package 'arm_teleop' build argument 'catkin_cmake_args' from command line to 'None'
[2.246s] Level 5:colcon.colcon_core.verb:set package 'arm_teleop' build argument 'catkin_skip_building_tests' from command line to 'False'
[2.246s] DEBUG:colcon.colcon_core.verb:Building package 'arm_teleop' with the following arguments: {'ament_cmake_args': None, 'build_base': '/home/bg99/Documents/Projects/robot-arm/software/arm_ros2_ws/build/arm_teleop', 'catkin_cmake_args': None, 'catkin_skip_building_tests': False, 'cmake_args': None, 'cmake_clean_cache': False, 'cmake_clean_first': False, 'cmake_force_configure': False, 'cmake_target': None, 'cmake_target_skip_unavailable': False, 'install_base': '/home/bg99/Documents/Projects/robot-arm/software/arm_ros2_ws/install/arm_teleop', 'merge_install': False, 'path': '/home/bg99/Documents/Projects/robot-arm/software/arm_ros2_ws/src/arm_teleop', 'symlink_install': False, 'test_result_base': None}
[2.248s] Level 5:colcon.colcon_core.verb:set package 'stm32_bridge' build argument 'cmake_args' from command line to 'None'
[2.248s] Level 5:colcon.colcon_core.verb:set package 'stm32_bridge' build argument 'cmake_target' from command line to 'None'
[2.248s] Level 5:colcon.colcon_core.verb:set package 'stm32_bridge' build argument 'cmake_target_skip_unavailable' from command line to 'False'
[2.248s] Level 5:colcon.colcon_core.verb:set package 'stm32_bridge' build argument 'cmake_clean_cache' from command line to 'False'
[2.249s] Level 5:colcon.colcon_core.verb:set package 'stm32_bridge' build argument 'cmake_clean_first' from command line to 'False'
[2.249s] Level 5:colcon.colcon_core.verb:set package 'stm32_bridge' build argument 'cmake_force_configure' from command line to 'False'
[2.249s] Level 5:colcon.colcon_core.verb:set package 'stm32_bridge' build argument 'ament_cmake_args' from command line to 'None'
[2.249s] Level 5:colcon.colcon_core.verb:set package 'stm32_bridge' build argument 'catkin_cmake_args' from command line to 'None'
[2.249s] Level 5:colcon.colcon_core.verb:set package 'stm32_bridge' build argument 'catkin_skip_building_tests' from command line to 'False'
[2.249s] DEBUG:colcon.colcon_core.verb:Building package 'stm32_bridge' with the following arguments: {'ament_cmake_args': None, 'build_base': '/home/bg99/Documents/Projects/robot-arm/software/arm_ros2_ws/build/stm32_bridge', 'catkin_cmake_args': None, 'catkin_skip_building_tests': False, 'cmake_args': None, 'cmake_clean_cache': False, 'cmake_clean_first': False, 'cmake_force_configure': False, 'cmake_target': None, 'cmake_target_skip_unavailable': False, 'install_base': '/home/bg99/Documents/Projects/robot-arm/software/arm_ros2_ws/install/stm32_bridge', 'merge_install': False, 'path': '/home/bg99/Documents/Projects/robot-arm/software/arm_ros2_ws/src/stm32_bridge', 'symlink_install': False, 'test_result_base': None}
[2.250s] INFO:colcon.colcon_core.executor:Executing jobs using 'parallel' executor
[2.253s] DEBUG:colcon.colcon_parallel_executor.executor.parallel:run_until_complete
[2.254s] INFO:colcon.colcon_ros.task.ament_python.build:Building ROS package in '/home/bg99/Documents/Projects/robot-arm/software/arm_ros2_ws/src/arm_bringup' with build type 'ament_python'
[2.254s] Level 1:colcon.colcon_core.shell:create_environment_hook('arm_bringup', 'ament_prefix_path')
[2.262s] INFO:colcon.colcon_core.plugin_system:Skipping extension 'colcon_core.shell.bat': Not used on non-Windows systems
[2.263s] INFO:colcon.colcon_core.shell:Creating environment hook '/home/bg99/Documents/Projects/robot-arm/software/arm_ros2_ws/install/arm_bringup/share/arm_bringup/hook/ament_prefix_path.ps1'
[2.266s] INFO:colcon.colcon_core.shell:Creating environment descriptor '/home/bg99/Documents/Projects/robot-arm/software/arm_ros2_ws/install/arm_bringup/share/arm_bringup/hook/ament_prefix_path.dsv'
[2.268s] INFO:colcon.colcon_core.shell:Creating environment hook '/home/bg99/Documents/Projects/robot-arm/software/arm_ros2_ws/install/arm_bringup/share/arm_bringup/hook/ament_prefix_path.sh'
[2.271s] INFO:colcon.colcon_core.shell:Skip shell extension 'powershell' for command environment: Not usable outside of PowerShell
[2.271s] DEBUG:colcon.colcon_core.shell:Skip shell extension 'dsv' for command environment
[2.287s] INFO:colcon.colcon_ros.task.ament_cmake.build:Building ROS package in '/home/bg99/Documents/Projects/robot-arm/software/arm_ros2_ws/src/arm_interfaces' with build type 'ament_cmake'
[2.288s] INFO:colcon.colcon_cmake.task.cmake.build:Building CMake package in '/home/bg99/Documents/Projects/robot-arm/software/arm_ros2_ws/src/arm_interfaces'
[2.289s] INFO:colcon.colcon_core.shell:Skip shell extension 'powershell' for command environment: Not usable outside of PowerShell
[2.289s] DEBUG:colcon.colcon_core.shell:Skip shell extension 'dsv' for command environment
[2.305s] INFO:colcon.colcon_ros.task.ament_python.build:Building ROS package in '/home/bg99/Documents/Projects/robot-arm/software/arm_ros2_ws/src/arm_teleop' with build type 'ament_python'
[2.306s] Level 1:colcon.colcon_core.shell:create_environment_hook('arm_teleop', 'ament_prefix_path')
[2.308s] INFO:colcon.colcon_core.shell:Creating environment hook '/home/bg99/Documents/Projects/robot-arm/software/arm_ros2_ws/install/arm_teleop/share/arm_teleop/hook/ament_prefix_path.ps1'
[2.311s] INFO:colcon.colcon_core.shell:Creating environment descriptor '/home/bg99/Documents/Projects/robot-arm/software/arm_ros2_ws/install/arm_teleop/share/arm_teleop/hook/ament_prefix_path.dsv'
[2.312s] INFO:colcon.colcon_core.shell:Creating environment hook '/home/bg99/Documents/Projects/robot-arm/software/arm_ros2_ws/install/arm_teleop/share/arm_teleop/hook/ament_prefix_path.sh'
[2.314s] INFO:colcon.colcon_core.shell:Skip shell extension 'powershell' for command environment: Not usable outside of PowerShell
[2.315s] DEBUG:colcon.colcon_core.shell:Skip shell extension 'dsv' for command environment
[2.329s] INFO:colcon.colcon_ros.task.ament_python.build:Building ROS package in '/home/bg99/Documents/Projects/robot-arm/software/arm_ros2_ws/src/stm32_bridge' with build type 'ament_python'
[2.330s] Level 1:colcon.colcon_core.shell:create_environment_hook('stm32_bridge', 'ament_prefix_path')
[2.332s] INFO:colcon.colcon_core.shell:Creating environment hook '/home/bg99/Documents/Projects/robot-arm/software/arm_ros2_ws/install/stm32_bridge/share/stm32_bridge/hook/ament_prefix_path.ps1'
[2.334s] INFO:colcon.colcon_core.shell:Creating environment descriptor '/home/bg99/Documents/Projects/robot-arm/software/arm_ros2_ws/install/stm32_bridge/share/stm32_bridge/hook/ament_prefix_path.dsv'
[2.336s] INFO:colcon.colcon_core.shell:Creating environment hook '/home/bg99/Documents/Projects/robot-arm/software/arm_ros2_ws/install/stm32_bridge/share/stm32_bridge/hook/ament_prefix_path.sh'
[2.338s] INFO:colcon.colcon_core.shell:Skip shell extension 'powershell' for command environment: Not usable outside of PowerShell
[2.338s] DEBUG:colcon.colcon_core.shell:Skip shell extension 'dsv' for command environment
[3.506s] INFO:colcon.colcon_core.task.python.build:Building Python package in '/home/bg99/Documents/Projects/robot-arm/software/arm_ros2_ws/src/arm_bringup'
[3.507s] INFO:colcon.colcon_core.shell:Skip shell extension 'powershell' for command environment: Not usable outside of PowerShell
[3.508s] DEBUG:colcon.colcon_core.shell:Skip shell extension 'dsv' for command environment
[3.538s] DEBUG:colcon.colcon_core.event_handler.log_command:Invoking command in '/home/bg99/Documents/Projects/robot-arm/software/arm_ros2_ws/build/arm_interfaces': CMAKE_PREFIX_PATH=/opt/ros/foxy /usr/bin/cmake --build /home/bg99/Documents/Projects/robot-arm/software/arm_ros2_ws/build/arm_interfaces -- -j4 -l4
[4.796s] INFO:colcon.colcon_core.task.python.build:Building Python package in '/home/bg99/Documents/Projects/robot-arm/software/arm_ros2_ws/src/arm_teleop'
[4.798s] INFO:colcon.colcon_core.shell:Skip shell extension 'powershell' for command environment: Not usable outside of PowerShell
[4.798s] DEBUG:colcon.colcon_core.shell:Skip shell extension 'dsv' for command environment
[5.955s] INFO:colcon.colcon_core.task.python.build:Building Python package in '/home/bg99/Documents/Projects/robot-arm/software/arm_ros2_ws/src/stm32_bridge'
[5.956s] INFO:colcon.colcon_core.shell:Skip shell extension 'powershell' for command environment: Not usable outside of PowerShell
[5.957s] DEBUG:colcon.colcon_core.shell:Skip shell extension 'dsv' for command environment
[5.993s] DEBUG:colcon.colcon_core.event_handler.log_command:Invoked command in '/home/bg99/Documents/Projects/robot-arm/software/arm_ros2_ws/build/arm_interfaces' returned '0': CMAKE_PREFIX_PATH=/opt/ros/foxy /usr/bin/cmake --build /home/bg99/Documents/Projects/robot-arm/software/arm_ros2_ws/build/arm_interfaces -- -j4 -l4
[6.027s] DEBUG:colcon.colcon_core.event_handler.log_command:Invoking command in '/home/bg99/Documents/Projects/robot-arm/software/arm_ros2_ws/build/arm_interfaces': CMAKE_PREFIX_PATH=/opt/ros/foxy /usr/bin/cmake --install /home/bg99/Documents/Projects/robot-arm/software/arm_ros2_ws/build/arm_interfaces
[6.336s] Level 1:colcon.colcon_core.environment:create_environment_scripts_only(arm_interfaces)
[6.344s] DEBUG:colcon.colcon_core.event_handler.log_command:Invoked command in '/home/bg99/Documents/Projects/robot-arm/software/arm_ros2_ws/build/arm_interfaces' returned '0': CMAKE_PREFIX_PATH=/opt/ros/foxy /usr/bin/cmake --install /home/bg99/Documents/Projects/robot-arm/software/arm_ros2_ws/build/arm_interfaces
[6.349s] Level 1:colcon.colcon_core.environment:checking '/home/bg99/Documents/Projects/robot-arm/software/arm_ros2_ws/install/arm_interfaces' for CMake module files
[6.353s] Level 1:colcon.colcon_core.environment:checking '/home/bg99/Documents/Projects/robot-arm/software/arm_ros2_ws/install/arm_interfaces' for CMake config files
[6.357s] Level 1:colcon.colcon_core.shell:create_environment_hook('arm_interfaces', 'cmake_prefix_path')
[6.359s] INFO:colcon.colcon_core.shell:Creating environment hook '/home/bg99/Documents/Projects/robot-arm/software/arm_ros2_ws/install/arm_interfaces/share/arm_interfaces/hook/cmake_prefix_path.ps1'
[6.361s] INFO:colcon.colcon_core.shell:Creating environment descriptor '/home/bg99/Documents/Projects/robot-arm/software/arm_ros2_ws/install/arm_interfaces/share/arm_interfaces/hook/cmake_prefix_path.dsv'
[6.363s] INFO:colcon.colcon_core.shell:Creating environment hook '/home/bg99/Documents/Projects/robot-arm/software/arm_ros2_ws/install/arm_interfaces/share/arm_interfaces/hook/cmake_prefix_path.sh'
[6.366s] Level 1:colcon.colcon_core.environment:checking '/home/bg99/Documents/Projects/robot-arm/software/arm_ros2_ws/install/arm_interfaces/lib'
[6.367s] Level 1:colcon.colcon_core.shell:create_environment_hook('arm_interfaces', 'ld_library_path_lib')
[6.369s] INFO:colcon.colcon_core.shell:Creating environment hook '/home/bg99/Documents/Projects/robot-arm/software/arm_ros2_ws/install/arm_interfaces/share/arm_interfaces/hook/ld_library_path_lib.ps1'
[6.371s] INFO:colcon.colcon_core.shell:Creating environment descriptor '/home/bg99/Documents/Projects/robot-arm/software/arm_ros2_ws/install/arm_interfaces/share/arm_interfaces/hook/ld_library_path_lib.dsv'
[6.373s] INFO:colcon.colcon_core.shell:Creating environment hook '/home/bg99/Documents/Projects/robot-arm/software/arm_ros2_ws/install/arm_interfaces/share/arm_interfaces/hook/ld_library_path_lib.sh'
[6.375s] Level 1:colcon.colcon_core.environment:checking '/home/bg99/Documents/Projects/robot-arm/software/arm_ros2_ws/install/arm_interfaces/bin'
[6.375s] Level 1:colcon.colcon_core.environment:checking '/home/bg99/Documents/Projects/robot-arm/software/arm_ros2_ws/install/arm_interfaces/lib/pkgconfig/arm_interfaces.pc'
[6.376s] Level 1:colcon.colcon_core.environment:checking '/home/bg99/Documents/Projects/robot-arm/software/arm_ros2_ws/install/arm_interfaces/lib/python3.8/site-packages'
[6.377s] Level 1:colcon.colcon_core.shell:create_environment_hook('arm_interfaces', 'pythonpath')
[6.378s] INFO:colcon.colcon_core.shell:Creating environment hook '/home/bg99/Documents/Projects/robot-arm/software/arm_ros2_ws/install/arm_interfaces/share/arm_interfaces/hook/pythonpath.ps1'
[6.381s] INFO:colcon.colcon_core.shell:Creating environment descriptor '/home/bg99/Documents/Projects/robot-arm/software/arm_ros2_ws/install/arm_interfaces/share/arm_interfaces/hook/pythonpath.dsv'
[6.383s] INFO:colcon.colcon_core.shell:Creating environment hook '/home/bg99/Documents/Projects/robot-arm/software/arm_ros2_ws/install/arm_interfaces/share/arm_interfaces/hook/pythonpath.sh'
[6.386s] Level 1:colcon.colcon_core.environment:checking '/home/bg99/Documents/Projects/robot-arm/software/arm_ros2_ws/install/arm_interfaces/bin'
[6.388s] INFO:colcon.colcon_core.shell:Creating package script '/home/bg99/Documents/Projects/robot-arm/software/arm_ros2_ws/install/arm_interfaces/share/arm_interfaces/package.ps1'
[6.394s] INFO:colcon.colcon_core.shell:Creating package descriptor '/home/bg99/Documents/Projects/robot-arm/software/arm_ros2_ws/install/arm_interfaces/share/arm_interfaces/package.dsv'
[6.398s] INFO:colcon.colcon_core.shell:Creating package script '/home/bg99/Documents/Projects/robot-arm/software/arm_ros2_ws/install/arm_interfaces/share/arm_interfaces/package.sh'
[6.402s] INFO:colcon.colcon_core.shell:Creating package script '/home/bg99/Documents/Projects/robot-arm/software/arm_ros2_ws/install/arm_interfaces/share/arm_interfaces/package.bash'
[6.406s] INFO:colcon.colcon_core.shell:Creating package script '/home/bg99/Documents/Projects/robot-arm/software/arm_ros2_ws/install/arm_interfaces/share/arm_interfaces/package.zsh'
[6.409s] Level 1:colcon.colcon_core.environment:create_file_with_runtime_dependencies(/home/bg99/Documents/Projects/robot-arm/software/arm_ros2_ws/install/arm_interfaces/share/colcon-core/packages/arm_interfaces)
[6.413s] Level 1:colcon.colcon_core.environment:create_environment_scripts_only(arm_interfaces)
[6.414s] Level 1:colcon.colcon_core.environment:checking '/home/bg99/Documents/Projects/robot-arm/software/arm_ros2_ws/install/arm_interfaces' for CMake module files
[6.417s] Level 1:colcon.colcon_core.environment:checking '/home/bg99/Documents/Projects/robot-arm/software/arm_ros2_ws/install/arm_interfaces' for CMake config files
[6.421s] Level 1:colcon.colcon_core.shell:create_environment_hook('arm_interfaces', 'cmake_prefix_path')
[6.422s] INFO:colcon.colcon_core.shell:Creating environment hook '/home/bg99/Documents/Projects/robot-arm/software/arm_ros2_ws/install/arm_interfaces/share/arm_interfaces/hook/cmake_prefix_path.ps1'
[6.424s] INFO:colcon.colcon_core.shell:Creating environment descriptor '/home/bg99/Documents/Projects/robot-arm/software/arm_ros2_ws/install/arm_interfaces/share/arm_interfaces/hook/cmake_prefix_path.dsv'
[6.426s] INFO:colcon.colcon_core.shell:Creating environment hook '/home/bg99/Documents/Projects/robot-arm/software/arm_ros2_ws/install/arm_interfaces/share/arm_interfaces/hook/cmake_prefix_path.sh'
[6.428s] Level 1:colcon.colcon_core.environment:checking '/home/bg99/Documents/Projects/robot-arm/software/arm_ros2_ws/install/arm_interfaces/lib'
[6.429s] Level 1:colcon.colcon_core.shell:create_environment_hook('arm_interfaces', 'ld_library_path_lib')
[6.430s] INFO:colcon.colcon_core.shell:Creating environment hook '/home/bg99/Documents/Projects/robot-arm/software/arm_ros2_ws/install/arm_interfaces/share/arm_interfaces/hook/ld_library_path_lib.ps1'
[6.432s] INFO:colcon.colcon_core.shell:Creating environment descriptor '/home/bg99/Documents/Projects/robot-arm/software/arm_ros2_ws/install/arm_interfaces/share/arm_interfaces/hook/ld_library_path_lib.dsv'
[6.433s] INFO:colcon.colcon_core.shell:Creating environment hook '/home/bg99/Documents/Projects/robot-arm/software/arm_ros2_ws/install/arm_interfaces/share/arm_interfaces/hook/ld_library_path_lib.sh'
[6.435s] Level 1:colcon.colcon_core.environment:checking '/home/bg99/Documents/Projects/robot-arm/software/arm_ros2_ws/install/arm_interfaces/bin'
[6.435s] Level 1:colcon.colcon_core.environment:checking '/home/bg99/Documents/Projects/robot-arm/software/arm_ros2_ws/install/arm_interfaces/lib/pkgconfig/arm_interfaces.pc'
[6.436s] Level 1:colcon.colcon_core.environment:checking '/home/bg99/Documents/Projects/robot-arm/software/arm_ros2_ws/install/arm_interfaces/lib/python3.8/site-packages'
[6.436s] Level 1:colcon.colcon_core.shell:create_environment_hook('arm_interfaces', 'pythonpath')
[6.437s] INFO:colcon.colcon_core.shell:Creating environment hook '/home/bg99/Documents/Projects/robot-arm/software/arm_ros2_ws/install/arm_interfaces/share/arm_interfaces/hook/pythonpath.ps1'
[6.439s] INFO:colcon.colcon_core.shell:Creating environment descriptor '/home/bg99/Documents/Projects/robot-arm/software/arm_ros2_ws/install/arm_interfaces/share/arm_interfaces/hook/pythonpath.dsv'
[6.475s] INFO:colcon.colcon_core.shell:Creating environment hook '/home/bg99/Documents/Projects/robot-arm/software/arm_ros2_ws/install/arm_interfaces/share/arm_interfaces/hook/pythonpath.sh'
[6.478s] Level 1:colcon.colcon_core.environment:checking '/home/bg99/Documents/Projects/robot-arm/software/arm_ros2_ws/install/arm_interfaces/bin'
[6.480s] INFO:colcon.colcon_core.shell:Creating package script '/home/bg99/Documents/Projects/robot-arm/software/arm_ros2_ws/install/arm_interfaces/share/arm_interfaces/package.ps1'
[6.485s] INFO:colcon.colcon_core.shell:Creating package descriptor '/home/bg99/Documents/Projects/robot-arm/software/arm_ros2_ws/install/arm_interfaces/share/arm_interfaces/package.dsv'
[6.488s] INFO:colcon.colcon_core.shell:Creating package script '/home/bg99/Documents/Projects/robot-arm/software/arm_ros2_ws/install/arm_interfaces/share/arm_interfaces/package.sh'
[6.490s] INFO:colcon.colcon_core.shell:Creating package script '/home/bg99/Documents/Projects/robot-arm/software/arm_ros2_ws/install/arm_interfaces/share/arm_interfaces/package.bash'
[6.492s] INFO:colcon.colcon_core.shell:Creating package script '/home/bg99/Documents/Projects/robot-arm/software/arm_ros2_ws/install/arm_interfaces/share/arm_interfaces/package.zsh'
[6.494s] Level 1:colcon.colcon_core.environment:create_file_with_runtime_dependencies(/home/bg99/Documents/Projects/robot-arm/software/arm_ros2_ws/install/arm_interfaces/share/colcon-core/packages/arm_interfaces)
[7.894s] DEBUG:colcon.colcon_core.event_handler.log_command:Invoking command in '/home/bg99/Documents/Projects/robot-arm/software/arm_ros2_ws/src/arm_teleop': PYTHONPATH=/home/bg99/Documents/Projects/robot-arm/software/arm_ros2_ws/build/arm_teleop/prefix_override:/usr/lib/python3/dist-packages/colcon_core/task/python/colcon_distutils_commands:/home/bg99/Documents/Projects/robot-arm/software/arm_ros2_ws/install/arm_teleop/lib/python3.8/site-packages:${PYTHONPATH} /usr/bin/python3 -W ignore:setup.py install is deprecated -W ignore:easy_install command is deprecated setup.py egg_info --egg-base ../../build/arm_teleop build --build-base /home/bg99/Documents/Projects/robot-arm/software/arm_ros2_ws/build/arm_teleop/build install --record /home/bg99/Documents/Projects/robot-arm/software/arm_ros2_ws/build/arm_teleop/install.log --install-scripts $base/lib/arm_teleop --single-version-externally-managed install_data
[7.909s] DEBUG:colcon.colcon_core.event_handler.log_command:Invoking command in '/home/bg99/Documents/Projects/robot-arm/software/arm_ros2_ws/src/arm_bringup': PYTHONPATH=/home/bg99/Documents/Projects/robot-arm/software/arm_ros2_ws/build/arm_bringup/prefix_override:/usr/lib/python3/dist-packages/colcon_core/task/python/colcon_distutils_commands:/home/bg99/Documents/Projects/robot-arm/software/arm_ros2_ws/install/arm_bringup/lib/python3.8/site-packages:${PYTHONPATH} /usr/bin/python3 -W ignore:setup.py install is deprecated -W ignore:easy_install command is deprecated setup.py egg_info --egg-base ../../build/arm_bringup build --build-base /home/bg99/Documents/Projects/robot-arm/software/arm_ros2_ws/build/arm_bringup/build install --record /home/bg99/Documents/Projects/robot-arm/software/arm_ros2_ws/build/arm_bringup/install.log --install-scripts $base/lib/arm_bringup --single-version-externally-managed install_data
[7.950s] DEBUG:colcon.colcon_core.event_handler.log_command:Invoking command in '/home/bg99/Documents/Projects/robot-arm/software/arm_ros2_ws/src/stm32_bridge': PYTHONPATH=/home/bg99/Documents/Projects/robot-arm/software/arm_ros2_ws/build/stm32_bridge/prefix_override:/usr/lib/python3/dist-packages/colcon_core/task/python/colcon_distutils_commands:/home/bg99/Documents/Projects/robot-arm/software/arm_ros2_ws/install/stm32_bridge/lib/python3.8/site-packages:${PYTHONPATH} /usr/bin/python3 -W ignore:setup.py install is deprecated -W ignore:easy_install command is deprecated setup.py egg_info --egg-base ../../build/stm32_bridge build --build-base /home/bg99/Documents/Projects/robot-arm/software/arm_ros2_ws/build/stm32_bridge/build install --record /home/bg99/Documents/Projects/robot-arm/software/arm_ros2_ws/build/stm32_bridge/install.log --install-scripts $base/lib/stm32_bridge --single-version-externally-managed install_data
[9.352s] Level 1:colcon.colcon_core.environment:checking '/home/bg99/Documents/Projects/robot-arm/software/arm_ros2_ws/install/arm_bringup' for CMake module files
[9.354s] DEBUG:colcon.colcon_core.event_handler.log_command:Invoked command in '/home/bg99/Documents/Projects/robot-arm/software/arm_ros2_ws/src/arm_bringup' returned '0': PYTHONPATH=/home/bg99/Documents/Projects/robot-arm/software/arm_ros2_ws/build/arm_bringup/prefix_override:/usr/lib/python3/dist-packages/colcon_core/task/python/colcon_distutils_commands:/home/bg99/Documents/Projects/robot-arm/software/arm_ros2_ws/install/arm_bringup/lib/python3.8/site-packages:${PYTHONPATH} /usr/bin/python3 -W ignore:setup.py install is deprecated -W ignore:easy_install command is deprecated setup.py egg_info --egg-base ../../build/arm_bringup build --build-base /home/bg99/Documents/Projects/robot-arm/software/arm_ros2_ws/build/arm_bringup/build install --record /home/bg99/Documents/Projects/robot-arm/software/arm_ros2_ws/build/arm_bringup/install.log --install-scripts $base/lib/arm_bringup --single-version-externally-managed install_data
[9.357s] Level 1:colcon.colcon_core.environment:checking '/home/bg99/Documents/Projects/robot-arm/software/arm_ros2_ws/install/arm_bringup' for CMake config files
[9.359s] Level 1:colcon.colcon_core.shell:create_environment_hook('arm_bringup', 'cmake_prefix_path')
[9.360s] INFO:colcon.colcon_core.shell:Creating environment hook '/home/bg99/Documents/Projects/robot-arm/software/arm_ros2_ws/install/arm_bringup/share/arm_bringup/hook/cmake_prefix_path.ps1'
[9.362s] INFO:colcon.colcon_core.shell:Creating environment descriptor '/home/bg99/Documents/Projects/robot-arm/software/arm_ros2_ws/install/arm_bringup/share/arm_bringup/hook/cmake_prefix_path.dsv'
[9.364s] INFO:colcon.colcon_core.shell:Creating environment hook '/home/bg99/Documents/Projects/robot-arm/software/arm_ros2_ws/install/arm_bringup/share/arm_bringup/hook/cmake_prefix_path.sh'
[9.367s] Level 1:colcon.colcon_core.environment:checking '/home/bg99/Documents/Projects/robot-arm/software/arm_ros2_ws/install/arm_bringup/lib'
[9.367s] Level 1:colcon.colcon_core.environment:checking '/home/bg99/Documents/Projects/robot-arm/software/arm_ros2_ws/install/arm_bringup/bin'
[9.368s] Level 1:colcon.colcon_core.environment:checking '/home/bg99/Documents/Projects/robot-arm/software/arm_ros2_ws/install/arm_bringup/lib/pkgconfig/arm_bringup.pc'
[9.369s] Level 1:colcon.colcon_core.environment:checking '/home/bg99/Documents/Projects/robot-arm/software/arm_ros2_ws/install/arm_bringup/lib/python3.8/site-packages'
[9.369s] Level 1:colcon.colcon_core.shell:create_environment_hook('arm_bringup', 'pythonpath')
[9.370s] INFO:colcon.colcon_core.shell:Creating environment hook '/home/bg99/Documents/Projects/robot-arm/software/arm_ros2_ws/install/arm_bringup/share/arm_bringup/hook/pythonpath.ps1'
[9.372s] INFO:colcon.colcon_core.shell:Creating environment descriptor '/home/bg99/Documents/Projects/robot-arm/software/arm_ros2_ws/install/arm_bringup/share/arm_bringup/hook/pythonpath.dsv'
[9.374s] INFO:colcon.colcon_core.shell:Creating environment hook '/home/bg99/Documents/Projects/robot-arm/software/arm_ros2_ws/install/arm_bringup/share/arm_bringup/hook/pythonpath.sh'
[9.377s] Level 1:colcon.colcon_core.environment:checking '/home/bg99/Documents/Projects/robot-arm/software/arm_ros2_ws/install/arm_bringup/bin'
[9.378s] Level 1:colcon.colcon_core.environment:create_environment_scripts_only(arm_bringup)
[9.380s] INFO:colcon.colcon_core.shell:Creating package script '/home/bg99/Documents/Projects/robot-arm/software/arm_ros2_ws/install/arm_bringup/share/arm_bringup/package.ps1'
[9.384s] INFO:colcon.colcon_core.shell:Creating package descriptor '/home/bg99/Documents/Projects/robot-arm/software/arm_ros2_ws/install/arm_bringup/share/arm_bringup/package.dsv'
[9.386s] INFO:colcon.colcon_core.shell:Creating package script '/home/bg99/Documents/Projects/robot-arm/software/arm_ros2_ws/install/arm_bringup/share/arm_bringup/package.sh'
[9.389s] INFO:colcon.colcon_core.shell:Creating package script '/home/bg99/Documents/Projects/robot-arm/software/arm_ros2_ws/install/arm_bringup/share/arm_bringup/package.bash'
[9.392s] INFO:colcon.colcon_core.shell:Creating package script '/home/bg99/Documents/Projects/robot-arm/software/arm_ros2_ws/install/arm_bringup/share/arm_bringup/package.zsh'
[9.394s] Level 1:colcon.colcon_core.environment:create_file_with_runtime_dependencies(/home/bg99/Documents/Projects/robot-arm/software/arm_ros2_ws/install/arm_bringup/share/colcon-core/packages/arm_bringup)
[9.400s] Level 1:colcon.colcon_core.environment:checking '/home/bg99/Documents/Projects/robot-arm/software/arm_ros2_ws/install/arm_teleop' for CMake module files
[9.403s] DEBUG:colcon.colcon_core.event_handler.log_command:Invoked command in '/home/bg99/Documents/Projects/robot-arm/software/arm_ros2_ws/src/arm_teleop' returned '0': PYTHONPATH=/home/bg99/Documents/Projects/robot-arm/software/arm_ros2_ws/build/arm_teleop/prefix_override:/usr/lib/python3/dist-packages/colcon_core/task/python/colcon_distutils_commands:/home/bg99/Documents/Projects/robot-arm/software/arm_ros2_ws/install/arm_teleop/lib/python3.8/site-packages:${PYTHONPATH} /usr/bin/python3 -W ignore:setup.py install is deprecated -W ignore:easy_install command is deprecated setup.py egg_info --egg-base ../../build/arm_teleop build --build-base /home/bg99/Documents/Projects/robot-arm/software/arm_ros2_ws/build/arm_teleop/build install --record /home/bg99/Documents/Projects/robot-arm/software/arm_ros2_ws/build/arm_teleop/install.log --install-scripts $base/lib/arm_teleop --single-version-externally-managed install_data
[9.404s] Level 1:colcon.colcon_core.environment:checking '/home/bg99/Documents/Projects/robot-arm/software/arm_ros2_ws/install/arm_teleop' for CMake config files
[9.406s] Level 1:colcon.colcon_core.environment:checking '/home/bg99/Documents/Projects/robot-arm/software/arm_ros2_ws/install/arm_teleop/lib'
[9.406s] Level 1:colcon.colcon_core.environment:checking '/home/bg99/Documents/Projects/robot-arm/software/arm_ros2_ws/install/arm_teleop/bin'
[9.407s] Level 1:colcon.colcon_core.environment:checking '/home/bg99/Documents/Projects/robot-arm/software/arm_ros2_ws/install/arm_teleop/lib/pkgconfig/arm_teleop.pc'
[9.408s] Level 1:colcon.colcon_core.environment:checking '/home/bg99/Documents/Projects/robot-arm/software/arm_ros2_ws/install/arm_teleop/lib/python3.8/site-packages'
[9.408s] Level 1:colcon.colcon_core.shell:create_environment_hook('arm_teleop', 'pythonpath')
[9.409s] INFO:colcon.colcon_core.shell:Creating environment hook '/home/bg99/Documents/Projects/robot-arm/software/arm_ros2_ws/install/arm_teleop/share/arm_teleop/hook/pythonpath.ps1'
[9.411s] INFO:colcon.colcon_core.shell:Creating environment descriptor '/home/bg99/Documents/Projects/robot-arm/software/arm_ros2_ws/install/arm_teleop/share/arm_teleop/hook/pythonpath.dsv'
[9.412s] INFO:colcon.colcon_core.shell:Creating environment hook '/home/bg99/Documents/Projects/robot-arm/software/arm_ros2_ws/install/arm_teleop/share/arm_teleop/hook/pythonpath.sh'
[9.415s] Level 1:colcon.colcon_core.environment:checking '/home/bg99/Documents/Projects/robot-arm/software/arm_ros2_ws/install/arm_teleop/bin'
[9.415s] Level 1:colcon.colcon_core.environment:create_environment_scripts_only(arm_teleop)
[9.417s] INFO:colcon.colcon_core.shell:Creating package script '/home/bg99/Documents/Projects/robot-arm/software/arm_ros2_ws/install/arm_teleop/share/arm_teleop/package.ps1'
[9.419s] INFO:colcon.colcon_core.shell:Creating package descriptor '/home/bg99/Documents/Projects/robot-arm/software/arm_ros2_ws/install/arm_teleop/share/arm_teleop/package.dsv'
[9.421s] INFO:colcon.colcon_core.shell:Creating package script '/home/bg99/Documents/Projects/robot-arm/software/arm_ros2_ws/install/arm_teleop/share/arm_teleop/package.sh'
[9.422s] INFO:colcon.colcon_core.shell:Creating package script '/home/bg99/Documents/Projects/robot-arm/software/arm_ros2_ws/install/arm_teleop/share/arm_teleop/package.bash'
[9.424s] INFO:colcon.colcon_core.shell:Creating package script '/home/bg99/Documents/Projects/robot-arm/software/arm_ros2_ws/install/arm_teleop/share/arm_teleop/package.zsh'
[9.425s] Level 1:colcon.colcon_core.environment:create_file_with_runtime_dependencies(/home/bg99/Documents/Projects/robot-arm/software/arm_ros2_ws/install/arm_teleop/share/colcon-core/packages/arm_teleop)
[9.429s] Level 1:colcon.colcon_core.environment:checking '/home/bg99/Documents/Projects/robot-arm/software/arm_ros2_ws/install/stm32_bridge' for CMake module files
[9.432s] DEBUG:colcon.colcon_core.event_handler.log_command:Invoked command in '/home/bg99/Documents/Projects/robot-arm/software/arm_ros2_ws/src/stm32_bridge' returned '0': PYTHONPATH=/home/bg99/Documents/Projects/robot-arm/software/arm_ros2_ws/build/stm32_bridge/prefix_override:/usr/lib/python3/dist-packages/colcon_core/task/python/colcon_distutils_commands:/home/bg99/Documents/Projects/robot-arm/software/arm_ros2_ws/install/stm32_bridge/lib/python3.8/site-packages:${PYTHONPATH} /usr/bin/python3 -W ignore:setup.py install is deprecated -W ignore:easy_install command is deprecated setup.py egg_info --egg-base ../../build/stm32_bridge build --build-base /home/bg99/Documents/Projects/robot-arm/software/arm_ros2_ws/build/stm32_bridge/build install --record /home/bg99/Documents/Projects/robot-arm/software/arm_ros2_ws/build/stm32_bridge/install.log --install-scripts $base/lib/stm32_bridge --single-version-externally-managed install_data
[9.433s] Level 1:colcon.colcon_core.environment:checking '/home/bg99/Documents/Projects/robot-arm/software/arm_ros2_ws/install/stm32_bridge' for CMake config files
[9.436s] Level 1:colcon.colcon_core.environment:checking '/home/bg99/Documents/Projects/robot-arm/software/arm_ros2_ws/install/stm32_bridge/lib'
[9.436s] Level 1:colcon.colcon_core.environment:checking '/home/bg99/Documents/Projects/robot-arm/software/arm_ros2_ws/install/stm32_bridge/bin'
[9.436s] Level 1:colcon.colcon_core.environment:checking '/home/bg99/Documents/Projects/robot-arm/software/arm_ros2_ws/install/stm32_bridge/lib/pkgconfig/stm32_bridge.pc'
[9.437s] Level 1:colcon.colcon_core.environment:checking '/home/bg99/Documents/Projects/robot-arm/software/arm_ros2_ws/install/stm32_bridge/lib/python3.8/site-packages'
[9.437s] Level 1:colcon.colcon_core.shell:create_environment_hook('stm32_bridge', 'pythonpath')
[9.438s] INFO:colcon.colcon_core.shell:Creating environment hook '/home/bg99/Documents/Projects/robot-arm/software/arm_ros2_ws/install/stm32_bridge/share/stm32_bridge/hook/pythonpath.ps1'
[9.440s] INFO:colcon.colcon_core.shell:Creating environment descriptor '/home/bg99/Documents/Projects/robot-arm/software/arm_ros2_ws/install/stm32_bridge/share/stm32_bridge/hook/pythonpath.dsv'
[9.441s] INFO:colcon.colcon_core.shell:Creating environment hook '/home/bg99/Documents/Projects/robot-arm/software/arm_ros2_ws/install/stm32_bridge/share/stm32_bridge/hook/pythonpath.sh'
[9.444s] Level 1:colcon.colcon_core.environment:checking '/home/bg99/Documents/Projects/robot-arm/software/arm_ros2_ws/install/stm32_bridge/bin'
[9.444s] Level 1:colcon.colcon_core.environment:create_environment_scripts_only(stm32_bridge)
[9.446s] INFO:colcon.colcon_core.shell:Creating package script '/home/bg99/Documents/Projects/robot-arm/software/arm_ros2_ws/install/stm32_bridge/share/stm32_bridge/package.ps1'
[9.449s] INFO:colcon.colcon_core.shell:Creating package descriptor '/home/bg99/Documents/Projects/robot-arm/software/arm_ros2_ws/install/stm32_bridge/share/stm32_bridge/package.dsv'
[9.451s] INFO:colcon.colcon_core.shell:Creating package script '/home/bg99/Documents/Projects/robot-arm/software/arm_ros2_ws/install/stm32_bridge/share/stm32_bridge/package.sh'
[9.452s] INFO:colcon.colcon_core.shell:Creating package script '/home/bg99/Documents/Projects/robot-arm/software/arm_ros2_ws/install/stm32_bridge/share/stm32_bridge/package.bash'
[9.454s] INFO:colcon.colcon_core.shell:Creating package script '/home/bg99/Documents/Projects/robot-arm/software/arm_ros2_ws/install/stm32_bridge/share/stm32_bridge/package.zsh'
[9.455s] Level 1:colcon.colcon_core.environment:create_file_with_runtime_dependencies(/home/bg99/Documents/Projects/robot-arm/software/arm_ros2_ws/install/stm32_bridge/share/colcon-core/packages/stm32_bridge)
[9.456s] DEBUG:colcon.colcon_parallel_executor.executor.parallel:closing loop
[9.457s] DEBUG:colcon.colcon_parallel_executor.executor.parallel:loop closed
[9.457s] DEBUG:colcon.colcon_parallel_executor.executor.parallel:run_until_complete finished with '0'
[9.457s] DEBUG:colcon.colcon_core.event_reactor:joining thread
[9.460s] DEBUG:colcon.colcon_core.event_reactor:joined thread
[9.463s] INFO:colcon.colcon_core.shell:Creating prefix script '/home/bg99/Documents/Projects/robot-arm/software/arm_ros2_ws/install/local_setup.ps1'
[9.467s] INFO:colcon.colcon_core.shell:Creating prefix util module '/home/bg99/Documents/Projects/robot-arm/software/arm_ros2_ws/install/_local_setup_util_ps1.py'
[9.473s] INFO:colcon.colcon_core.shell:Creating prefix chain script '/home/bg99/Documents/Projects/robot-arm/software/arm_ros2_ws/install/setup.ps1'
[9.477s] INFO:colcon.colcon_core.shell:Creating prefix script '/home/bg99/Documents/Projects/robot-arm/software/arm_ros2_ws/install/local_setup.sh'
[9.479s] INFO:colcon.colcon_core.shell:Creating prefix util module '/home/bg99/Documents/Projects/robot-arm/software/arm_ros2_ws/install/_local_setup_util_sh.py'
[9.481s] INFO:colcon.colcon_core.shell:Creating prefix chain script '/home/bg99/Documents/Projects/robot-arm/software/arm_ros2_ws/install/setup.sh'
[9.485s] INFO:colcon.colcon_core.shell:Creating prefix script '/home/bg99/Documents/Projects/robot-arm/software/arm_ros2_ws/install/local_setup.bash'
[9.487s] INFO:colcon.colcon_core.shell:Creating prefix chain script '/home/bg99/Documents/Projects/robot-arm/software/arm_ros2_ws/install/setup.bash'
[9.490s] INFO:colcon.colcon_core.shell:Creating prefix script '/home/bg99/Documents/Projects/robot-arm/software/arm_ros2_ws/install/local_setup.zsh'
[9.492s] INFO:colcon.colcon_core.shell:Creating prefix chain script '/home/bg99/Documents/Projects/robot-arm/software/arm_ros2_ws/install/setup.zsh'
