[2.599s] Invoking command in '/home/bg99/Documents/Projects/robot-arm/software/arm_ros2_ws/build/arm_interfaces': CMAKE_PREFIX_PATH=${CMAKE_PREFIX_PATH}:/home/bg99/Documents/Projects/robot-arm/software/arm_ros2_ws/install/arm_teleop:/home/bg99/Documents/Projects/robot-arm/software/arm_ros2_ws/install/stm32_bridge:/opt/ros/foxy /usr/bin/cmake --build /home/bg99/Documents/Projects/robot-arm/software/arm_ros2_ws/build/arm_interfaces -- -j4 -l4
[5.142s] [  2%] Built target arm_interfaces__cpp
[5.143s] [ 12%] Built target arm_interfaces__rosidl_generator_c
[5.144s] [ 23%] Built target arm_interfaces__rosidl_typesupport_introspection_cpp
[5.144s] [ 33%] Built target arm_interfaces__rosidl_typesupport_cpp
[5.147s] [ 43%] Built target arm_interfaces__rosidl_typesupport_introspection_c
[5.148s] [ 53%] Built target arm_interfaces__rosidl_typesupport_fastrtps_cpp
[5.148s] [ 64%] Built target arm_interfaces__rosidl_typesupport_c
[5.149s] [ 74%] Built target arm_interfaces__rosidl_typesupport_fastrtps_c
[5.150s] [ 74%] Built target arm_interfaces
[5.153s] [ 76%] Built target arm_interfaces__py
[5.155s] [ 84%] Built target arm_interfaces__python
[5.155s] [ 94%] Built target arm_interfaces__rosidl_typesupport_introspection_c__pyext
[5.155s] [ 94%] Built target arm_interfaces__rosidl_typesupport_c__pyext
[5.156s] [100%] Built target arm_interfaces__rosidl_typesupport_fastrtps_c__pyext
[5.157s] Invoked command in '/home/bg99/Documents/Projects/robot-arm/software/arm_ros2_ws/build/arm_interfaces' returned '0': CMAKE_PREFIX_PATH=${CMAKE_PREFIX_PATH}:/home/bg99/Documents/Projects/robot-arm/software/arm_ros2_ws/install/arm_teleop:/home/bg99/Documents/Projects/robot-arm/software/arm_ros2_ws/install/stm32_bridge:/opt/ros/foxy /usr/bin/cmake --build /home/bg99/Documents/Projects/robot-arm/software/arm_ros2_ws/build/arm_interfaces -- -j4 -l4
[5.191s] Invoking command in '/home/bg99/Documents/Projects/robot-arm/software/arm_ros2_ws/build/arm_interfaces': CMAKE_PREFIX_PATH=${CMAKE_PREFIX_PATH}:/home/bg99/Documents/Projects/robot-arm/software/arm_ros2_ws/install/arm_teleop:/home/bg99/Documents/Projects/robot-arm/software/arm_ros2_ws/install/stm32_bridge:/opt/ros/foxy /usr/bin/cmake --install /home/bg99/Documents/Projects/robot-arm/software/arm_ros2_ws/build/arm_interfaces
[5.224s] -- Install configuration: ""
[5.226s] -- Up-to-date: /home/bg99/Documents/Projects/robot-arm/software/arm_ros2_ws/install/arm_interfaces/share/ament_index/resource_index/rosidl_interfaces/arm_interfaces
[5.228s] -- Up-to-date: /home/bg99/Documents/Projects/robot-arm/software/arm_ros2_ws/install/arm_interfaces/include/arm_interfaces
[5.229s] -- Up-to-date: /home/bg99/Documents/Projects/robot-arm/software/arm_ros2_ws/install/arm_interfaces/include/arm_interfaces/srv
[5.230s] -- Up-to-date: /home/bg99/Documents/Projects/robot-arm/software/arm_ros2_ws/install/arm_interfaces/include/arm_interfaces/srv/detail
[5.230s] -- Up-to-date: /home/bg99/Documents/Projects/robot-arm/software/arm_ros2_ws/install/arm_interfaces/include/arm_interfaces/srv/detail/calibrate__type_support.h
[5.231s] -- Up-to-date: /home/bg99/Documents/Projects/robot-arm/software/arm_ros2_ws/install/arm_interfaces/include/arm_interfaces/srv/detail/home__functions.h
[5.231s] -- Up-to-date: /home/bg99/Documents/Projects/robot-arm/software/arm_ros2_ws/install/arm_interfaces/include/arm_interfaces/srv/detail/home__type_support.h
[5.233s] -- Up-to-date: /home/bg99/Documents/Projects/robot-arm/software/arm_ros2_ws/install/arm_interfaces/include/arm_interfaces/srv/detail/home__functions.c
[5.234s] -- Up-to-date: /home/bg99/Documents/Projects/robot-arm/software/arm_ros2_ws/install/arm_interfaces/include/arm_interfaces/srv/detail/home__struct.h
[5.240s] -- Up-to-date: /home/bg99/Documents/Projects/robot-arm/software/arm_ros2_ws/install/arm_interfaces/include/arm_interfaces/srv/detail/calibrate__struct.h
[5.241s] -- Up-to-date: /home/bg99/Documents/Projects/robot-arm/software/arm_ros2_ws/install/arm_interfaces/include/arm_interfaces/srv/detail/calibrate__functions.h
[5.241s] -- Up-to-date: /home/bg99/Documents/Projects/robot-arm/software/arm_ros2_ws/install/arm_interfaces/include/arm_interfaces/srv/detail/calibrate__functions.c
[5.242s] -- Up-to-date: /home/bg99/Documents/Projects/robot-arm/software/arm_ros2_ws/install/arm_interfaces/include/arm_interfaces/srv/calibrate.h
[5.242s] -- Up-to-date: /home/bg99/Documents/Projects/robot-arm/software/arm_ros2_ws/install/arm_interfaces/include/arm_interfaces/srv/home.h
[5.243s] -- Up-to-date: /home/bg99/Documents/Projects/robot-arm/software/arm_ros2_ws/install/arm_interfaces/include/arm_interfaces/msg
[5.243s] -- Up-to-date: /home/bg99/Documents/Projects/robot-arm/software/arm_ros2_ws/install/arm_interfaces/include/arm_interfaces/msg/rosidl_generator_c__visibility_control.h
[5.244s] -- Up-to-date: /home/bg99/Documents/Projects/robot-arm/software/arm_ros2_ws/install/arm_interfaces/share/arm_interfaces/environment/library_path.sh
[5.244s] -- Up-to-date: /home/bg99/Documents/Projects/robot-arm/software/arm_ros2_ws/install/arm_interfaces/share/arm_interfaces/environment/library_path.dsv
[5.245s] -- Up-to-date: /home/bg99/Documents/Projects/robot-arm/software/arm_ros2_ws/install/arm_interfaces/lib/libarm_interfaces__rosidl_generator_c.so
[5.246s] -- Up-to-date: /home/bg99/Documents/Projects/robot-arm/software/arm_ros2_ws/install/arm_interfaces/include/arm_interfaces
[5.247s] -- Up-to-date: /home/bg99/Documents/Projects/robot-arm/software/arm_ros2_ws/install/arm_interfaces/include/arm_interfaces/srv
[5.247s] -- Up-to-date: /home/bg99/Documents/Projects/robot-arm/software/arm_ros2_ws/install/arm_interfaces/include/arm_interfaces/srv/detail
[5.248s] -- Up-to-date: /home/bg99/Documents/Projects/robot-arm/software/arm_ros2_ws/install/arm_interfaces/include/arm_interfaces/srv/detail/calibrate__rosidl_typesupport_fastrtps_c.h
[5.249s] -- Up-to-date: /home/bg99/Documents/Projects/robot-arm/software/arm_ros2_ws/install/arm_interfaces/include/arm_interfaces/srv/detail/home__rosidl_typesupport_fastrtps_c.h
[5.250s] -- Up-to-date: /home/bg99/Documents/Projects/robot-arm/software/arm_ros2_ws/install/arm_interfaces/include/arm_interfaces/msg
[5.250s] -- Up-to-date: /home/bg99/Documents/Projects/robot-arm/software/arm_ros2_ws/install/arm_interfaces/include/arm_interfaces/msg/rosidl_typesupport_fastrtps_c__visibility_control.h
[5.251s] -- Up-to-date: /home/bg99/Documents/Projects/robot-arm/software/arm_ros2_ws/install/arm_interfaces/lib/libarm_interfaces__rosidl_typesupport_fastrtps_c.so
[5.251s] -- Up-to-date: /home/bg99/Documents/Projects/robot-arm/software/arm_ros2_ws/install/arm_interfaces/include/arm_interfaces
[5.251s] -- Up-to-date: /home/bg99/Documents/Projects/robot-arm/software/arm_ros2_ws/install/arm_interfaces/include/arm_interfaces/srv
[5.252s] -- Up-to-date: /home/bg99/Documents/Projects/robot-arm/software/arm_ros2_ws/install/arm_interfaces/include/arm_interfaces/srv/detail
[5.252s] -- Up-to-date: /home/bg99/Documents/Projects/robot-arm/software/arm_ros2_ws/install/arm_interfaces/include/arm_interfaces/srv/detail/calibrate__rosidl_typesupport_fastrtps_cpp.hpp
[5.253s] -- Up-to-date: /home/bg99/Documents/Projects/robot-arm/software/arm_ros2_ws/install/arm_interfaces/include/arm_interfaces/srv/detail/home__rosidl_typesupport_fastrtps_cpp.hpp
[5.254s] -- Up-to-date: /home/bg99/Documents/Projects/robot-arm/software/arm_ros2_ws/install/arm_interfaces/include/arm_interfaces/srv/detail/dds_fastrtps
[5.254s] -- Up-to-date: /home/bg99/Documents/Projects/robot-arm/software/arm_ros2_ws/install/arm_interfaces/include/arm_interfaces/msg
[5.255s] -- Up-to-date: /home/bg99/Documents/Projects/robot-arm/software/arm_ros2_ws/install/arm_interfaces/include/arm_interfaces/msg/rosidl_typesupport_fastrtps_cpp__visibility_control.h
[5.255s] -- Up-to-date: /home/bg99/Documents/Projects/robot-arm/software/arm_ros2_ws/install/arm_interfaces/lib/libarm_interfaces__rosidl_typesupport_fastrtps_cpp.so
[5.255s] -- Up-to-date: /home/bg99/Documents/Projects/robot-arm/software/arm_ros2_ws/install/arm_interfaces/include/arm_interfaces
[5.256s] -- Up-to-date: /home/bg99/Documents/Projects/robot-arm/software/arm_ros2_ws/install/arm_interfaces/include/arm_interfaces/srv
[5.256s] -- Up-to-date: /home/bg99/Documents/Projects/robot-arm/software/arm_ros2_ws/install/arm_interfaces/include/arm_interfaces/srv/detail
[5.257s] -- Up-to-date: /home/bg99/Documents/Projects/robot-arm/software/arm_ros2_ws/install/arm_interfaces/include/arm_interfaces/srv/detail/home__rosidl_typesupport_introspection_c.h
[5.257s] -- Up-to-date: /home/bg99/Documents/Projects/robot-arm/software/arm_ros2_ws/install/arm_interfaces/include/arm_interfaces/srv/detail/home__type_support.c
[5.258s] -- Up-to-date: /home/bg99/Documents/Projects/robot-arm/software/arm_ros2_ws/install/arm_interfaces/include/arm_interfaces/srv/detail/calibrate__rosidl_typesupport_introspection_c.h
[5.258s] -- Up-to-date: /home/bg99/Documents/Projects/robot-arm/software/arm_ros2_ws/install/arm_interfaces/include/arm_interfaces/srv/detail/calibrate__type_support.c
[5.259s] -- Up-to-date: /home/bg99/Documents/Projects/robot-arm/software/arm_ros2_ws/install/arm_interfaces/include/arm_interfaces/msg
[5.259s] -- Up-to-date: /home/bg99/Documents/Projects/robot-arm/software/arm_ros2_ws/install/arm_interfaces/include/arm_interfaces/msg/rosidl_typesupport_introspection_c__visibility_control.h
[5.260s] -- Up-to-date: /home/bg99/Documents/Projects/robot-arm/software/arm_ros2_ws/install/arm_interfaces/lib/libarm_interfaces__rosidl_typesupport_introspection_c.so
[5.260s] -- Up-to-date: /home/bg99/Documents/Projects/robot-arm/software/arm_ros2_ws/install/arm_interfaces/lib/libarm_interfaces__rosidl_typesupport_c.so
[5.261s] -- Up-to-date: /home/bg99/Documents/Projects/robot-arm/software/arm_ros2_ws/install/arm_interfaces/include/arm_interfaces
[5.261s] -- Up-to-date: /home/bg99/Documents/Projects/robot-arm/software/arm_ros2_ws/install/arm_interfaces/include/arm_interfaces/srv
[5.262s] -- Up-to-date: /home/bg99/Documents/Projects/robot-arm/software/arm_ros2_ws/install/arm_interfaces/include/arm_interfaces/srv/home.hpp
[5.264s] -- Up-to-date: /home/bg99/Documents/Projects/robot-arm/software/arm_ros2_ws/install/arm_interfaces/include/arm_interfaces/srv/detail
[5.264s] -- Up-to-date: /home/bg99/Documents/Projects/robot-arm/software/arm_ros2_ws/install/arm_interfaces/include/arm_interfaces/srv/detail/calibrate__struct.hpp
[5.265s] -- Up-to-date: /home/bg99/Documents/Projects/robot-arm/software/arm_ros2_ws/install/arm_interfaces/include/arm_interfaces/srv/detail/calibrate__traits.hpp
[5.266s] -- Up-to-date: /home/bg99/Documents/Projects/robot-arm/software/arm_ros2_ws/install/arm_interfaces/include/arm_interfaces/srv/detail/home__type_support.hpp
[5.266s] -- Up-to-date: /home/bg99/Documents/Projects/robot-arm/software/arm_ros2_ws/install/arm_interfaces/include/arm_interfaces/srv/detail/home__builder.hpp
[5.267s] -- Up-to-date: /home/bg99/Documents/Projects/robot-arm/software/arm_ros2_ws/install/arm_interfaces/include/arm_interfaces/srv/detail/calibrate__type_support.hpp
[5.267s] -- Up-to-date: /home/bg99/Documents/Projects/robot-arm/software/arm_ros2_ws/install/arm_interfaces/include/arm_interfaces/srv/detail/calibrate__builder.hpp
[5.268s] -- Up-to-date: /home/bg99/Documents/Projects/robot-arm/software/arm_ros2_ws/install/arm_interfaces/include/arm_interfaces/srv/detail/home__struct.hpp
[5.268s] -- Up-to-date: /home/bg99/Documents/Projects/robot-arm/software/arm_ros2_ws/install/arm_interfaces/include/arm_interfaces/srv/detail/home__traits.hpp
[5.268s] -- Up-to-date: /home/bg99/Documents/Projects/robot-arm/software/arm_ros2_ws/install/arm_interfaces/include/arm_interfaces/srv/calibrate.hpp
[5.269s] -- Up-to-date: /home/bg99/Documents/Projects/robot-arm/software/arm_ros2_ws/install/arm_interfaces/include/arm_interfaces/msg
[5.269s] -- Up-to-date: /home/bg99/Documents/Projects/robot-arm/software/arm_ros2_ws/install/arm_interfaces/include/arm_interfaces/msg/rosidl_generator_cpp__visibility_control.hpp
[5.270s] -- Up-to-date: /home/bg99/Documents/Projects/robot-arm/software/arm_ros2_ws/install/arm_interfaces/include/arm_interfaces
[5.270s] -- Up-to-date: /home/bg99/Documents/Projects/robot-arm/software/arm_ros2_ws/install/arm_interfaces/include/arm_interfaces/srv
[5.271s] -- Up-to-date: /home/bg99/Documents/Projects/robot-arm/software/arm_ros2_ws/install/arm_interfaces/include/arm_interfaces/srv/detail
[5.271s] -- Up-to-date: /home/bg99/Documents/Projects/robot-arm/software/arm_ros2_ws/install/arm_interfaces/include/arm_interfaces/srv/detail/home__rosidl_typesupport_introspection_cpp.hpp
[5.272s] -- Up-to-date: /home/bg99/Documents/Projects/robot-arm/software/arm_ros2_ws/install/arm_interfaces/include/arm_interfaces/srv/detail/calibrate__type_support.cpp
[5.272s] -- Up-to-date: /home/bg99/Documents/Projects/robot-arm/software/arm_ros2_ws/install/arm_interfaces/include/arm_interfaces/srv/detail/calibrate__rosidl_typesupport_introspection_cpp.hpp
[5.272s] -- Up-to-date: /home/bg99/Documents/Projects/robot-arm/software/arm_ros2_ws/install/arm_interfaces/include/arm_interfaces/srv/detail/home__type_support.cpp
[5.285s] -- Up-to-date: /home/bg99/Documents/Projects/robot-arm/software/arm_ros2_ws/install/arm_interfaces/lib/libarm_interfaces__rosidl_typesupport_introspection_cpp.so
[5.289s] -- Up-to-date: /home/bg99/Documents/Projects/robot-arm/software/arm_ros2_ws/install/arm_interfaces/lib/libarm_interfaces__rosidl_typesupport_cpp.so
[5.289s] -- Up-to-date: /home/bg99/Documents/Projects/robot-arm/software/arm_ros2_ws/install/arm_interfaces/share/arm_interfaces/environment/pythonpath.sh
[5.290s] -- Up-to-date: /home/bg99/Documents/Projects/robot-arm/software/arm_ros2_ws/install/arm_interfaces/share/arm_interfaces/environment/pythonpath.dsv
[5.290s] -- Up-to-date: /home/bg99/Documents/Projects/robot-arm/software/arm_ros2_ws/install/arm_interfaces/lib/python3.8/site-packages/arm_interfaces/__init__.py
[5.435s] -- Up-to-date: /home/bg99/Documents/Projects/robot-arm/software/arm_ros2_ws/install/arm_interfaces/lib/python3.8/site-packages/arm_interfaces/srv
[5.437s] -- Up-to-date: /home/bg99/Documents/Projects/robot-arm/software/arm_ros2_ws/install/arm_interfaces/lib/python3.8/site-packages/arm_interfaces/srv/_home.py
[5.438s] -- Up-to-date: /home/bg99/Documents/Projects/robot-arm/software/arm_ros2_ws/install/arm_interfaces/lib/python3.8/site-packages/arm_interfaces/srv/_calibrate_s.c
[5.441s] -- Up-to-date: /home/bg99/Documents/Projects/robot-arm/software/arm_ros2_ws/install/arm_interfaces/lib/python3.8/site-packages/arm_interfaces/srv/_calibrate.py
[5.441s] -- Up-to-date: /home/bg99/Documents/Projects/robot-arm/software/arm_ros2_ws/install/arm_interfaces/lib/python3.8/site-packages/arm_interfaces/srv/_home_s.c
[5.442s] -- Up-to-date: /home/bg99/Documents/Projects/robot-arm/software/arm_ros2_ws/install/arm_interfaces/lib/python3.8/site-packages/arm_interfaces/srv/__init__.py
[5.445s] -- Up-to-date: /home/bg99/Documents/Projects/robot-arm/software/arm_ros2_ws/install/arm_interfaces/lib/python3.8/site-packages/arm_interfaces/arm_interfaces_s__rosidl_typesupport_fastrtps_c.cpython-38-aarch64-linux-gnu.so
[5.446s] -- Up-to-date: /home/bg99/Documents/Projects/robot-arm/software/arm_ros2_ws/install/arm_interfaces/lib/python3.8/site-packages/arm_interfaces/arm_interfaces_s__rosidl_typesupport_introspection_c.cpython-38-aarch64-linux-gnu.so
[5.449s] -- Up-to-date: /home/bg99/Documents/Projects/robot-arm/software/arm_ros2_ws/install/arm_interfaces/lib/python3.8/site-packages/arm_interfaces/arm_interfaces_s__rosidl_typesupport_c.cpython-38-aarch64-linux-gnu.so
[5.452s] -- Up-to-date: /home/bg99/Documents/Projects/robot-arm/software/arm_ros2_ws/install/arm_interfaces/lib/libarm_interfaces__python.so
[5.454s] -- Up-to-date: /home/bg99/Documents/Projects/robot-arm/software/arm_ros2_ws/install/arm_interfaces/share/arm_interfaces/srv/Calibrate.idl
[5.455s] -- Up-to-date: /home/bg99/Documents/Projects/robot-arm/software/arm_ros2_ws/install/arm_interfaces/share/arm_interfaces/srv/Home.idl
[5.457s] -- Up-to-date: /home/bg99/Documents/Projects/robot-arm/software/arm_ros2_ws/install/arm_interfaces/share/arm_interfaces/srv/Calibrate.srv
[5.458s] -- Up-to-date: /home/bg99/Documents/Projects/robot-arm/software/arm_ros2_ws/install/arm_interfaces/share/arm_interfaces/srv/Calibrate_Request.msg
[5.459s] -- Up-to-date: /home/bg99/Documents/Projects/robot-arm/software/arm_ros2_ws/install/arm_interfaces/share/arm_interfaces/srv/Calibrate_Response.msg
[5.460s] -- Up-to-date: /home/bg99/Documents/Projects/robot-arm/software/arm_ros2_ws/install/arm_interfaces/share/arm_interfaces/srv/Home.srv
[5.461s] -- Up-to-date: /home/bg99/Documents/Projects/robot-arm/software/arm_ros2_ws/install/arm_interfaces/share/arm_interfaces/srv/Home_Request.msg
[5.462s] -- Up-to-date: /home/bg99/Documents/Projects/robot-arm/software/arm_ros2_ws/install/arm_interfaces/share/arm_interfaces/srv/Home_Response.msg
[5.463s] -- Up-to-date: /home/bg99/Documents/Projects/robot-arm/software/arm_ros2_ws/install/arm_interfaces/share/ament_index/resource_index/package_run_dependencies/arm_interfaces
[5.465s] -- Up-to-date: /home/bg99/Documents/Projects/robot-arm/software/arm_ros2_ws/install/arm_interfaces/share/ament_index/resource_index/parent_prefix_path/arm_interfaces
[5.466s] -- Up-to-date: /home/bg99/Documents/Projects/robot-arm/software/arm_ros2_ws/install/arm_interfaces/share/arm_interfaces/environment/ament_prefix_path.sh
[5.467s] -- Up-to-date: /home/bg99/Documents/Projects/robot-arm/software/arm_ros2_ws/install/arm_interfaces/share/arm_interfaces/environment/ament_prefix_path.dsv
[5.468s] -- Up-to-date: /home/bg99/Documents/Projects/robot-arm/software/arm_ros2_ws/install/arm_interfaces/share/arm_interfaces/environment/path.sh
[5.469s] -- Up-to-date: /home/bg99/Documents/Projects/robot-arm/software/arm_ros2_ws/install/arm_interfaces/share/arm_interfaces/environment/path.dsv
[5.471s] -- Up-to-date: /home/bg99/Documents/Projects/robot-arm/software/arm_ros2_ws/install/arm_interfaces/share/arm_interfaces/local_setup.bash
[5.472s] -- Up-to-date: /home/bg99/Documents/Projects/robot-arm/software/arm_ros2_ws/install/arm_interfaces/share/arm_interfaces/local_setup.sh
[5.473s] -- Up-to-date: /home/bg99/Documents/Projects/robot-arm/software/arm_ros2_ws/install/arm_interfaces/share/arm_interfaces/local_setup.zsh
[5.474s] -- Up-to-date: /home/bg99/Documents/Projects/robot-arm/software/arm_ros2_ws/install/arm_interfaces/share/arm_interfaces/local_setup.dsv
[5.475s] -- Installing: /home/bg99/Documents/Projects/robot-arm/software/arm_ros2_ws/install/arm_interfaces/share/arm_interfaces/package.dsv
[5.477s] -- Up-to-date: /home/bg99/Documents/Projects/robot-arm/software/arm_ros2_ws/install/arm_interfaces/share/ament_index/resource_index/packages/arm_interfaces
[5.479s] -- Up-to-date: /home/bg99/Documents/Projects/robot-arm/software/arm_ros2_ws/install/arm_interfaces/share/arm_interfaces/cmake/arm_interfaces__rosidl_generator_cExport.cmake
[5.480s] -- Up-to-date: /home/bg99/Documents/Projects/robot-arm/software/arm_ros2_ws/install/arm_interfaces/share/arm_interfaces/cmake/arm_interfaces__rosidl_generator_cExport-noconfig.cmake
[5.482s] -- Up-to-date: /home/bg99/Documents/Projects/robot-arm/software/arm_ros2_ws/install/arm_interfaces/share/arm_interfaces/cmake/arm_interfaces__rosidl_typesupport_introspection_cExport.cmake
[5.483s] -- Up-to-date: /home/bg99/Documents/Projects/robot-arm/software/arm_ros2_ws/install/arm_interfaces/share/arm_interfaces/cmake/arm_interfaces__rosidl_typesupport_introspection_cExport-noconfig.cmake
[5.485s] -- Up-to-date: /home/bg99/Documents/Projects/robot-arm/software/arm_ros2_ws/install/arm_interfaces/share/arm_interfaces/cmake/arm_interfaces__rosidl_typesupport_cExport.cmake
[5.486s] -- Up-to-date: /home/bg99/Documents/Projects/robot-arm/software/arm_ros2_ws/install/arm_interfaces/share/arm_interfaces/cmake/arm_interfaces__rosidl_typesupport_cExport-noconfig.cmake
[5.487s] -- Up-to-date: /home/bg99/Documents/Projects/robot-arm/software/arm_ros2_ws/install/arm_interfaces/share/arm_interfaces/cmake/arm_interfaces__rosidl_generator_cppExport.cmake
[5.489s] -- Up-to-date: /home/bg99/Documents/Projects/robot-arm/software/arm_ros2_ws/install/arm_interfaces/share/arm_interfaces/cmake/arm_interfaces__rosidl_typesupport_introspection_cppExport.cmake
[5.490s] -- Up-to-date: /home/bg99/Documents/Projects/robot-arm/software/arm_ros2_ws/install/arm_interfaces/share/arm_interfaces/cmake/arm_interfaces__rosidl_typesupport_introspection_cppExport-noconfig.cmake
[5.492s] -- Up-to-date: /home/bg99/Documents/Projects/robot-arm/software/arm_ros2_ws/install/arm_interfaces/share/arm_interfaces/cmake/arm_interfaces__rosidl_typesupport_cppExport.cmake
[5.493s] -- Up-to-date: /home/bg99/Documents/Projects/robot-arm/software/arm_ros2_ws/install/arm_interfaces/share/arm_interfaces/cmake/arm_interfaces__rosidl_typesupport_cppExport-noconfig.cmake
[5.495s] -- Up-to-date: /home/bg99/Documents/Projects/robot-arm/software/arm_ros2_ws/install/arm_interfaces/share/arm_interfaces/cmake/rosidl_cmake-extras.cmake
[5.496s] -- Up-to-date: /home/bg99/Documents/Projects/robot-arm/software/arm_ros2_ws/install/arm_interfaces/share/arm_interfaces/cmake/ament_cmake_export_dependencies-extras.cmake
[5.497s] -- Up-to-date: /home/bg99/Documents/Projects/robot-arm/software/arm_ros2_ws/install/arm_interfaces/share/arm_interfaces/cmake/ament_cmake_export_libraries-extras.cmake
[5.498s] -- Up-to-date: /home/bg99/Documents/Projects/robot-arm/software/arm_ros2_ws/install/arm_interfaces/share/arm_interfaces/cmake/ament_cmake_export_targets-extras.cmake
[5.499s] -- Up-to-date: /home/bg99/Documents/Projects/robot-arm/software/arm_ros2_ws/install/arm_interfaces/share/arm_interfaces/cmake/ament_cmake_export_include_directories-extras.cmake
[5.501s] -- Up-to-date: /home/bg99/Documents/Projects/robot-arm/software/arm_ros2_ws/install/arm_interfaces/share/arm_interfaces/cmake/rosidl_cmake_export_typesupport_libraries-extras.cmake
[5.502s] -- Up-to-date: /home/bg99/Documents/Projects/robot-arm/software/arm_ros2_ws/install/arm_interfaces/share/arm_interfaces/cmake/rosidl_cmake_export_typesupport_targets-extras.cmake
[5.503s] -- Up-to-date: /home/bg99/Documents/Projects/robot-arm/software/arm_ros2_ws/install/arm_interfaces/share/arm_interfaces/cmake/arm_interfacesConfig.cmake
[5.504s] -- Up-to-date: /home/bg99/Documents/Projects/robot-arm/software/arm_ros2_ws/install/arm_interfaces/share/arm_interfaces/cmake/arm_interfacesConfig-version.cmake
[5.506s] -- Up-to-date: /home/bg99/Documents/Projects/robot-arm/software/arm_ros2_ws/install/arm_interfaces/share/arm_interfaces/package.xml
[5.522s] Invoked command in '/home/bg99/Documents/Projects/robot-arm/software/arm_ros2_ws/build/arm_interfaces' returned '0': CMAKE_PREFIX_PATH=${CMAKE_PREFIX_PATH}:/home/bg99/Documents/Projects/robot-arm/software/arm_ros2_ws/install/arm_teleop:/home/bg99/Documents/Projects/robot-arm/software/arm_ros2_ws/install/stm32_bridge:/opt/ros/foxy /usr/bin/cmake --install /home/bg99/Documents/Projects/robot-arm/software/arm_ros2_ws/build/arm_interfaces
