[4.182s] Invoking command in '/home/bg99/Documents/Projects/robot-arm/software/arm_ros2_ws/src/arm_bringup': PYTHONPATH=/home/bg99/Documents/Projects/robot-arm/software/arm_ros2_ws/build/arm_bringup/prefix_override:/usr/lib/python3/dist-packages/colcon_core/task/python/colcon_distutils_commands:/home/bg99/Documents/Projects/robot-arm/software/arm_ros2_ws/install/arm_bringup/lib/python3.8/site-packages:${PYTHONPATH} /usr/bin/python3 -W ignore:setup.py install is deprecated -W ignore:easy_install command is deprecated setup.py egg_info --egg-base ../../build/arm_bringup build --build-base /home/bg99/Documents/Projects/robot-arm/software/arm_ros2_ws/build/arm_bringup/build install --record /home/bg99/Documents/Projects/robot-arm/software/arm_ros2_ws/build/arm_bringup/install.log --install-scripts $base/lib/arm_bringup --single-version-externally-managed install_data
[5.219s] /usr/local/lib/python3.8/dist-packages/setuptools/dist.py:717: UserWarning: Usage of dash-separated 'script-dir' will not be supported in future versions. Please use the underscore name 'script_dir' instead
[5.219s]   warnings.warn(
[5.350s] running egg_info
[5.353s] writing ../../build/arm_bringup/arm_bringup.egg-info/PKG-INFO
[5.354s] writing dependency_links to ../../build/arm_bringup/arm_bringup.egg-info/dependency_links.txt
[5.354s] writing entry points to ../../build/arm_bringup/arm_bringup.egg-info/entry_points.txt
[5.355s] writing requirements to ../../build/arm_bringup/arm_bringup.egg-info/requires.txt
[5.355s] writing top-level names to ../../build/arm_bringup/arm_bringup.egg-info/top_level.txt
[5.367s] reading manifest file '../../build/arm_bringup/arm_bringup.egg-info/SOURCES.txt'
[5.371s] writing manifest file '../../build/arm_bringup/arm_bringup.egg-info/SOURCES.txt'
[5.371s] running build
[5.372s] running build_py
[5.372s] running install
[5.375s] running install_lib
[5.381s] running install_data
[5.381s] creating /home/bg99/Documents/Projects/robot-arm/software/arm_ros2_ws/install/arm_bringup/share/arm_bringup/launch
[5.382s] copying launch/hardware.launch.py -> /home/bg99/Documents/Projects/robot-arm/software/arm_ros2_ws/install/arm_bringup/share/arm_bringup/launch
[5.382s] running install_egg_info
[5.388s] removing '/home/bg99/Documents/Projects/robot-arm/software/arm_ros2_ws/install/arm_bringup/lib/python3.8/site-packages/arm_bringup-0.0.0-py3.8.egg-info' (and everything under it)
[5.390s] Copying ../../build/arm_bringup/arm_bringup.egg-info to /home/bg99/Documents/Projects/robot-arm/software/arm_ros2_ws/install/arm_bringup/lib/python3.8/site-packages/arm_bringup-0.0.0-py3.8.egg-info
[5.393s] running install_scripts
[5.469s] writing list of installed files to '/home/bg99/Documents/Projects/robot-arm/software/arm_ros2_ws/build/arm_bringup/install.log'
[5.572s] Invoked command in '/home/bg99/Documents/Projects/robot-arm/software/arm_ros2_ws/src/arm_bringup' returned '0': PYTHONPATH=/home/bg99/Documents/Projects/robot-arm/software/arm_ros2_ws/build/arm_bringup/prefix_override:/usr/lib/python3/dist-packages/colcon_core/task/python/colcon_distutils_commands:/home/bg99/Documents/Projects/robot-arm/software/arm_ros2_ws/install/arm_bringup/lib/python3.8/site-packages:${PYTHONPATH} /usr/bin/python3 -W ignore:setup.py install is deprecated -W ignore:easy_install command is deprecated setup.py egg_info --egg-base ../../build/arm_bringup build --build-base /home/bg99/Documents/Projects/robot-arm/software/arm_ros2_ws/build/arm_bringup/build install --record /home/bg99/Documents/Projects/robot-arm/software/arm_ros2_ws/build/arm_bringup/install.log --install-scripts $base/lib/arm_bringup --single-version-externally-managed install_data
