[10.063s] Invoking command in '/home/bg99/Documents/Projects/robot-arm/software/arm_ros2_ws/src/arm_teleop': PYTHONPATH=/home/bg99/Documents/Projects/robot-arm/software/arm_ros2_ws/build/arm_teleop/prefix_override:/usr/lib/python3/dist-packages/colcon_core/task/python/colcon_distutils_commands:/home/bg99/Documents/Projects/robot-arm/software/arm_ros2_ws/install/arm_teleop/lib/python3.8/site-packages:${PYTHONPATH} /usr/bin/python3 -W ignore:setup.py install is deprecated -W ignore:easy_install command is deprecated setup.py egg_info --egg-base ../../build/arm_teleop build --build-base /home/bg99/Documents/Projects/robot-arm/software/arm_ros2_ws/build/arm_teleop/build install --record /home/bg99/Documents/Projects/robot-arm/software/arm_ros2_ws/build/arm_teleop/install.log --install-scripts $base/lib/arm_teleop --single-version-externally-managed install_data
[11.143s] /usr/local/lib/python3.8/dist-packages/setuptools/dist.py:717: UserWarning: Usage of dash-separated 'script-dir' will not be supported in future versions. Please use the underscore name 'script_dir' instead
[11.144s]   warnings.warn(
[11.287s] running egg_info
[11.290s] writing ../../build/arm_teleop/arm_teleop.egg-info/PKG-INFO
[11.291s] writing dependency_links to ../../build/arm_teleop/arm_teleop.egg-info/dependency_links.txt
[11.292s] writing entry points to ../../build/arm_teleop/arm_teleop.egg-info/entry_points.txt
[11.294s] writing requirements to ../../build/arm_teleop/arm_teleop.egg-info/requires.txt
[11.294s] writing top-level names to ../../build/arm_teleop/arm_teleop.egg-info/top_level.txt
[12.575s] reading manifest file '../../build/arm_teleop/arm_teleop.egg-info/SOURCES.txt'
[12.579s] writing manifest file '../../build/arm_teleop/arm_teleop.egg-info/SOURCES.txt'
[12.580s] running build
[12.580s] running build_py
[12.581s] copying arm_teleop/keyboard_teleop_node.py -> /home/bg99/Documents/Projects/robot-arm/software/arm_ros2_ws/build/arm_teleop/build/lib/arm_teleop
[12.581s] running install
[12.585s] running install_lib
[12.588s] copying /home/bg99/Documents/Projects/robot-arm/software/arm_ros2_ws/build/arm_teleop/build/lib/arm_teleop/keyboard_teleop_node.py -> /home/bg99/Documents/Projects/robot-arm/software/arm_ros2_ws/install/arm_teleop/lib/python3.8/site-packages/arm_teleop
[12.591s] byte-compiling /home/bg99/Documents/Projects/robot-arm/software/arm_ros2_ws/install/arm_teleop/lib/python3.8/site-packages/arm_teleop/keyboard_teleop_node.py to keyboard_teleop_node.cpython-38.pyc
[12.592s] running install_data
[12.593s] running install_egg_info
[12.599s] removing '/home/bg99/Documents/Projects/robot-arm/software/arm_ros2_ws/install/arm_teleop/lib/python3.8/site-packages/arm_teleop-0.0.0-py3.8.egg-info' (and everything under it)
[12.600s] Copying ../../build/arm_teleop/arm_teleop.egg-info to /home/bg99/Documents/Projects/robot-arm/software/arm_ros2_ws/install/arm_teleop/lib/python3.8/site-packages/arm_teleop-0.0.0-py3.8.egg-info
[12.604s] running install_scripts
[12.674s] Installing keyboard_teleop_node script to /home/bg99/Documents/Projects/robot-arm/software/arm_ros2_ws/install/arm_teleop/lib/arm_teleop
[12.675s] writing list of installed files to '/home/bg99/Documents/Projects/robot-arm/software/arm_ros2_ws/build/arm_teleop/install.log'
[12.834s] Invoked command in '/home/bg99/Documents/Projects/robot-arm/software/arm_ros2_ws/src/arm_teleop' returned '0': PYTHONPATH=/home/bg99/Documents/Projects/robot-arm/software/arm_ros2_ws/build/arm_teleop/prefix_override:/usr/lib/python3/dist-packages/colcon_core/task/python/colcon_distutils_commands:/home/bg99/Documents/Projects/robot-arm/software/arm_ros2_ws/install/arm_teleop/lib/python3.8/site-packages:${PYTHONPATH} /usr/bin/python3 -W ignore:setup.py install is deprecated -W ignore:easy_install command is deprecated setup.py egg_info --egg-base ../../build/arm_teleop build --build-base /home/bg99/Documents/Projects/robot-arm/software/arm_ros2_ws/build/arm_teleop/build install --record /home/bg99/Documents/Projects/robot-arm/software/arm_ros2_ws/build/arm_teleop/install.log --install-scripts $base/lib/arm_teleop --single-version-externally-managed install_data
