[2.603s] Invoking command in '/home/bg99/Documents/Projects/robot-arm/software/arm_ros2_ws/build/arm_interfaces': CMAKE_PREFIX_PATH=/opt/ros/foxy /usr/bin/cmake --build /home/bg99/Documents/Projects/robot-arm/software/arm_ros2_ws/build/arm_interfaces -- -j4 -l4
[5.413s] [  2%] Built target arm_interfaces__cpp
[5.414s] [ 12%] Built target arm_interfaces__rosidl_generator_c
[5.415s] [ 23%] Built target arm_interfaces__rosidl_typesupport_introspection_c
[5.416s] [ 33%] Built target arm_interfaces__rosidl_typesupport_fastrtps_cpp
[5.417s] [ 43%] Built target arm_interfaces__rosidl_typesupport_introspection_cpp
[5.418s] [ 53%] Built target arm_interfaces__rosidl_typesupport_cpp
[5.420s] [ 64%] Built target arm_interfaces__rosidl_typesupport_c
[5.420s] [ 74%] Built target arm_interfaces__rosidl_typesupport_fastrtps_c
[5.420s] [ 74%] Built target arm_interfaces
[5.421s] [ 76%] Built target arm_interfaces__py
[5.421s] [ 84%] Built target arm_interfaces__python
[5.421s] [ 89%] Built target arm_interfaces__rosidl_typesupport_introspection_c__pyext
[5.422s] [ 94%] Built target arm_interfaces__rosidl_typesupport_c__pyext
[5.422s] [100%] Built target arm_interfaces__rosidl_typesupport_fastrtps_c__pyext
[5.423s] Invoked command in '/home/bg99/Documents/Projects/robot-arm/software/arm_ros2_ws/build/arm_interfaces' returned '0': CMAKE_PREFIX_PATH=/opt/ros/foxy /usr/bin/cmake --build /home/bg99/Documents/Projects/robot-arm/software/arm_ros2_ws/build/arm_interfaces -- -j4 -l4
[5.644s] Invoking command in '/home/bg99/Documents/Projects/robot-arm/software/arm_ros2_ws/build/arm_interfaces': CMAKE_PREFIX_PATH=/opt/ros/foxy /usr/bin/cmake --install /home/bg99/Documents/Projects/robot-arm/software/arm_ros2_ws/build/arm_interfaces
[5.853s] -- Install configuration: ""
[6.049s] -- Up-to-date: /home/bg99/Documents/Projects/robot-arm/software/arm_ros2_ws/install/arm_interfaces/share/ament_index/resource_index/rosidl_interfaces/arm_interfaces
[6.050s] -- Up-to-date: /home/bg99/Documents/Projects/robot-arm/software/arm_ros2_ws/install/arm_interfaces/include/arm_interfaces
[6.051s] -- Up-to-date: /home/bg99/Documents/Projects/robot-arm/software/arm_ros2_ws/install/arm_interfaces/include/arm_interfaces/srv
[6.052s] -- Up-to-date: /home/bg99/Documents/Projects/robot-arm/software/arm_ros2_ws/install/arm_interfaces/include/arm_interfaces/srv/detail
[6.054s] -- Up-to-date: /home/bg99/Documents/Projects/robot-arm/software/arm_ros2_ws/install/arm_interfaces/include/arm_interfaces/srv/detail/calibrate__type_support.h
[6.057s] -- Up-to-date: /home/bg99/Documents/Projects/robot-arm/software/arm_ros2_ws/install/arm_interfaces/include/arm_interfaces/srv/detail/home__functions.h
[6.058s] -- Up-to-date: /home/bg99/Documents/Projects/robot-arm/software/arm_ros2_ws/install/arm_interfaces/include/arm_interfaces/srv/detail/home__type_support.h
[6.058s] -- Up-to-date: /home/bg99/Documents/Projects/robot-arm/software/arm_ros2_ws/install/arm_interfaces/include/arm_interfaces/srv/detail/home__functions.c
[6.059s] -- Up-to-date: /home/bg99/Documents/Projects/robot-arm/software/arm_ros2_ws/install/arm_interfaces/include/arm_interfaces/srv/detail/home__struct.h
[6.059s] -- Up-to-date: /home/bg99/Documents/Projects/robot-arm/software/arm_ros2_ws/install/arm_interfaces/include/arm_interfaces/srv/detail/calibrate__struct.h
[6.059s] -- Up-to-date: /home/bg99/Documents/Projects/robot-arm/software/arm_ros2_ws/install/arm_interfaces/include/arm_interfaces/srv/detail/calibrate__functions.h
[6.060s] -- Up-to-date: /home/bg99/Documents/Projects/robot-arm/software/arm_ros2_ws/install/arm_interfaces/include/arm_interfaces/srv/detail/calibrate__functions.c
[6.060s] -- Up-to-date: /home/bg99/Documents/Projects/robot-arm/software/arm_ros2_ws/install/arm_interfaces/include/arm_interfaces/srv/calibrate.h
[6.060s] -- Up-to-date: /home/bg99/Documents/Projects/robot-arm/software/arm_ros2_ws/install/arm_interfaces/include/arm_interfaces/srv/home.h
[6.061s] -- Up-to-date: /home/bg99/Documents/Projects/robot-arm/software/arm_ros2_ws/install/arm_interfaces/include/arm_interfaces/msg
[6.061s] -- Up-to-date: /home/bg99/Documents/Projects/robot-arm/software/arm_ros2_ws/install/arm_interfaces/include/arm_interfaces/msg/rosidl_generator_c__visibility_control.h
[6.061s] -- Up-to-date: /home/bg99/Documents/Projects/robot-arm/software/arm_ros2_ws/install/arm_interfaces/share/arm_interfaces/environment/library_path.sh
[6.062s] -- Up-to-date: /home/bg99/Documents/Projects/robot-arm/software/arm_ros2_ws/install/arm_interfaces/share/arm_interfaces/environment/library_path.dsv
[6.246s] -- Up-to-date: /home/bg99/Documents/Projects/robot-arm/software/arm_ros2_ws/install/arm_interfaces/lib/libarm_interfaces__rosidl_generator_c.so
[6.247s] -- Up-to-date: /home/bg99/Documents/Projects/robot-arm/software/arm_ros2_ws/install/arm_interfaces/include/arm_interfaces
[6.247s] -- Up-to-date: /home/bg99/Documents/Projects/robot-arm/software/arm_ros2_ws/install/arm_interfaces/include/arm_interfaces/srv
[6.248s] -- Up-to-date: /home/bg99/Documents/Projects/robot-arm/software/arm_ros2_ws/install/arm_interfaces/include/arm_interfaces/srv/detail
[6.248s] -- Up-to-date: /home/bg99/Documents/Projects/robot-arm/software/arm_ros2_ws/install/arm_interfaces/include/arm_interfaces/srv/detail/calibrate__rosidl_typesupport_fastrtps_c.h
[6.249s] -- Up-to-date: /home/bg99/Documents/Projects/robot-arm/software/arm_ros2_ws/install/arm_interfaces/include/arm_interfaces/srv/detail/home__rosidl_typesupport_fastrtps_c.h
[6.249s] -- Up-to-date: /home/bg99/Documents/Projects/robot-arm/software/arm_ros2_ws/install/arm_interfaces/include/arm_interfaces/msg
[6.249s] -- Up-to-date: /home/bg99/Documents/Projects/robot-arm/software/arm_ros2_ws/install/arm_interfaces/include/arm_interfaces/msg/rosidl_typesupport_fastrtps_c__visibility_control.h
[6.440s] -- Up-to-date: /home/bg99/Documents/Projects/robot-arm/software/arm_ros2_ws/install/arm_interfaces/lib/libarm_interfaces__rosidl_typesupport_fastrtps_c.so
[6.441s] -- Up-to-date: /home/bg99/Documents/Projects/robot-arm/software/arm_ros2_ws/install/arm_interfaces/include/arm_interfaces
[6.442s] -- Up-to-date: /home/bg99/Documents/Projects/robot-arm/software/arm_ros2_ws/install/arm_interfaces/include/arm_interfaces/srv
[6.443s] -- Up-to-date: /home/bg99/Documents/Projects/robot-arm/software/arm_ros2_ws/install/arm_interfaces/include/arm_interfaces/srv/detail
[6.444s] -- Up-to-date: /home/bg99/Documents/Projects/robot-arm/software/arm_ros2_ws/install/arm_interfaces/include/arm_interfaces/srv/detail/calibrate__rosidl_typesupport_fastrtps_cpp.hpp
[6.445s] -- Up-to-date: /home/bg99/Documents/Projects/robot-arm/software/arm_ros2_ws/install/arm_interfaces/include/arm_interfaces/srv/detail/home__rosidl_typesupport_fastrtps_cpp.hpp
[6.446s] -- Up-to-date: /home/bg99/Documents/Projects/robot-arm/software/arm_ros2_ws/install/arm_interfaces/include/arm_interfaces/srv/detail/dds_fastrtps
[6.446s] -- Up-to-date: /home/bg99/Documents/Projects/robot-arm/software/arm_ros2_ws/install/arm_interfaces/include/arm_interfaces/msg
[6.447s] -- Up-to-date: /home/bg99/Documents/Projects/robot-arm/software/arm_ros2_ws/install/arm_interfaces/include/arm_interfaces/msg/rosidl_typesupport_fastrtps_cpp__visibility_control.h
[6.447s] -- Up-to-date: /home/bg99/Documents/Projects/robot-arm/software/arm_ros2_ws/install/arm_interfaces/lib/libarm_interfaces__rosidl_typesupport_fastrtps_cpp.so
[6.448s] -- Up-to-date: /home/bg99/Documents/Projects/robot-arm/software/arm_ros2_ws/install/arm_interfaces/include/arm_interfaces
[6.448s] -- Up-to-date: /home/bg99/Documents/Projects/robot-arm/software/arm_ros2_ws/install/arm_interfaces/include/arm_interfaces/srv
[6.449s] -- Up-to-date: /home/bg99/Documents/Projects/robot-arm/software/arm_ros2_ws/install/arm_interfaces/include/arm_interfaces/srv/detail
[6.450s] -- Up-to-date: /home/bg99/Documents/Projects/robot-arm/software/arm_ros2_ws/install/arm_interfaces/include/arm_interfaces/srv/detail/home__rosidl_typesupport_introspection_c.h
[6.451s] -- Up-to-date: /home/bg99/Documents/Projects/robot-arm/software/arm_ros2_ws/install/arm_interfaces/include/arm_interfaces/srv/detail/home__type_support.c
[6.451s] -- Up-to-date: /home/bg99/Documents/Projects/robot-arm/software/arm_ros2_ws/install/arm_interfaces/include/arm_interfaces/srv/detail/calibrate__rosidl_typesupport_introspection_c.h
[6.452s] -- Up-to-date: /home/bg99/Documents/Projects/robot-arm/software/arm_ros2_ws/install/arm_interfaces/include/arm_interfaces/srv/detail/calibrate__type_support.c
[6.453s] -- Up-to-date: /home/bg99/Documents/Projects/robot-arm/software/arm_ros2_ws/install/arm_interfaces/include/arm_interfaces/msg
[6.454s] -- Up-to-date: /home/bg99/Documents/Projects/robot-arm/software/arm_ros2_ws/install/arm_interfaces/include/arm_interfaces/msg/rosidl_typesupport_introspection_c__visibility_control.h
[6.456s] -- Up-to-date: /home/bg99/Documents/Projects/robot-arm/software/arm_ros2_ws/install/arm_interfaces/lib/libarm_interfaces__rosidl_typesupport_introspection_c.so
[6.457s] -- Up-to-date: /home/bg99/Documents/Projects/robot-arm/software/arm_ros2_ws/install/arm_interfaces/lib/libarm_interfaces__rosidl_typesupport_c.so
[6.457s] -- Up-to-date: /home/bg99/Documents/Projects/robot-arm/software/arm_ros2_ws/install/arm_interfaces/include/arm_interfaces
[6.459s] -- Up-to-date: /home/bg99/Documents/Projects/robot-arm/software/arm_ros2_ws/install/arm_interfaces/include/arm_interfaces/srv
[6.460s] -- Up-to-date: /home/bg99/Documents/Projects/robot-arm/software/arm_ros2_ws/install/arm_interfaces/include/arm_interfaces/srv/home.hpp
[6.460s] -- Up-to-date: /home/bg99/Documents/Projects/robot-arm/software/arm_ros2_ws/install/arm_interfaces/include/arm_interfaces/srv/detail
[6.461s] -- Up-to-date: /home/bg99/Documents/Projects/robot-arm/software/arm_ros2_ws/install/arm_interfaces/include/arm_interfaces/srv/detail/calibrate__struct.hpp
[6.461s] -- Up-to-date: /home/bg99/Documents/Projects/robot-arm/software/arm_ros2_ws/install/arm_interfaces/include/arm_interfaces/srv/detail/calibrate__traits.hpp
[6.462s] -- Up-to-date: /home/bg99/Documents/Projects/robot-arm/software/arm_ros2_ws/install/arm_interfaces/include/arm_interfaces/srv/detail/home__type_support.hpp
[6.462s] -- Up-to-date: /home/bg99/Documents/Projects/robot-arm/software/arm_ros2_ws/install/arm_interfaces/include/arm_interfaces/srv/detail/home__builder.hpp
[6.462s] -- Up-to-date: /home/bg99/Documents/Projects/robot-arm/software/arm_ros2_ws/install/arm_interfaces/include/arm_interfaces/srv/detail/calibrate__type_support.hpp
[6.463s] -- Up-to-date: /home/bg99/Documents/Projects/robot-arm/software/arm_ros2_ws/install/arm_interfaces/include/arm_interfaces/srv/detail/calibrate__builder.hpp
[6.463s] -- Up-to-date: /home/bg99/Documents/Projects/robot-arm/software/arm_ros2_ws/install/arm_interfaces/include/arm_interfaces/srv/detail/home__struct.hpp
[6.464s] -- Up-to-date: /home/bg99/Documents/Projects/robot-arm/software/arm_ros2_ws/install/arm_interfaces/include/arm_interfaces/srv/detail/home__traits.hpp
[6.464s] -- Up-to-date: /home/bg99/Documents/Projects/robot-arm/software/arm_ros2_ws/install/arm_interfaces/include/arm_interfaces/srv/calibrate.hpp
[6.464s] -- Up-to-date: /home/bg99/Documents/Projects/robot-arm/software/arm_ros2_ws/install/arm_interfaces/include/arm_interfaces/msg
[6.465s] -- Up-to-date: /home/bg99/Documents/Projects/robot-arm/software/arm_ros2_ws/install/arm_interfaces/include/arm_interfaces/msg/rosidl_generator_cpp__visibility_control.hpp
[6.465s] -- Up-to-date: /home/bg99/Documents/Projects/robot-arm/software/arm_ros2_ws/install/arm_interfaces/include/arm_interfaces
[6.465s] -- Up-to-date: /home/bg99/Documents/Projects/robot-arm/software/arm_ros2_ws/install/arm_interfaces/include/arm_interfaces/srv
[6.466s] -- Up-to-date: /home/bg99/Documents/Projects/robot-arm/software/arm_ros2_ws/install/arm_interfaces/include/arm_interfaces/srv/detail
[6.466s] -- Up-to-date: /home/bg99/Documents/Projects/robot-arm/software/arm_ros2_ws/install/arm_interfaces/include/arm_interfaces/srv/detail/home__rosidl_typesupport_introspection_cpp.hpp
[6.467s] -- Up-to-date: /home/bg99/Documents/Projects/robot-arm/software/arm_ros2_ws/install/arm_interfaces/include/arm_interfaces/srv/detail/calibrate__type_support.cpp
[6.467s] -- Up-to-date: /home/bg99/Documents/Projects/robot-arm/software/arm_ros2_ws/install/arm_interfaces/include/arm_interfaces/srv/detail/calibrate__rosidl_typesupport_introspection_cpp.hpp
[6.467s] -- Up-to-date: /home/bg99/Documents/Projects/robot-arm/software/arm_ros2_ws/install/arm_interfaces/include/arm_interfaces/srv/detail/home__type_support.cpp
[6.468s] -- Up-to-date: /home/bg99/Documents/Projects/robot-arm/software/arm_ros2_ws/install/arm_interfaces/lib/libarm_interfaces__rosidl_typesupport_introspection_cpp.so
[6.482s] -- Up-to-date: /home/bg99/Documents/Projects/robot-arm/software/arm_ros2_ws/install/arm_interfaces/lib/libarm_interfaces__rosidl_typesupport_cpp.so
[6.483s] -- Up-to-date: /home/bg99/Documents/Projects/robot-arm/software/arm_ros2_ws/install/arm_interfaces/share/arm_interfaces/environment/pythonpath.sh
[6.483s] -- Up-to-date: /home/bg99/Documents/Projects/robot-arm/software/arm_ros2_ws/install/arm_interfaces/share/arm_interfaces/environment/pythonpath.dsv
[6.680s] -- Up-to-date: /home/bg99/Documents/Projects/robot-arm/software/arm_ros2_ws/install/arm_interfaces/lib/python3.8/site-packages/arm_interfaces/__init__.py
[7.090s] -- Up-to-date: /home/bg99/Documents/Projects/robot-arm/software/arm_ros2_ws/install/arm_interfaces/lib/python3.8/site-packages/arm_interfaces/srv
[7.098s] -- Up-to-date: /home/bg99/Documents/Projects/robot-arm/software/arm_ros2_ws/install/arm_interfaces/lib/python3.8/site-packages/arm_interfaces/srv/_home.py
[7.099s] -- Up-to-date: /home/bg99/Documents/Projects/robot-arm/software/arm_ros2_ws/install/arm_interfaces/lib/python3.8/site-packages/arm_interfaces/srv/_calibrate_s.c
[7.102s] -- Up-to-date: /home/bg99/Documents/Projects/robot-arm/software/arm_ros2_ws/install/arm_interfaces/lib/python3.8/site-packages/arm_interfaces/srv/_calibrate.py
[7.102s] -- Up-to-date: /home/bg99/Documents/Projects/robot-arm/software/arm_ros2_ws/install/arm_interfaces/lib/python3.8/site-packages/arm_interfaces/srv/_home_s.c
[7.103s] -- Up-to-date: /home/bg99/Documents/Projects/robot-arm/software/arm_ros2_ws/install/arm_interfaces/lib/python3.8/site-packages/arm_interfaces/srv/__init__.py
[7.106s] -- Up-to-date: /home/bg99/Documents/Projects/robot-arm/software/arm_ros2_ws/install/arm_interfaces/lib/python3.8/site-packages/arm_interfaces/arm_interfaces_s__rosidl_typesupport_fastrtps_c.cpython-38-aarch64-linux-gnu.so
[7.109s] -- Up-to-date: /home/bg99/Documents/Projects/robot-arm/software/arm_ros2_ws/install/arm_interfaces/lib/python3.8/site-packages/arm_interfaces/arm_interfaces_s__rosidl_typesupport_introspection_c.cpython-38-aarch64-linux-gnu.so
[7.113s] -- Up-to-date: /home/bg99/Documents/Projects/robot-arm/software/arm_ros2_ws/install/arm_interfaces/lib/python3.8/site-packages/arm_interfaces/arm_interfaces_s__rosidl_typesupport_c.cpython-38-aarch64-linux-gnu.so
[7.117s] -- Up-to-date: /home/bg99/Documents/Projects/robot-arm/software/arm_ros2_ws/install/arm_interfaces/lib/libarm_interfaces__python.so
[7.120s] -- Up-to-date: /home/bg99/Documents/Projects/robot-arm/software/arm_ros2_ws/install/arm_interfaces/share/arm_interfaces/srv/Calibrate.idl
[7.121s] -- Up-to-date: /home/bg99/Documents/Projects/robot-arm/software/arm_ros2_ws/install/arm_interfaces/share/arm_interfaces/srv/Home.idl
[7.122s] -- Up-to-date: /home/bg99/Documents/Projects/robot-arm/software/arm_ros2_ws/install/arm_interfaces/share/arm_interfaces/srv/Calibrate.srv
[7.123s] -- Up-to-date: /home/bg99/Documents/Projects/robot-arm/software/arm_ros2_ws/install/arm_interfaces/share/arm_interfaces/srv/Calibrate_Request.msg
[7.124s] -- Up-to-date: /home/bg99/Documents/Projects/robot-arm/software/arm_ros2_ws/install/arm_interfaces/share/arm_interfaces/srv/Calibrate_Response.msg
[7.126s] -- Up-to-date: /home/bg99/Documents/Projects/robot-arm/software/arm_ros2_ws/install/arm_interfaces/share/arm_interfaces/srv/Home.srv
[7.127s] -- Up-to-date: /home/bg99/Documents/Projects/robot-arm/software/arm_ros2_ws/install/arm_interfaces/share/arm_interfaces/srv/Home_Request.msg
[7.128s] -- Up-to-date: /home/bg99/Documents/Projects/robot-arm/software/arm_ros2_ws/install/arm_interfaces/share/arm_interfaces/srv/Home_Response.msg
[7.130s] -- Up-to-date: /home/bg99/Documents/Projects/robot-arm/software/arm_ros2_ws/install/arm_interfaces/share/ament_index/resource_index/package_run_dependencies/arm_interfaces
[7.132s] -- Up-to-date: /home/bg99/Documents/Projects/robot-arm/software/arm_ros2_ws/install/arm_interfaces/share/ament_index/resource_index/parent_prefix_path/arm_interfaces
[7.133s] -- Up-to-date: /home/bg99/Documents/Projects/robot-arm/software/arm_ros2_ws/install/arm_interfaces/share/arm_interfaces/environment/ament_prefix_path.sh
[7.134s] -- Up-to-date: /home/bg99/Documents/Projects/robot-arm/software/arm_ros2_ws/install/arm_interfaces/share/arm_interfaces/environment/ament_prefix_path.dsv
[7.136s] -- Up-to-date: /home/bg99/Documents/Projects/robot-arm/software/arm_ros2_ws/install/arm_interfaces/share/arm_interfaces/environment/path.sh
[7.137s] -- Up-to-date: /home/bg99/Documents/Projects/robot-arm/software/arm_ros2_ws/install/arm_interfaces/share/arm_interfaces/environment/path.dsv
[7.138s] -- Up-to-date: /home/bg99/Documents/Projects/robot-arm/software/arm_ros2_ws/install/arm_interfaces/share/arm_interfaces/local_setup.bash
[7.139s] -- Up-to-date: /home/bg99/Documents/Projects/robot-arm/software/arm_ros2_ws/install/arm_interfaces/share/arm_interfaces/local_setup.sh
[7.140s] -- Up-to-date: /home/bg99/Documents/Projects/robot-arm/software/arm_ros2_ws/install/arm_interfaces/share/arm_interfaces/local_setup.zsh
[7.141s] -- Up-to-date: /home/bg99/Documents/Projects/robot-arm/software/arm_ros2_ws/install/arm_interfaces/share/arm_interfaces/local_setup.dsv
[7.143s] -- Installing: /home/bg99/Documents/Projects/robot-arm/software/arm_ros2_ws/install/arm_interfaces/share/arm_interfaces/package.dsv
[7.146s] -- Up-to-date: /home/bg99/Documents/Projects/robot-arm/software/arm_ros2_ws/install/arm_interfaces/share/ament_index/resource_index/packages/arm_interfaces
[7.150s] -- Up-to-date: /home/bg99/Documents/Projects/robot-arm/software/arm_ros2_ws/install/arm_interfaces/share/arm_interfaces/cmake/arm_interfaces__rosidl_generator_cExport.cmake
[7.152s] -- Up-to-date: /home/bg99/Documents/Projects/robot-arm/software/arm_ros2_ws/install/arm_interfaces/share/arm_interfaces/cmake/arm_interfaces__rosidl_generator_cExport-noconfig.cmake
[7.155s] -- Up-to-date: /home/bg99/Documents/Projects/robot-arm/software/arm_ros2_ws/install/arm_interfaces/share/arm_interfaces/cmake/arm_interfaces__rosidl_typesupport_introspection_cExport.cmake
[7.156s] -- Up-to-date: /home/bg99/Documents/Projects/robot-arm/software/arm_ros2_ws/install/arm_interfaces/share/arm_interfaces/cmake/arm_interfaces__rosidl_typesupport_introspection_cExport-noconfig.cmake
[7.158s] -- Up-to-date: /home/bg99/Documents/Projects/robot-arm/software/arm_ros2_ws/install/arm_interfaces/share/arm_interfaces/cmake/arm_interfaces__rosidl_typesupport_cExport.cmake
[7.159s] -- Up-to-date: /home/bg99/Documents/Projects/robot-arm/software/arm_ros2_ws/install/arm_interfaces/share/arm_interfaces/cmake/arm_interfaces__rosidl_typesupport_cExport-noconfig.cmake
[7.162s] -- Up-to-date: /home/bg99/Documents/Projects/robot-arm/software/arm_ros2_ws/install/arm_interfaces/share/arm_interfaces/cmake/arm_interfaces__rosidl_generator_cppExport.cmake
[7.164s] -- Up-to-date: /home/bg99/Documents/Projects/robot-arm/software/arm_ros2_ws/install/arm_interfaces/share/arm_interfaces/cmake/arm_interfaces__rosidl_typesupport_introspection_cppExport.cmake
[7.166s] -- Up-to-date: /home/bg99/Documents/Projects/robot-arm/software/arm_ros2_ws/install/arm_interfaces/share/arm_interfaces/cmake/arm_interfaces__rosidl_typesupport_introspection_cppExport-noconfig.cmake
[7.168s] -- Up-to-date: /home/bg99/Documents/Projects/robot-arm/software/arm_ros2_ws/install/arm_interfaces/share/arm_interfaces/cmake/arm_interfaces__rosidl_typesupport_cppExport.cmake
[7.169s] -- Up-to-date: /home/bg99/Documents/Projects/robot-arm/software/arm_ros2_ws/install/arm_interfaces/share/arm_interfaces/cmake/arm_interfaces__rosidl_typesupport_cppExport-noconfig.cmake
[7.171s] -- Up-to-date: /home/bg99/Documents/Projects/robot-arm/software/arm_ros2_ws/install/arm_interfaces/share/arm_interfaces/cmake/rosidl_cmake-extras.cmake
[7.172s] -- Up-to-date: /home/bg99/Documents/Projects/robot-arm/software/arm_ros2_ws/install/arm_interfaces/share/arm_interfaces/cmake/ament_cmake_export_dependencies-extras.cmake
[7.173s] -- Up-to-date: /home/bg99/Documents/Projects/robot-arm/software/arm_ros2_ws/install/arm_interfaces/share/arm_interfaces/cmake/ament_cmake_export_libraries-extras.cmake
[7.174s] -- Up-to-date: /home/bg99/Documents/Projects/robot-arm/software/arm_ros2_ws/install/arm_interfaces/share/arm_interfaces/cmake/ament_cmake_export_targets-extras.cmake
[7.175s] -- Up-to-date: /home/bg99/Documents/Projects/robot-arm/software/arm_ros2_ws/install/arm_interfaces/share/arm_interfaces/cmake/ament_cmake_export_include_directories-extras.cmake
[7.176s] -- Up-to-date: /home/bg99/Documents/Projects/robot-arm/software/arm_ros2_ws/install/arm_interfaces/share/arm_interfaces/cmake/rosidl_cmake_export_typesupport_libraries-extras.cmake
[7.177s] -- Up-to-date: /home/bg99/Documents/Projects/robot-arm/software/arm_ros2_ws/install/arm_interfaces/share/arm_interfaces/cmake/rosidl_cmake_export_typesupport_targets-extras.cmake
[7.179s] -- Up-to-date: /home/bg99/Documents/Projects/robot-arm/software/arm_ros2_ws/install/arm_interfaces/share/arm_interfaces/cmake/arm_interfacesConfig.cmake
[7.180s] -- Up-to-date: /home/bg99/Documents/Projects/robot-arm/software/arm_ros2_ws/install/arm_interfaces/share/arm_interfaces/cmake/arm_interfacesConfig-version.cmake
[7.181s] -- Up-to-date: /home/bg99/Documents/Projects/robot-arm/software/arm_ros2_ws/install/arm_interfaces/share/arm_interfaces/package.xml
[7.193s] Invoked command in '/home/bg99/Documents/Projects/robot-arm/software/arm_ros2_ws/build/arm_interfaces' returned '0': CMAKE_PREFIX_PATH=/opt/ros/foxy /usr/bin/cmake --install /home/bg99/Documents/Projects/robot-arm/software/arm_ros2_ws/build/arm_interfaces
