[4.323s] Invoking command in '/home/bg99/Documents/Projects/robot-arm/software/arm_ros2_ws/src/arm_bringup': PYTHONPATH=/home/bg99/Documents/Projects/robot-arm/software/arm_ros2_ws/build/arm_bringup/prefix_override:/usr/lib/python3/dist-packages/colcon_core/task/python/colcon_distutils_commands:/home/bg99/Documents/Projects/robot-arm/software/arm_ros2_ws/install/arm_bringup/lib/python3.8/site-packages:${PYTHONPATH} /usr/bin/python3 -W ignore:setup.py install is deprecated -W ignore:easy_install command is deprecated setup.py egg_info --egg-base ../../build/arm_bringup build --build-base /home/bg99/Documents/Projects/robot-arm/software/arm_ros2_ws/build/arm_bringup/build install --record /home/bg99/Documents/Projects/robot-arm/software/arm_ros2_ws/build/arm_bringup/install.log --install-scripts $base/lib/arm_bringup --single-version-externally-managed install_data
[7.051s] /usr/local/lib/python3.8/dist-packages/setuptools/dist.py:717: UserWarning: Usage of dash-separated 'script-dir' will not be supported in future versions. Please use the underscore name 'script_dir' instead
[7.053s]   warnings.warn(
[7.054s] running egg_info
[7.055s] writing ../../build/arm_bringup/arm_bringup.egg-info/PKG-INFO
[7.056s] writing dependency_links to ../../build/arm_bringup/arm_bringup.egg-info/dependency_links.txt
[7.056s] writing entry points to ../../build/arm_bringup/arm_bringup.egg-info/entry_points.txt
[7.057s] writing requirements to ../../build/arm_bringup/arm_bringup.egg-info/requires.txt
[7.057s] writing top-level names to ../../build/arm_bringup/arm_bringup.egg-info/top_level.txt
[7.064s] reading manifest file '../../build/arm_bringup/arm_bringup.egg-info/SOURCES.txt'
[7.068s] writing manifest file '../../build/arm_bringup/arm_bringup.egg-info/SOURCES.txt'
[7.069s] running build
[7.070s] running build_py
[7.071s] running install
[7.073s] running install_lib
[7.078s] running install_data
[7.079s] running install_egg_info
[7.085s] removing '/home/bg99/Documents/Projects/robot-arm/software/arm_ros2_ws/install/arm_bringup/lib/python3.8/site-packages/arm_bringup-0.0.0-py3.8.egg-info' (and everything under it)
[7.087s] Copying ../../build/arm_bringup/arm_bringup.egg-info to /home/bg99/Documents/Projects/robot-arm/software/arm_ros2_ws/install/arm_bringup/lib/python3.8/site-packages/arm_bringup-0.0.0-py3.8.egg-info
[7.091s] running install_scripts
[7.165s] writing list of installed files to '/home/bg99/Documents/Projects/robot-arm/software/arm_ros2_ws/build/arm_bringup/install.log'
[7.272s] Invoked command in '/home/bg99/Documents/Projects/robot-arm/software/arm_ros2_ws/src/arm_bringup' returned '0': PYTHONPATH=/home/bg99/Documents/Projects/robot-arm/software/arm_ros2_ws/build/arm_bringup/prefix_override:/usr/lib/python3/dist-packages/colcon_core/task/python/colcon_distutils_commands:/home/bg99/Documents/Projects/robot-arm/software/arm_ros2_ws/install/arm_bringup/lib/python3.8/site-packages:${PYTHONPATH} /usr/bin/python3 -W ignore:setup.py install is deprecated -W ignore:easy_install command is deprecated setup.py egg_info --egg-base ../../build/arm_bringup build --build-base /home/bg99/Documents/Projects/robot-arm/software/arm_ros2_ws/build/arm_bringup/build install --record /home/bg99/Documents/Projects/robot-arm/software/arm_ros2_ws/build/arm_bringup/install.log --install-scripts $base/lib/arm_bringup --single-version-externally-managed install_data
