[5.934s] Invoking command in '/home/bg99/Documents/Projects/robot-arm/software/arm_ros2_ws/src/arm_teleop': PYTHONPATH=/home/bg99/Documents/Projects/robot-arm/software/arm_ros2_ws/build/arm_teleop/prefix_override:/usr/lib/python3/dist-packages/colcon_core/task/python/colcon_distutils_commands:/home/bg99/Documents/Projects/robot-arm/software/arm_ros2_ws/install/arm_teleop/lib/python3.8/site-packages:${PYTHONPATH} /usr/bin/python3 -W ignore:setup.py install is deprecated -W ignore:easy_install command is deprecated setup.py egg_info --egg-base ../../build/arm_teleop build --build-base /home/bg99/Documents/Projects/robot-arm/software/arm_ros2_ws/build/arm_teleop/build install --record /home/bg99/Documents/Projects/robot-arm/software/arm_ros2_ws/build/arm_teleop/install.log --install-scripts $base/lib/arm_teleop --single-version-externally-managed install_data
[7.013s] /usr/local/lib/python3.8/dist-packages/setuptools/dist.py:717: UserWarning: Usage of dash-separated 'script-dir' will not be supported in future versions. Please use the underscore name 'script_dir' instead
[7.014s]   warnings.warn(
[7.159s] running egg_info
[7.163s] writing ../../build/arm_teleop/arm_teleop.egg-info/PKG-INFO
[7.163s] writing dependency_links to ../../build/arm_teleop/arm_teleop.egg-info/dependency_links.txt
[7.164s] writing entry points to ../../build/arm_teleop/arm_teleop.egg-info/entry_points.txt
[7.165s] writing requirements to ../../build/arm_teleop/arm_teleop.egg-info/requires.txt
[7.165s] writing top-level names to ../../build/arm_teleop/arm_teleop.egg-info/top_level.txt
[7.177s] reading manifest file '../../build/arm_teleop/arm_teleop.egg-info/SOURCES.txt'
[7.181s] writing manifest file '../../build/arm_teleop/arm_teleop.egg-info/SOURCES.txt'
[7.182s] running build
[7.183s] running build_py
[7.183s] running install
[7.186s] running install_lib
[7.193s] running install_data
[7.193s] running install_egg_info
[7.200s] removing '/home/bg99/Documents/Projects/robot-arm/software/arm_ros2_ws/install/arm_teleop/lib/python3.8/site-packages/arm_teleop-0.0.0-py3.8.egg-info' (and everything under it)
[7.201s] Copying ../../build/arm_teleop/arm_teleop.egg-info to /home/bg99/Documents/Projects/robot-arm/software/arm_ros2_ws/install/arm_teleop/lib/python3.8/site-packages/arm_teleop-0.0.0-py3.8.egg-info
[7.205s] running install_scripts
[7.285s] Installing keyboard_teleop_node script to /home/bg99/Documents/Projects/robot-arm/software/arm_ros2_ws/install/arm_teleop/lib/arm_teleop
[7.287s] writing list of installed files to '/home/bg99/Documents/Projects/robot-arm/software/arm_ros2_ws/build/arm_teleop/install.log'
[7.418s] Invoked command in '/home/bg99/Documents/Projects/robot-arm/software/arm_ros2_ws/src/arm_teleop' returned '0': PYTHONPATH=/home/bg99/Documents/Projects/robot-arm/software/arm_ros2_ws/build/arm_teleop/prefix_override:/usr/lib/python3/dist-packages/colcon_core/task/python/colcon_distutils_commands:/home/bg99/Documents/Projects/robot-arm/software/arm_ros2_ws/install/arm_teleop/lib/python3.8/site-packages:${PYTHONPATH} /usr/bin/python3 -W ignore:setup.py install is deprecated -W ignore:easy_install command is deprecated setup.py egg_info --egg-base ../../build/arm_teleop build --build-base /home/bg99/Documents/Projects/robot-arm/software/arm_ros2_ws/build/arm_teleop/build install --record /home/bg99/Documents/Projects/robot-arm/software/arm_ros2_ws/build/arm_teleop/install.log --install-scripts $base/lib/arm_teleop --single-version-externally-managed install_data
