[0.859s] DEBUG:colcon:Command line arguments: ['/usr/bin/colcon', 'build']
[0.859s] DEBUG:colcon:Parsed command line arguments: Namespace(allow_overriding=[], ament_cmake_args=None, base_paths=['.'], build_base='build', catkin_cmake_args=None, catkin_skip_building_tests=False, cmake_args=None, cmake_clean_cache=False, cmake_clean_first=False, cmake_force_configure=False, cmake_target=None, cmake_target_skip_unavailable=False, continue_on_error=False, event_handlers=None, executor='parallel', ignore_user_meta=False, install_base='install', log_base=None, log_level=None, main=<bound method BuildVerb.main of <colcon_core.verb.build.BuildVerb object at 0x7f984ae4f0>>, merge_install=False, metas=['./colcon.meta'], packages_above=None, packages_above_and_dependencies=None, packages_above_depth=None, packages_end=None, packages_ignore=None, packages_ignore_regex=None, packages_select=None, packages_select_build_failed=False, packages_select_by_dep=None, packages_select_regex=None, packages_select_test_failures=False, packages_skip=None, packages_skip_build_finished=False, packages_skip_by_dep=None, packages_skip_regex=None, packages_skip_test_passed=False, packages_skip_up_to=None, packages_start=None, packages_up_to=None, packages_up_to_regex=None, parallel_workers=4, paths=None, symlink_install=False, test_result_base=None, verb_extension=<colcon_core.verb.build.BuildVerb object at 0x7f984ae4f0>, verb_name='build', verb_parser=<colcon_defaults.argument_parser.defaults.DefaultArgumentsDecorator object at 0x7f98309190>)
[1.750s] Level 1:colcon.colcon_core.package_discovery:discover_packages(colcon_meta) check parameters
[1.751s] Level 1:colcon.colcon_core.package_discovery:discover_packages(recursive) check parameters
[1.751s] Level 1:colcon.colcon_core.package_discovery:discover_packages(ignore) check parameters
[1.751s] Level 1:colcon.colcon_core.package_discovery:discover_packages(path) check parameters
[1.751s] Level 1:colcon.colcon_core.package_discovery:discover_packages(colcon_meta) discover
[1.752s] Level 1:colcon.colcon_core.package_discovery:discover_packages(recursive) discover
[1.752s] INFO:colcon.colcon_core.package_discovery:Crawling recursively for packages in '/home/bg99/Documents/Projects/robot-arm/software/arm_ros2_ws'
[1.752s] Level 1:colcon.colcon_core.package_identification:_identify(.) by extensions ['ignore', 'ignore_ament_install']
[1.753s] Level 1:colcon.colcon_core.package_identification:_identify(.) by extension 'ignore'
[1.753s] Level 1:colcon.colcon_core.package_identification:_identify(.) by extension 'ignore_ament_install'
[1.753s] Level 1:colcon.colcon_core.package_identification:_identify(.) by extensions ['colcon_pkg']
[1.753s] Level 1:colcon.colcon_core.package_identification:_identify(.) by extension 'colcon_pkg'
[1.753s] Level 1:colcon.colcon_core.package_identification:_identify(.) by extensions ['colcon_meta']
[1.753s] Level 1:colcon.colcon_core.package_identification:_identify(.) by extension 'colcon_meta'
[1.754s] Level 1:colcon.colcon_core.package_identification:_identify(.) by extensions ['ros']
[1.754s] Level 1:colcon.colcon_core.package_identification:_identify(.) by extension 'ros'
[1.838s] Level 1:colcon.colcon_core.package_identification:_identify(.) by extensions ['cmake', 'python']
[1.838s] Level 1:colcon.colcon_core.package_identification:_identify(.) by extension 'cmake'
[1.838s] Level 1:colcon.colcon_core.package_identification:_identify(.) by extension 'python'
[1.839s] Level 1:colcon.colcon_core.package_identification:_identify(.) by extensions ['python_setup_py']
[1.839s] Level 1:colcon.colcon_core.package_identification:_identify(.) by extension 'python_setup_py'
[1.839s] Level 1:colcon.colcon_core.package_identification:_identify(build) by extensions ['ignore', 'ignore_ament_install']
[1.840s] Level 1:colcon.colcon_core.package_identification:_identify(build) by extension 'ignore'
[1.840s] Level 1:colcon.colcon_core.package_identification:_identify(build) ignored
[1.840s] Level 1:colcon.colcon_core.package_identification:_identify(install) by extensions ['ignore', 'ignore_ament_install']
[1.841s] Level 1:colcon.colcon_core.package_identification:_identify(install) by extension 'ignore'
[1.841s] Level 1:colcon.colcon_core.package_identification:_identify(install) ignored
[1.842s] Level 1:colcon.colcon_core.package_identification:_identify(log) by extensions ['ignore', 'ignore_ament_install']
[1.843s] Level 1:colcon.colcon_core.package_identification:_identify(log) by extension 'ignore'
[1.843s] Level 1:colcon.colcon_core.package_identification:_identify(log) ignored
[1.843s] Level 1:colcon.colcon_core.package_identification:_identify(src) by extensions ['ignore', 'ignore_ament_install']
[1.843s] Level 1:colcon.colcon_core.package_identification:_identify(src) by extension 'ignore'
[1.844s] Level 1:colcon.colcon_core.package_identification:_identify(src) by extension 'ignore_ament_install'
[1.844s] Level 1:colcon.colcon_core.package_identification:_identify(src) by extensions ['colcon_pkg']
[1.844s] Level 1:colcon.colcon_core.package_identification:_identify(src) by extension 'colcon_pkg'
[1.844s] Level 1:colcon.colcon_core.package_identification:_identify(src) by extensions ['colcon_meta']
[1.844s] Level 1:colcon.colcon_core.package_identification:_identify(src) by extension 'colcon_meta'
[1.845s] Level 1:colcon.colcon_core.package_identification:_identify(src) by extensions ['ros']
[1.845s] Level 1:colcon.colcon_core.package_identification:_identify(src) by extension 'ros'
[1.845s] Level 1:colcon.colcon_core.package_identification:_identify(src) by extensions ['cmake', 'python']
[1.845s] Level 1:colcon.colcon_core.package_identification:_identify(src) by extension 'cmake'
[1.845s] Level 1:colcon.colcon_core.package_identification:_identify(src) by extension 'python'
[1.846s] Level 1:colcon.colcon_core.package_identification:_identify(src) by extensions ['python_setup_py']
[1.846s] Level 1:colcon.colcon_core.package_identification:_identify(src) by extension 'python_setup_py'
[1.846s] Level 1:colcon.colcon_core.package_identification:_identify(src/arm_bringup) by extensions ['ignore', 'ignore_ament_install']
[1.846s] Level 1:colcon.colcon_core.package_identification:_identify(src/arm_bringup) by extension 'ignore'
[1.847s] Level 1:colcon.colcon_core.package_identification:_identify(src/arm_bringup) by extension 'ignore_ament_install'
[1.847s] Level 1:colcon.colcon_core.package_identification:_identify(src/arm_bringup) by extensions ['colcon_pkg']
[1.847s] Level 1:colcon.colcon_core.package_identification:_identify(src/arm_bringup) by extension 'colcon_pkg'
[1.847s] Level 1:colcon.colcon_core.package_identification:_identify(src/arm_bringup) by extensions ['colcon_meta']
[1.847s] Level 1:colcon.colcon_core.package_identification:_identify(src/arm_bringup) by extension 'colcon_meta'
[1.847s] Level 1:colcon.colcon_core.package_identification:_identify(src/arm_bringup) by extensions ['ros']
[1.848s] Level 1:colcon.colcon_core.package_identification:_identify(src/arm_bringup) by extension 'ros'
[1.857s] DEBUG:colcon.colcon_core.package_identification:Package 'src/arm_bringup' with type 'ros.ament_python' and name 'arm_bringup'
[1.858s] Level 1:colcon.colcon_core.package_identification:_identify(src/arm_interfaces) by extensions ['ignore', 'ignore_ament_install']
[1.858s] Level 1:colcon.colcon_core.package_identification:_identify(src/arm_interfaces) by extension 'ignore'
[1.858s] Level 1:colcon.colcon_core.package_identification:_identify(src/arm_interfaces) by extension 'ignore_ament_install'
[1.858s] Level 1:colcon.colcon_core.package_identification:_identify(src/arm_interfaces) by extensions ['colcon_pkg']
[1.859s] Level 1:colcon.colcon_core.package_identification:_identify(src/arm_interfaces) by extension 'colcon_pkg'
[1.859s] Level 1:colcon.colcon_core.package_identification:_identify(src/arm_interfaces) by extensions ['colcon_meta']
[1.859s] Level 1:colcon.colcon_core.package_identification:_identify(src/arm_interfaces) by extension 'colcon_meta'
[1.859s] Level 1:colcon.colcon_core.package_identification:_identify(src/arm_interfaces) by extensions ['ros']
[1.859s] Level 1:colcon.colcon_core.package_identification:_identify(src/arm_interfaces) by extension 'ros'
[1.862s] DEBUG:colcon.colcon_core.package_identification:Package 'src/arm_interfaces' with type 'ros.ament_cmake' and name 'arm_interfaces'
[1.862s] Level 1:colcon.colcon_core.package_identification:_identify(src/arm_teleop) by extensions ['ignore', 'ignore_ament_install']
[1.862s] Level 1:colcon.colcon_core.package_identification:_identify(src/arm_teleop) by extension 'ignore'
[1.863s] Level 1:colcon.colcon_core.package_identification:_identify(src/arm_teleop) by extension 'ignore_ament_install'
[1.863s] Level 1:colcon.colcon_core.package_identification:_identify(src/arm_teleop) by extensions ['colcon_pkg']
[1.863s] Level 1:colcon.colcon_core.package_identification:_identify(src/arm_teleop) by extension 'colcon_pkg'
[1.863s] Level 1:colcon.colcon_core.package_identification:_identify(src/arm_teleop) by extensions ['colcon_meta']
[1.863s] Level 1:colcon.colcon_core.package_identification:_identify(src/arm_teleop) by extension 'colcon_meta'
[1.863s] Level 1:colcon.colcon_core.package_identification:_identify(src/arm_teleop) by extensions ['ros']
[1.864s] Level 1:colcon.colcon_core.package_identification:_identify(src/arm_teleop) by extension 'ros'
[1.866s] DEBUG:colcon.colcon_core.package_identification:Package 'src/arm_teleop' with type 'ros.ament_python' and name 'arm_teleop'
[1.866s] Level 1:colcon.colcon_core.package_identification:_identify(src/stm32_bridge) by extensions ['ignore', 'ignore_ament_install']
[1.866s] Level 1:colcon.colcon_core.package_identification:_identify(src/stm32_bridge) by extension 'ignore'
[1.867s] Level 1:colcon.colcon_core.package_identification:_identify(src/stm32_bridge) by extension 'ignore_ament_install'
[1.867s] Level 1:colcon.colcon_core.package_identification:_identify(src/stm32_bridge) by extensions ['colcon_pkg']
[1.867s] Level 1:colcon.colcon_core.package_identification:_identify(src/stm32_bridge) by extension 'colcon_pkg'
[1.867s] Level 1:colcon.colcon_core.package_identification:_identify(src/stm32_bridge) by extensions ['colcon_meta']
[1.867s] Level 1:colcon.colcon_core.package_identification:_identify(src/stm32_bridge) by extension 'colcon_meta'
[1.867s] Level 1:colcon.colcon_core.package_identification:_identify(src/stm32_bridge) by extensions ['ros']
[1.868s] Level 1:colcon.colcon_core.package_identification:_identify(src/stm32_bridge) by extension 'ros'
[1.870s] DEBUG:colcon.colcon_core.package_identification:Package 'src/stm32_bridge' with type 'ros.ament_python' and name 'stm32_bridge'
[1.870s] Level 1:colcon.colcon_core.package_discovery:discover_packages(recursive) using defaults
[1.870s] Level 1:colcon.colcon_core.package_discovery:discover_packages(ignore) discover
[1.870s] Level 1:colcon.colcon_core.package_discovery:discover_packages(ignore) using defaults
[1.870s] Level 1:colcon.colcon_core.package_discovery:discover_packages(path) discover
[1.870s] Level 1:colcon.colcon_core.package_discovery:discover_packages(path) using defaults
[1.948s] Level 1:colcon.colcon_core.package_discovery:discover_packages(prefix_path) check parameters
[1.948s] Level 1:colcon.colcon_core.package_discovery:discover_packages(prefix_path) discover
[1.956s] DEBUG:colcon.colcon_installed_package_information.package_discovery:Found 4 installed packages in /home/bg99/Documents/Projects/robot-arm/software/arm_ros2_ws/install
[1.962s] DEBUG:colcon.colcon_installed_package_information.package_discovery:Found 259 installed packages in /opt/ros/foxy
[1.974s] Level 1:colcon.colcon_core.package_discovery:discover_packages(prefix_path) using defaults
[2.264s] Level 5:colcon.colcon_core.verb:set package 'arm_bringup' build argument 'cmake_args' from command line to 'None'
[2.264s] Level 5:colcon.colcon_core.verb:set package 'arm_bringup' build argument 'cmake_target' from command line to 'None'
[2.265s] Level 5:colcon.colcon_core.verb:set package 'arm_bringup' build argument 'cmake_target_skip_unavailable' from command line to 'False'
[2.265s] Level 5:colcon.colcon_core.verb:set package 'arm_bringup' build argument 'cmake_clean_cache' from command line to 'False'
[2.265s] Level 5:colcon.colcon_core.verb:set package 'arm_bringup' build argument 'cmake_clean_first' from command line to 'False'
[2.265s] Level 5:colcon.colcon_core.verb:set package 'arm_bringup' build argument 'cmake_force_configure' from command line to 'False'
[2.265s] Level 5:colcon.colcon_core.verb:set package 'arm_bringup' build argument 'ament_cmake_args' from command line to 'None'
[2.265s] Level 5:colcon.colcon_core.verb:set package 'arm_bringup' build argument 'catkin_cmake_args' from command line to 'None'
[2.265s] Level 5:colcon.colcon_core.verb:set package 'arm_bringup' build argument 'catkin_skip_building_tests' from command line to 'False'
[2.266s] DEBUG:colcon.colcon_core.verb:Building package 'arm_bringup' with the following arguments: {'ament_cmake_args': None, 'build_base': '/home/bg99/Documents/Projects/robot-arm/software/arm_ros2_ws/build/arm_bringup', 'catkin_cmake_args': None, 'catkin_skip_building_tests': False, 'cmake_args': None, 'cmake_clean_cache': False, 'cmake_clean_first': False, 'cmake_force_configure': False, 'cmake_target': None, 'cmake_target_skip_unavailable': False, 'install_base': '/home/bg99/Documents/Projects/robot-arm/software/arm_ros2_ws/install/arm_bringup', 'merge_install': False, 'path': '/home/bg99/Documents/Projects/robot-arm/software/arm_ros2_ws/src/arm_bringup', 'symlink_install': False, 'test_result_base': None}
[2.267s] Level 5:colcon.colcon_core.verb:set package 'arm_interfaces' build argument 'cmake_args' from command line to 'None'
[2.268s] Level 5:colcon.colcon_core.verb:set package 'arm_interfaces' build argument 'cmake_target' from command line to 'None'
[2.268s] Level 5:colcon.colcon_core.verb:set package 'arm_interfaces' build argument 'cmake_target_skip_unavailable' from command line to 'False'
[2.268s] Level 5:colcon.colcon_core.verb:set package 'arm_interfaces' build argument 'cmake_clean_cache' from command line to 'False'
[2.268s] Level 5:colcon.colcon_core.verb:set package 'arm_interfaces' build argument 'cmake_clean_first' from command line to 'False'
[2.268s] Level 5:colcon.colcon_core.verb:set package 'arm_interfaces' build argument 'cmake_force_configure' from command line to 'False'
[2.268s] Level 5:colcon.colcon_core.verb:set package 'arm_interfaces' build argument 'ament_cmake_args' from command line to 'None'
[2.268s] Level 5:colcon.colcon_core.verb:set package 'arm_interfaces' build argument 'catkin_cmake_args' from command line to 'None'
[2.268s] Level 5:colcon.colcon_core.verb:set package 'arm_interfaces' build argument 'catkin_skip_building_tests' from command line to 'False'
[2.269s] DEBUG:colcon.colcon_core.verb:Building package 'arm_interfaces' with the following arguments: {'ament_cmake_args': None, 'build_base': '/home/bg99/Documents/Projects/robot-arm/software/arm_ros2_ws/build/arm_interfaces', 'catkin_cmake_args': None, 'catkin_skip_building_tests': False, 'cmake_args': None, 'cmake_clean_cache': False, 'cmake_clean_first': False, 'cmake_force_configure': False, 'cmake_target': None, 'cmake_target_skip_unavailable': False, 'install_base': '/home/bg99/Documents/Projects/robot-arm/software/arm_ros2_ws/install/arm_interfaces', 'merge_install': False, 'path': '/home/bg99/Documents/Projects/robot-arm/software/arm_ros2_ws/src/arm_interfaces', 'symlink_install': False, 'test_result_base': None}
[2.270s] Level 5:colcon.colcon_core.verb:set package 'arm_teleop' build argument 'cmake_args' from command line to 'None'
[2.270s] Level 5:colcon.colcon_core.verb:set package 'arm_teleop' build argument 'cmake_target' from command line to 'None'
[2.271s] Level 5:colcon.colcon_core.verb:set package 'arm_teleop' build argument 'cmake_target_skip_unavailable' from command line to 'False'
[2.271s] Level 5:colcon.colcon_core.verb:set package 'arm_teleop' build argument 'cmake_clean_cache' from command line to 'False'
[2.271s] Level 5:colcon.colcon_core.verb:set package 'arm_teleop' build argument 'cmake_clean_first' from command line to 'False'
[2.271s] Level 5:colcon.colcon_core.verb:set package 'arm_teleop' build argument 'cmake_force_configure' from command line to 'False'
[2.271s] Level 5:colcon.colcon_core.verb:set package 'arm_teleop' build argument 'ament_cmake_args' from command line to 'None'
[2.271s] Level 5:colcon.colcon_core.verb:set package 'arm_teleop' build argument 'catkin_cmake_args' from command line to 'None'
[2.271s] Level 5:colcon.colcon_core.verb:set package 'arm_teleop' build argument 'catkin_skip_building_tests' from command line to 'False'
[2.271s] DEBUG:colcon.colcon_core.verb:Building package 'arm_teleop' with the following arguments: {'ament_cmake_args': None, 'build_base': '/home/bg99/Documents/Projects/robot-arm/software/arm_ros2_ws/build/arm_teleop', 'catkin_cmake_args': None, 'catkin_skip_building_tests': False, 'cmake_args': None, 'cmake_clean_cache': False, 'cmake_clean_first': False, 'cmake_force_configure': False, 'cmake_target': None, 'cmake_target_skip_unavailable': False, 'install_base': '/home/bg99/Documents/Projects/robot-arm/software/arm_ros2_ws/install/arm_teleop', 'merge_install': False, 'path': '/home/bg99/Documents/Projects/robot-arm/software/arm_ros2_ws/src/arm_teleop', 'symlink_install': False, 'test_result_base': None}
[2.273s] Level 5:colcon.colcon_core.verb:set package 'stm32_bridge' build argument 'cmake_args' from command line to 'None'
[2.273s] Level 5:colcon.colcon_core.verb:set package 'stm32_bridge' build argument 'cmake_target' from command line to 'None'
[2.273s] Level 5:colcon.colcon_core.verb:set package 'stm32_bridge' build argument 'cmake_target_skip_unavailable' from command line to 'False'
[2.274s] Level 5:colcon.colcon_core.verb:set package 'stm32_bridge' build argument 'cmake_clean_cache' from command line to 'False'
[2.274s] Level 5:colcon.colcon_core.verb:set package 'stm32_bridge' build argument 'cmake_clean_first' from command line to 'False'
[2.274s] Level 5:colcon.colcon_core.verb:set package 'stm32_bridge' build argument 'cmake_force_configure' from command line to 'False'
[2.274s] Level 5:colcon.colcon_core.verb:set package 'stm32_bridge' build argument 'ament_cmake_args' from command line to 'None'
[2.274s] Level 5:colcon.colcon_core.verb:set package 'stm32_bridge' build argument 'catkin_cmake_args' from command line to 'None'
[2.274s] Level 5:colcon.colcon_core.verb:set package 'stm32_bridge' build argument 'catkin_skip_building_tests' from command line to 'False'
[2.274s] DEBUG:colcon.colcon_core.verb:Building package 'stm32_bridge' with the following arguments: {'ament_cmake_args': None, 'build_base': '/home/bg99/Documents/Projects/robot-arm/software/arm_ros2_ws/build/stm32_bridge', 'catkin_cmake_args': None, 'catkin_skip_building_tests': False, 'cmake_args': None, 'cmake_clean_cache': False, 'cmake_clean_first': False, 'cmake_force_configure': False, 'cmake_target': None, 'cmake_target_skip_unavailable': False, 'install_base': '/home/bg99/Documents/Projects/robot-arm/software/arm_ros2_ws/install/stm32_bridge', 'merge_install': False, 'path': '/home/bg99/Documents/Projects/robot-arm/software/arm_ros2_ws/src/stm32_bridge', 'symlink_install': False, 'test_result_base': None}
[2.275s] INFO:colcon.colcon_core.executor:Executing jobs using 'parallel' executor
[2.278s] DEBUG:colcon.colcon_parallel_executor.executor.parallel:run_until_complete
[2.279s] INFO:colcon.colcon_ros.task.ament_python.build:Building ROS package in '/home/bg99/Documents/Projects/robot-arm/software/arm_ros2_ws/src/arm_bringup' with build type 'ament_python'
[2.279s] Level 1:colcon.colcon_core.shell:create_environment_hook('arm_bringup', 'ament_prefix_path')
[2.288s] INFO:colcon.colcon_core.plugin_system:Skipping extension 'colcon_core.shell.bat': Not used on non-Windows systems
[2.289s] INFO:colcon.colcon_core.shell:Creating environment hook '/home/bg99/Documents/Projects/robot-arm/software/arm_ros2_ws/install/arm_bringup/share/arm_bringup/hook/ament_prefix_path.ps1'
[2.292s] INFO:colcon.colcon_core.shell:Creating environment descriptor '/home/bg99/Documents/Projects/robot-arm/software/arm_ros2_ws/install/arm_bringup/share/arm_bringup/hook/ament_prefix_path.dsv'
[2.294s] INFO:colcon.colcon_core.shell:Creating environment hook '/home/bg99/Documents/Projects/robot-arm/software/arm_ros2_ws/install/arm_bringup/share/arm_bringup/hook/ament_prefix_path.sh'
[2.297s] INFO:colcon.colcon_core.shell:Skip shell extension 'powershell' for command environment: Not usable outside of PowerShell
[2.297s] DEBUG:colcon.colcon_core.shell:Skip shell extension 'dsv' for command environment
[2.316s] INFO:colcon.colcon_ros.task.ament_cmake.build:Building ROS package in '/home/bg99/Documents/Projects/robot-arm/software/arm_ros2_ws/src/arm_interfaces' with build type 'ament_cmake'
[2.317s] INFO:colcon.colcon_cmake.task.cmake.build:Building CMake package in '/home/bg99/Documents/Projects/robot-arm/software/arm_ros2_ws/src/arm_interfaces'
[2.318s] INFO:colcon.colcon_core.shell:Skip shell extension 'powershell' for command environment: Not usable outside of PowerShell
[2.319s] DEBUG:colcon.colcon_core.shell:Skip shell extension 'dsv' for command environment
[2.339s] INFO:colcon.colcon_ros.task.ament_python.build:Building ROS package in '/home/bg99/Documents/Projects/robot-arm/software/arm_ros2_ws/src/arm_teleop' with build type 'ament_python'
[2.340s] Level 1:colcon.colcon_core.shell:create_environment_hook('arm_teleop', 'ament_prefix_path')
[2.342s] INFO:colcon.colcon_core.shell:Creating environment hook '/home/bg99/Documents/Projects/robot-arm/software/arm_ros2_ws/install/arm_teleop/share/arm_teleop/hook/ament_prefix_path.ps1'
[2.344s] INFO:colcon.colcon_core.shell:Creating environment descriptor '/home/bg99/Documents/Projects/robot-arm/software/arm_ros2_ws/install/arm_teleop/share/arm_teleop/hook/ament_prefix_path.dsv'
[2.346s] INFO:colcon.colcon_core.shell:Creating environment hook '/home/bg99/Documents/Projects/robot-arm/software/arm_ros2_ws/install/arm_teleop/share/arm_teleop/hook/ament_prefix_path.sh'
[2.348s] INFO:colcon.colcon_core.shell:Skip shell extension 'powershell' for command environment: Not usable outside of PowerShell
[2.348s] DEBUG:colcon.colcon_core.shell:Skip shell extension 'dsv' for command environment
[2.366s] INFO:colcon.colcon_ros.task.ament_python.build:Building ROS package in '/home/bg99/Documents/Projects/robot-arm/software/arm_ros2_ws/src/stm32_bridge' with build type 'ament_python'
[2.367s] Level 1:colcon.colcon_core.shell:create_environment_hook('stm32_bridge', 'ament_prefix_path')
[2.369s] INFO:colcon.colcon_core.shell:Creating environment hook '/home/bg99/Documents/Projects/robot-arm/software/arm_ros2_ws/install/stm32_bridge/share/stm32_bridge/hook/ament_prefix_path.ps1'
[2.371s] INFO:colcon.colcon_core.shell:Creating environment descriptor '/home/bg99/Documents/Projects/robot-arm/software/arm_ros2_ws/install/stm32_bridge/share/stm32_bridge/hook/ament_prefix_path.dsv'
[2.373s] INFO:colcon.colcon_core.shell:Creating environment hook '/home/bg99/Documents/Projects/robot-arm/software/arm_ros2_ws/install/stm32_bridge/share/stm32_bridge/hook/ament_prefix_path.sh'
[2.375s] INFO:colcon.colcon_core.shell:Skip shell extension 'powershell' for command environment: Not usable outside of PowerShell
[2.375s] DEBUG:colcon.colcon_core.shell:Skip shell extension 'dsv' for command environment
[3.583s] INFO:colcon.colcon_core.task.python.build:Building Python package in '/home/bg99/Documents/Projects/robot-arm/software/arm_ros2_ws/src/arm_bringup'
[7.024s] INFO:colcon.colcon_core.shell:Skip shell extension 'powershell' for command environment: Not usable outside of PowerShell
[7.024s] DEBUG:colcon.colcon_core.shell:Skip shell extension 'dsv' for command environment
[7.056s] DEBUG:colcon.colcon_core.event_handler.log_command:Invoking command in '/home/bg99/Documents/Projects/robot-arm/software/arm_ros2_ws/build/arm_interfaces': CMAKE_PREFIX_PATH=${CMAKE_PREFIX_PATH}:/home/bg99/Documents/Projects/robot-arm/software/arm_ros2_ws/install/stm32_bridge:/home/bg99/Documents/Projects/robot-arm/software/arm_ros2_ws/install/arm_teleop:/opt/ros/foxy /usr/bin/cmake --build /home/bg99/Documents/Projects/robot-arm/software/arm_ros2_ws/build/arm_interfaces -- -j4 -l4
[8.366s] INFO:colcon.colcon_core.task.python.build:Building Python package in '/home/bg99/Documents/Projects/robot-arm/software/arm_ros2_ws/src/arm_teleop'
[8.368s] INFO:colcon.colcon_core.shell:Skip shell extension 'powershell' for command environment: Not usable outside of PowerShell
[8.368s] DEBUG:colcon.colcon_core.shell:Skip shell extension 'dsv' for command environment
[9.571s] INFO:colcon.colcon_core.task.python.build:Building Python package in '/home/bg99/Documents/Projects/robot-arm/software/arm_ros2_ws/src/stm32_bridge'
[9.573s] INFO:colcon.colcon_core.shell:Skip shell extension 'powershell' for command environment: Not usable outside of PowerShell
[9.573s] DEBUG:colcon.colcon_core.shell:Skip shell extension 'dsv' for command environment
[9.611s] DEBUG:colcon.colcon_core.event_handler.log_command:Invoked command in '/home/bg99/Documents/Projects/robot-arm/software/arm_ros2_ws/build/arm_interfaces' returned '0': CMAKE_PREFIX_PATH=${CMAKE_PREFIX_PATH}:/home/bg99/Documents/Projects/robot-arm/software/arm_ros2_ws/install/stm32_bridge:/home/bg99/Documents/Projects/robot-arm/software/arm_ros2_ws/install/arm_teleop:/opt/ros/foxy /usr/bin/cmake --build /home/bg99/Documents/Projects/robot-arm/software/arm_ros2_ws/build/arm_interfaces -- -j4 -l4
[9.646s] DEBUG:colcon.colcon_core.event_handler.log_command:Invoking command in '/home/bg99/Documents/Projects/robot-arm/software/arm_ros2_ws/build/arm_interfaces': CMAKE_PREFIX_PATH=${CMAKE_PREFIX_PATH}:/home/bg99/Documents/Projects/robot-arm/software/arm_ros2_ws/install/stm32_bridge:/home/bg99/Documents/Projects/robot-arm/software/arm_ros2_ws/install/arm_teleop:/opt/ros/foxy /usr/bin/cmake --install /home/bg99/Documents/Projects/robot-arm/software/arm_ros2_ws/build/arm_interfaces
[9.924s] Level 1:colcon.colcon_core.environment:create_environment_scripts_only(arm_interfaces)
[9.936s] Level 1:colcon.colcon_core.environment:checking '/home/bg99/Documents/Projects/robot-arm/software/arm_ros2_ws/install/arm_interfaces' for CMake module files
[9.940s] Level 1:colcon.colcon_core.environment:checking '/home/bg99/Documents/Projects/robot-arm/software/arm_ros2_ws/install/arm_interfaces' for CMake config files
[9.942s] DEBUG:colcon.colcon_core.event_handler.log_command:Invoked command in '/home/bg99/Documents/Projects/robot-arm/software/arm_ros2_ws/build/arm_interfaces' returned '0': CMAKE_PREFIX_PATH=${CMAKE_PREFIX_PATH}:/home/bg99/Documents/Projects/robot-arm/software/arm_ros2_ws/install/stm32_bridge:/home/bg99/Documents/Projects/robot-arm/software/arm_ros2_ws/install/arm_teleop:/opt/ros/foxy /usr/bin/cmake --install /home/bg99/Documents/Projects/robot-arm/software/arm_ros2_ws/build/arm_interfaces
[9.945s] Level 1:colcon.colcon_core.shell:create_environment_hook('arm_interfaces', 'cmake_prefix_path')
[9.947s] INFO:colcon.colcon_core.shell:Creating environment hook '/home/bg99/Documents/Projects/robot-arm/software/arm_ros2_ws/install/arm_interfaces/share/arm_interfaces/hook/cmake_prefix_path.ps1'
[9.949s] INFO:colcon.colcon_core.shell:Creating environment descriptor '/home/bg99/Documents/Projects/robot-arm/software/arm_ros2_ws/install/arm_interfaces/share/arm_interfaces/hook/cmake_prefix_path.dsv'
[9.951s] INFO:colcon.colcon_core.shell:Creating environment hook '/home/bg99/Documents/Projects/robot-arm/software/arm_ros2_ws/install/arm_interfaces/share/arm_interfaces/hook/cmake_prefix_path.sh'
[9.954s] Level 1:colcon.colcon_core.environment:checking '/home/bg99/Documents/Projects/robot-arm/software/arm_ros2_ws/install/arm_interfaces/lib'
[9.955s] Level 1:colcon.colcon_core.shell:create_environment_hook('arm_interfaces', 'ld_library_path_lib')
[9.956s] INFO:colcon.colcon_core.shell:Creating environment hook '/home/bg99/Documents/Projects/robot-arm/software/arm_ros2_ws/install/arm_interfaces/share/arm_interfaces/hook/ld_library_path_lib.ps1'
[9.958s] INFO:colcon.colcon_core.shell:Creating environment descriptor '/home/bg99/Documents/Projects/robot-arm/software/arm_ros2_ws/install/arm_interfaces/share/arm_interfaces/hook/ld_library_path_lib.dsv'
[9.959s] INFO:colcon.colcon_core.shell:Creating environment hook '/home/bg99/Documents/Projects/robot-arm/software/arm_ros2_ws/install/arm_interfaces/share/arm_interfaces/hook/ld_library_path_lib.sh'
[9.961s] Level 1:colcon.colcon_core.environment:checking '/home/bg99/Documents/Projects/robot-arm/software/arm_ros2_ws/install/arm_interfaces/bin'
[9.962s] Level 1:colcon.colcon_core.environment:checking '/home/bg99/Documents/Projects/robot-arm/software/arm_ros2_ws/install/arm_interfaces/lib/pkgconfig/arm_interfaces.pc'
[9.963s] Level 1:colcon.colcon_core.environment:checking '/home/bg99/Documents/Projects/robot-arm/software/arm_ros2_ws/install/arm_interfaces/lib/python3.8/site-packages'
[9.963s] Level 1:colcon.colcon_core.shell:create_environment_hook('arm_interfaces', 'pythonpath')
[9.965s] INFO:colcon.colcon_core.shell:Creating environment hook '/home/bg99/Documents/Projects/robot-arm/software/arm_ros2_ws/install/arm_interfaces/share/arm_interfaces/hook/pythonpath.ps1'
[9.966s] INFO:colcon.colcon_core.shell:Creating environment descriptor '/home/bg99/Documents/Projects/robot-arm/software/arm_ros2_ws/install/arm_interfaces/share/arm_interfaces/hook/pythonpath.dsv'
[9.968s] INFO:colcon.colcon_core.shell:Creating environment hook '/home/bg99/Documents/Projects/robot-arm/software/arm_ros2_ws/install/arm_interfaces/share/arm_interfaces/hook/pythonpath.sh'
[9.972s] Level 1:colcon.colcon_core.environment:checking '/home/bg99/Documents/Projects/robot-arm/software/arm_ros2_ws/install/arm_interfaces/bin'
[9.974s] INFO:colcon.colcon_core.shell:Creating package script '/home/bg99/Documents/Projects/robot-arm/software/arm_ros2_ws/install/arm_interfaces/share/arm_interfaces/package.ps1'
[9.981s] INFO:colcon.colcon_core.shell:Creating package descriptor '/home/bg99/Documents/Projects/robot-arm/software/arm_ros2_ws/install/arm_interfaces/share/arm_interfaces/package.dsv'
[9.984s] INFO:colcon.colcon_core.shell:Creating package script '/home/bg99/Documents/Projects/robot-arm/software/arm_ros2_ws/install/arm_interfaces/share/arm_interfaces/package.sh'
[9.988s] INFO:colcon.colcon_core.shell:Creating package script '/home/bg99/Documents/Projects/robot-arm/software/arm_ros2_ws/install/arm_interfaces/share/arm_interfaces/package.bash'
[9.992s] INFO:colcon.colcon_core.shell:Creating package script '/home/bg99/Documents/Projects/robot-arm/software/arm_ros2_ws/install/arm_interfaces/share/arm_interfaces/package.zsh'
[9.995s] Level 1:colcon.colcon_core.environment:create_file_with_runtime_dependencies(/home/bg99/Documents/Projects/robot-arm/software/arm_ros2_ws/install/arm_interfaces/share/colcon-core/packages/arm_interfaces)
[9.998s] Level 1:colcon.colcon_core.environment:create_environment_scripts_only(arm_interfaces)
[10.000s] Level 1:colcon.colcon_core.environment:checking '/home/bg99/Documents/Projects/robot-arm/software/arm_ros2_ws/install/arm_interfaces' for CMake module files
[10.003s] Level 1:colcon.colcon_core.environment:checking '/home/bg99/Documents/Projects/robot-arm/software/arm_ros2_ws/install/arm_interfaces' for CMake config files
[10.007s] Level 1:colcon.colcon_core.shell:create_environment_hook('arm_interfaces', 'cmake_prefix_path')
[10.008s] INFO:colcon.colcon_core.shell:Creating environment hook '/home/bg99/Documents/Projects/robot-arm/software/arm_ros2_ws/install/arm_interfaces/share/arm_interfaces/hook/cmake_prefix_path.ps1'
[10.840s] INFO:colcon.colcon_core.shell:Creating environment descriptor '/home/bg99/Documents/Projects/robot-arm/software/arm_ros2_ws/install/arm_interfaces/share/arm_interfaces/hook/cmake_prefix_path.dsv'
[10.842s] INFO:colcon.colcon_core.shell:Creating environment hook '/home/bg99/Documents/Projects/robot-arm/software/arm_ros2_ws/install/arm_interfaces/share/arm_interfaces/hook/cmake_prefix_path.sh'
[10.844s] Level 1:colcon.colcon_core.environment:checking '/home/bg99/Documents/Projects/robot-arm/software/arm_ros2_ws/install/arm_interfaces/lib'
[10.845s] Level 1:colcon.colcon_core.shell:create_environment_hook('arm_interfaces', 'ld_library_path_lib')
[10.846s] INFO:colcon.colcon_core.shell:Creating environment hook '/home/bg99/Documents/Projects/robot-arm/software/arm_ros2_ws/install/arm_interfaces/share/arm_interfaces/hook/ld_library_path_lib.ps1'
[10.848s] INFO:colcon.colcon_core.shell:Creating environment descriptor '/home/bg99/Documents/Projects/robot-arm/software/arm_ros2_ws/install/arm_interfaces/share/arm_interfaces/hook/ld_library_path_lib.dsv'
[10.849s] INFO:colcon.colcon_core.shell:Creating environment hook '/home/bg99/Documents/Projects/robot-arm/software/arm_ros2_ws/install/arm_interfaces/share/arm_interfaces/hook/ld_library_path_lib.sh'
[10.851s] Level 1:colcon.colcon_core.environment:checking '/home/bg99/Documents/Projects/robot-arm/software/arm_ros2_ws/install/arm_interfaces/bin'
[10.852s] Level 1:colcon.colcon_core.environment:checking '/home/bg99/Documents/Projects/robot-arm/software/arm_ros2_ws/install/arm_interfaces/lib/pkgconfig/arm_interfaces.pc'
[10.853s] Level 1:colcon.colcon_core.environment:checking '/home/bg99/Documents/Projects/robot-arm/software/arm_ros2_ws/install/arm_interfaces/lib/python3.8/site-packages'
[10.853s] Level 1:colcon.colcon_core.shell:create_environment_hook('arm_interfaces', 'pythonpath')
[10.854s] INFO:colcon.colcon_core.shell:Creating environment hook '/home/bg99/Documents/Projects/robot-arm/software/arm_ros2_ws/install/arm_interfaces/share/arm_interfaces/hook/pythonpath.ps1'
[10.856s] INFO:colcon.colcon_core.shell:Creating environment descriptor '/home/bg99/Documents/Projects/robot-arm/software/arm_ros2_ws/install/arm_interfaces/share/arm_interfaces/hook/pythonpath.dsv'
[10.858s] INFO:colcon.colcon_core.shell:Creating environment hook '/home/bg99/Documents/Projects/robot-arm/software/arm_ros2_ws/install/arm_interfaces/share/arm_interfaces/hook/pythonpath.sh'
[10.861s] Level 1:colcon.colcon_core.environment:checking '/home/bg99/Documents/Projects/robot-arm/software/arm_ros2_ws/install/arm_interfaces/bin'
[10.863s] INFO:colcon.colcon_core.shell:Creating package script '/home/bg99/Documents/Projects/robot-arm/software/arm_ros2_ws/install/arm_interfaces/share/arm_interfaces/package.ps1'
[10.866s] INFO:colcon.colcon_core.shell:Creating package descriptor '/home/bg99/Documents/Projects/robot-arm/software/arm_ros2_ws/install/arm_interfaces/share/arm_interfaces/package.dsv'
[10.869s] INFO:colcon.colcon_core.shell:Creating package script '/home/bg99/Documents/Projects/robot-arm/software/arm_ros2_ws/install/arm_interfaces/share/arm_interfaces/package.sh'
[10.872s] INFO:colcon.colcon_core.shell:Creating package script '/home/bg99/Documents/Projects/robot-arm/software/arm_ros2_ws/install/arm_interfaces/share/arm_interfaces/package.bash'
[10.874s] INFO:colcon.colcon_core.shell:Creating package script '/home/bg99/Documents/Projects/robot-arm/software/arm_ros2_ws/install/arm_interfaces/share/arm_interfaces/package.zsh'
[10.876s] Level 1:colcon.colcon_core.environment:create_file_with_runtime_dependencies(/home/bg99/Documents/Projects/robot-arm/software/arm_ros2_ws/install/arm_interfaces/share/colcon-core/packages/arm_interfaces)
[11.559s] DEBUG:colcon.colcon_core.event_handler.log_command:Invoking command in '/home/bg99/Documents/Projects/robot-arm/software/arm_ros2_ws/src/arm_teleop': PYTHONPATH=/home/bg99/Documents/Projects/robot-arm/software/arm_ros2_ws/build/arm_teleop/prefix_override:/usr/lib/python3/dist-packages/colcon_core/task/python/colcon_distutils_commands:/home/bg99/Documents/Projects/robot-arm/software/arm_ros2_ws/install/arm_teleop/lib/python3.8/site-packages:${PYTHONPATH} /usr/bin/python3 -W ignore:setup.py install is deprecated -W ignore:easy_install command is deprecated setup.py egg_info --egg-base ../../build/arm_teleop build --build-base /home/bg99/Documents/Projects/robot-arm/software/arm_ros2_ws/build/arm_teleop/build install --record /home/bg99/Documents/Projects/robot-arm/software/arm_ros2_ws/build/arm_teleop/install.log --install-scripts $base/lib/arm_teleop --single-version-externally-managed install_data
[11.575s] DEBUG:colcon.colcon_core.event_handler.log_command:Invoking command in '/home/bg99/Documents/Projects/robot-arm/software/arm_ros2_ws/src/arm_bringup': PYTHONPATH=/home/bg99/Documents/Projects/robot-arm/software/arm_ros2_ws/build/arm_bringup/prefix_override:/usr/lib/python3/dist-packages/colcon_core/task/python/colcon_distutils_commands:/home/bg99/Documents/Projects/robot-arm/software/arm_ros2_ws/install/arm_bringup/lib/python3.8/site-packages:${PYTHONPATH} /usr/bin/python3 -W ignore:setup.py install is deprecated -W ignore:easy_install command is deprecated setup.py egg_info --egg-base ../../build/arm_bringup build --build-base /home/bg99/Documents/Projects/robot-arm/software/arm_ros2_ws/build/arm_bringup/build install --record /home/bg99/Documents/Projects/robot-arm/software/arm_ros2_ws/build/arm_bringup/install.log --install-scripts $base/lib/arm_bringup --single-version-externally-managed install_data
[11.642s] DEBUG:colcon.colcon_core.event_handler.log_command:Invoking command in '/home/bg99/Documents/Projects/robot-arm/software/arm_ros2_ws/src/stm32_bridge': PYTHONPATH=/home/bg99/Documents/Projects/robot-arm/software/arm_ros2_ws/build/stm32_bridge/prefix_override:/usr/lib/python3/dist-packages/colcon_core/task/python/colcon_distutils_commands:/home/bg99/Documents/Projects/robot-arm/software/arm_ros2_ws/install/stm32_bridge/lib/python3.8/site-packages:${PYTHONPATH} /usr/bin/python3 -W ignore:setup.py install is deprecated -W ignore:easy_install command is deprecated setup.py egg_info --egg-base ../../build/stm32_bridge build --build-base /home/bg99/Documents/Projects/robot-arm/software/arm_ros2_ws/build/stm32_bridge/build install --record /home/bg99/Documents/Projects/robot-arm/software/arm_ros2_ws/build/stm32_bridge/install.log --install-scripts $base/lib/stm32_bridge --single-version-externally-managed install_data
[13.026s] Level 1:colcon.colcon_core.environment:checking '/home/bg99/Documents/Projects/robot-arm/software/arm_ros2_ws/install/arm_teleop' for CMake module files
[13.029s] DEBUG:colcon.colcon_core.event_handler.log_command:Invoked command in '/home/bg99/Documents/Projects/robot-arm/software/arm_ros2_ws/src/arm_teleop' returned '0': PYTHONPATH=/home/bg99/Documents/Projects/robot-arm/software/arm_ros2_ws/build/arm_teleop/prefix_override:/usr/lib/python3/dist-packages/colcon_core/task/python/colcon_distutils_commands:/home/bg99/Documents/Projects/robot-arm/software/arm_ros2_ws/install/arm_teleop/lib/python3.8/site-packages:${PYTHONPATH} /usr/bin/python3 -W ignore:setup.py install is deprecated -W ignore:easy_install command is deprecated setup.py egg_info --egg-base ../../build/arm_teleop build --build-base /home/bg99/Documents/Projects/robot-arm/software/arm_ros2_ws/build/arm_teleop/build install --record /home/bg99/Documents/Projects/robot-arm/software/arm_ros2_ws/build/arm_teleop/install.log --install-scripts $base/lib/arm_teleop --single-version-externally-managed install_data
[13.031s] Level 1:colcon.colcon_core.environment:checking '/home/bg99/Documents/Projects/robot-arm/software/arm_ros2_ws/install/arm_teleop' for CMake config files
[13.033s] Level 1:colcon.colcon_core.environment:checking '/home/bg99/Documents/Projects/robot-arm/software/arm_ros2_ws/install/arm_teleop/lib'
[13.034s] Level 1:colcon.colcon_core.environment:checking '/home/bg99/Documents/Projects/robot-arm/software/arm_ros2_ws/install/arm_teleop/bin'
[13.034s] Level 1:colcon.colcon_core.environment:checking '/home/bg99/Documents/Projects/robot-arm/software/arm_ros2_ws/install/arm_teleop/lib/pkgconfig/arm_teleop.pc'
[13.035s] Level 1:colcon.colcon_core.environment:checking '/home/bg99/Documents/Projects/robot-arm/software/arm_ros2_ws/install/arm_teleop/lib/python3.8/site-packages'
[13.036s] Level 1:colcon.colcon_core.shell:create_environment_hook('arm_teleop', 'pythonpath')
[13.037s] INFO:colcon.colcon_core.shell:Creating environment hook '/home/bg99/Documents/Projects/robot-arm/software/arm_ros2_ws/install/arm_teleop/share/arm_teleop/hook/pythonpath.ps1'
[13.040s] INFO:colcon.colcon_core.shell:Creating environment descriptor '/home/bg99/Documents/Projects/robot-arm/software/arm_ros2_ws/install/arm_teleop/share/arm_teleop/hook/pythonpath.dsv'
[13.043s] INFO:colcon.colcon_core.shell:Creating environment hook '/home/bg99/Documents/Projects/robot-arm/software/arm_ros2_ws/install/arm_teleop/share/arm_teleop/hook/pythonpath.sh'
[13.047s] Level 1:colcon.colcon_core.environment:checking '/home/bg99/Documents/Projects/robot-arm/software/arm_ros2_ws/install/arm_teleop/bin'
[13.047s] Level 1:colcon.colcon_core.environment:create_environment_scripts_only(arm_teleop)
[13.049s] INFO:colcon.colcon_core.shell:Creating package script '/home/bg99/Documents/Projects/robot-arm/software/arm_ros2_ws/install/arm_teleop/share/arm_teleop/package.ps1'
[13.053s] INFO:colcon.colcon_core.shell:Creating package descriptor '/home/bg99/Documents/Projects/robot-arm/software/arm_ros2_ws/install/arm_teleop/share/arm_teleop/package.dsv'
[13.056s] INFO:colcon.colcon_core.shell:Creating package script '/home/bg99/Documents/Projects/robot-arm/software/arm_ros2_ws/install/arm_teleop/share/arm_teleop/package.sh'
[13.059s] INFO:colcon.colcon_core.shell:Creating package script '/home/bg99/Documents/Projects/robot-arm/software/arm_ros2_ws/install/arm_teleop/share/arm_teleop/package.bash'
[13.061s] INFO:colcon.colcon_core.shell:Creating package script '/home/bg99/Documents/Projects/robot-arm/software/arm_ros2_ws/install/arm_teleop/share/arm_teleop/package.zsh'
[13.063s] Level 1:colcon.colcon_core.environment:create_file_with_runtime_dependencies(/home/bg99/Documents/Projects/robot-arm/software/arm_ros2_ws/install/arm_teleop/share/colcon-core/packages/arm_teleop)
[13.069s] Level 1:colcon.colcon_core.environment:checking '/home/bg99/Documents/Projects/robot-arm/software/arm_ros2_ws/install/arm_bringup' for CMake module files
[13.072s] DEBUG:colcon.colcon_core.event_handler.log_command:Invoked command in '/home/bg99/Documents/Projects/robot-arm/software/arm_ros2_ws/src/arm_bringup' returned '0': PYTHONPATH=/home/bg99/Documents/Projects/robot-arm/software/arm_ros2_ws/build/arm_bringup/prefix_override:/usr/lib/python3/dist-packages/colcon_core/task/python/colcon_distutils_commands:/home/bg99/Documents/Projects/robot-arm/software/arm_ros2_ws/install/arm_bringup/lib/python3.8/site-packages:${PYTHONPATH} /usr/bin/python3 -W ignore:setup.py install is deprecated -W ignore:easy_install command is deprecated setup.py egg_info --egg-base ../../build/arm_bringup build --build-base /home/bg99/Documents/Projects/robot-arm/software/arm_ros2_ws/build/arm_bringup/build install --record /home/bg99/Documents/Projects/robot-arm/software/arm_ros2_ws/build/arm_bringup/install.log --install-scripts $base/lib/arm_bringup --single-version-externally-managed install_data
[13.074s] Level 1:colcon.colcon_core.environment:checking '/home/bg99/Documents/Projects/robot-arm/software/arm_ros2_ws/install/arm_bringup' for CMake config files
[13.076s] Level 1:colcon.colcon_core.shell:create_environment_hook('arm_bringup', 'cmake_prefix_path')
[13.077s] INFO:colcon.colcon_core.shell:Creating environment hook '/home/bg99/Documents/Projects/robot-arm/software/arm_ros2_ws/install/arm_bringup/share/arm_bringup/hook/cmake_prefix_path.ps1'
[13.080s] INFO:colcon.colcon_core.shell:Creating environment descriptor '/home/bg99/Documents/Projects/robot-arm/software/arm_ros2_ws/install/arm_bringup/share/arm_bringup/hook/cmake_prefix_path.dsv'
[13.082s] INFO:colcon.colcon_core.shell:Creating environment hook '/home/bg99/Documents/Projects/robot-arm/software/arm_ros2_ws/install/arm_bringup/share/arm_bringup/hook/cmake_prefix_path.sh'
[13.084s] Level 1:colcon.colcon_core.environment:checking '/home/bg99/Documents/Projects/robot-arm/software/arm_ros2_ws/install/arm_bringup/lib'
[13.085s] Level 1:colcon.colcon_core.environment:checking '/home/bg99/Documents/Projects/robot-arm/software/arm_ros2_ws/install/arm_bringup/bin'
[13.085s] Level 1:colcon.colcon_core.environment:checking '/home/bg99/Documents/Projects/robot-arm/software/arm_ros2_ws/install/arm_bringup/lib/pkgconfig/arm_bringup.pc'
[13.086s] Level 1:colcon.colcon_core.environment:checking '/home/bg99/Documents/Projects/robot-arm/software/arm_ros2_ws/install/arm_bringup/lib/python3.8/site-packages'
[13.086s] Level 1:colcon.colcon_core.shell:create_environment_hook('arm_bringup', 'pythonpath')
[13.087s] INFO:colcon.colcon_core.shell:Creating environment hook '/home/bg99/Documents/Projects/robot-arm/software/arm_ros2_ws/install/arm_bringup/share/arm_bringup/hook/pythonpath.ps1'
[13.089s] INFO:colcon.colcon_core.shell:Creating environment descriptor '/home/bg99/Documents/Projects/robot-arm/software/arm_ros2_ws/install/arm_bringup/share/arm_bringup/hook/pythonpath.dsv'
[13.091s] INFO:colcon.colcon_core.shell:Creating environment hook '/home/bg99/Documents/Projects/robot-arm/software/arm_ros2_ws/install/arm_bringup/share/arm_bringup/hook/pythonpath.sh'
[13.094s] Level 1:colcon.colcon_core.environment:checking '/home/bg99/Documents/Projects/robot-arm/software/arm_ros2_ws/install/arm_bringup/bin'
[13.095s] Level 1:colcon.colcon_core.environment:create_environment_scripts_only(arm_bringup)
[13.097s] INFO:colcon.colcon_core.shell:Creating package script '/home/bg99/Documents/Projects/robot-arm/software/arm_ros2_ws/install/arm_bringup/share/arm_bringup/package.ps1'
[13.101s] INFO:colcon.colcon_core.shell:Creating package descriptor '/home/bg99/Documents/Projects/robot-arm/software/arm_ros2_ws/install/arm_bringup/share/arm_bringup/package.dsv'
[13.103s] INFO:colcon.colcon_core.shell:Creating package script '/home/bg99/Documents/Projects/robot-arm/software/arm_ros2_ws/install/arm_bringup/share/arm_bringup/package.sh'
[13.106s] INFO:colcon.colcon_core.shell:Creating package script '/home/bg99/Documents/Projects/robot-arm/software/arm_ros2_ws/install/arm_bringup/share/arm_bringup/package.bash'
[13.108s] INFO:colcon.colcon_core.shell:Creating package script '/home/bg99/Documents/Projects/robot-arm/software/arm_ros2_ws/install/arm_bringup/share/arm_bringup/package.zsh'
[13.109s] Level 1:colcon.colcon_core.environment:create_file_with_runtime_dependencies(/home/bg99/Documents/Projects/robot-arm/software/arm_ros2_ws/install/arm_bringup/share/colcon-core/packages/arm_bringup)
[13.140s] Level 1:colcon.colcon_core.environment:checking '/home/bg99/Documents/Projects/robot-arm/software/arm_ros2_ws/install/stm32_bridge' for CMake module files
[13.143s] DEBUG:colcon.colcon_core.event_handler.log_command:Invoked command in '/home/bg99/Documents/Projects/robot-arm/software/arm_ros2_ws/src/stm32_bridge' returned '0': PYTHONPATH=/home/bg99/Documents/Projects/robot-arm/software/arm_ros2_ws/build/stm32_bridge/prefix_override:/usr/lib/python3/dist-packages/colcon_core/task/python/colcon_distutils_commands:/home/bg99/Documents/Projects/robot-arm/software/arm_ros2_ws/install/stm32_bridge/lib/python3.8/site-packages:${PYTHONPATH} /usr/bin/python3 -W ignore:setup.py install is deprecated -W ignore:easy_install command is deprecated setup.py egg_info --egg-base ../../build/stm32_bridge build --build-base /home/bg99/Documents/Projects/robot-arm/software/arm_ros2_ws/build/stm32_bridge/build install --record /home/bg99/Documents/Projects/robot-arm/software/arm_ros2_ws/build/stm32_bridge/install.log --install-scripts $base/lib/stm32_bridge --single-version-externally-managed install_data
[13.144s] Level 1:colcon.colcon_core.environment:checking '/home/bg99/Documents/Projects/robot-arm/software/arm_ros2_ws/install/stm32_bridge' for CMake config files
[13.146s] Level 1:colcon.colcon_core.environment:checking '/home/bg99/Documents/Projects/robot-arm/software/arm_ros2_ws/install/stm32_bridge/lib'
[13.147s] Level 1:colcon.colcon_core.environment:checking '/home/bg99/Documents/Projects/robot-arm/software/arm_ros2_ws/install/stm32_bridge/bin'
[13.147s] Level 1:colcon.colcon_core.environment:checking '/home/bg99/Documents/Projects/robot-arm/software/arm_ros2_ws/install/stm32_bridge/lib/pkgconfig/stm32_bridge.pc'
[13.148s] Level 1:colcon.colcon_core.environment:checking '/home/bg99/Documents/Projects/robot-arm/software/arm_ros2_ws/install/stm32_bridge/lib/python3.8/site-packages'
[13.148s] Level 1:colcon.colcon_core.shell:create_environment_hook('stm32_bridge', 'pythonpath')
[13.149s] INFO:colcon.colcon_core.shell:Creating environment hook '/home/bg99/Documents/Projects/robot-arm/software/arm_ros2_ws/install/stm32_bridge/share/stm32_bridge/hook/pythonpath.ps1'
[13.151s] INFO:colcon.colcon_core.shell:Creating environment descriptor '/home/bg99/Documents/Projects/robot-arm/software/arm_ros2_ws/install/stm32_bridge/share/stm32_bridge/hook/pythonpath.dsv'
[13.152s] INFO:colcon.colcon_core.shell:Creating environment hook '/home/bg99/Documents/Projects/robot-arm/software/arm_ros2_ws/install/stm32_bridge/share/stm32_bridge/hook/pythonpath.sh'
[13.154s] Level 1:colcon.colcon_core.environment:checking '/home/bg99/Documents/Projects/robot-arm/software/arm_ros2_ws/install/stm32_bridge/bin'
[13.155s] Level 1:colcon.colcon_core.environment:create_environment_scripts_only(stm32_bridge)
[13.156s] INFO:colcon.colcon_core.shell:Creating package script '/home/bg99/Documents/Projects/robot-arm/software/arm_ros2_ws/install/stm32_bridge/share/stm32_bridge/package.ps1'
[13.158s] INFO:colcon.colcon_core.shell:Creating package descriptor '/home/bg99/Documents/Projects/robot-arm/software/arm_ros2_ws/install/stm32_bridge/share/stm32_bridge/package.dsv'
[13.160s] INFO:colcon.colcon_core.shell:Creating package script '/home/bg99/Documents/Projects/robot-arm/software/arm_ros2_ws/install/stm32_bridge/share/stm32_bridge/package.sh'
[13.162s] INFO:colcon.colcon_core.shell:Creating package script '/home/bg99/Documents/Projects/robot-arm/software/arm_ros2_ws/install/stm32_bridge/share/stm32_bridge/package.bash'
[13.163s] INFO:colcon.colcon_core.shell:Creating package script '/home/bg99/Documents/Projects/robot-arm/software/arm_ros2_ws/install/stm32_bridge/share/stm32_bridge/package.zsh'
[13.164s] Level 1:colcon.colcon_core.environment:create_file_with_runtime_dependencies(/home/bg99/Documents/Projects/robot-arm/software/arm_ros2_ws/install/stm32_bridge/share/colcon-core/packages/stm32_bridge)
[13.165s] DEBUG:colcon.colcon_parallel_executor.executor.parallel:closing loop
[13.166s] DEBUG:colcon.colcon_parallel_executor.executor.parallel:loop closed
[13.167s] DEBUG:colcon.colcon_parallel_executor.executor.parallel:run_until_complete finished with '0'
[13.167s] DEBUG:colcon.colcon_core.event_reactor:joining thread
[13.169s] DEBUG:colcon.colcon_core.event_reactor:joined thread
[13.170s] INFO:colcon.colcon_core.shell:Creating prefix script '/home/bg99/Documents/Projects/robot-arm/software/arm_ros2_ws/install/local_setup.ps1'
[13.174s] INFO:colcon.colcon_core.shell:Creating prefix util module '/home/bg99/Documents/Projects/robot-arm/software/arm_ros2_ws/install/_local_setup_util_ps1.py'
[13.180s] INFO:colcon.colcon_core.shell:Creating prefix chain script '/home/bg99/Documents/Projects/robot-arm/software/arm_ros2_ws/install/setup.ps1'
[13.185s] INFO:colcon.colcon_core.shell:Creating prefix script '/home/bg99/Documents/Projects/robot-arm/software/arm_ros2_ws/install/local_setup.sh'
[13.187s] INFO:colcon.colcon_core.shell:Creating prefix util module '/home/bg99/Documents/Projects/robot-arm/software/arm_ros2_ws/install/_local_setup_util_sh.py'
[13.189s] INFO:colcon.colcon_core.shell:Creating prefix chain script '/home/bg99/Documents/Projects/robot-arm/software/arm_ros2_ws/install/setup.sh'
[13.194s] INFO:colcon.colcon_core.shell:Creating prefix script '/home/bg99/Documents/Projects/robot-arm/software/arm_ros2_ws/install/local_setup.bash'
[13.196s] INFO:colcon.colcon_core.shell:Creating prefix chain script '/home/bg99/Documents/Projects/robot-arm/software/arm_ros2_ws/install/setup.bash'
[13.200s] INFO:colcon.colcon_core.shell:Creating prefix script '/home/bg99/Documents/Projects/robot-arm/software/arm_ros2_ws/install/local_setup.zsh'
[13.204s] INFO:colcon.colcon_core.shell:Creating prefix chain script '/home/bg99/Documents/Projects/robot-arm/software/arm_ros2_ws/install/setup.zsh'
