[2.873s] Invoking command in '/home/bg99/Documents/Projects/robot-arm/software/arm_ros2_ws/src/stm32_bridge': PYTHONPATH=/home/bg99/Documents/Projects/robot-arm/software/arm_ros2_ws/build/stm32_bridge/prefix_override:/usr/lib/python3/dist-packages/colcon_core/task/python/colcon_distutils_commands:/home/bg99/Documents/Projects/robot-arm/software/arm_ros2_ws/install/stm32_bridge/lib/python3.8/site-packages:${PYTHONPATH} /usr/bin/python3 -W ignore:setup.py install is deprecated -W ignore:easy_install command is deprecated setup.py egg_info --egg-base ../../build/stm32_bridge build --build-base /home/bg99/Documents/Projects/robot-arm/software/arm_ros2_ws/build/stm32_bridge/build install --record /home/bg99/Documents/Projects/robot-arm/software/arm_ros2_ws/build/stm32_bridge/install.log --install-scripts $base/lib/stm32_bridge --single-version-externally-managed install_data
[3.853s] /usr/local/lib/python3.8/dist-packages/setuptools/dist.py:717: UserWarning: Usage of dash-separated 'script-dir' will not be supported in future versions. Please use the underscore name 'script_dir' instead
[3.854s]   warnings.warn(
[3.975s] running egg_info
[3.979s] writing ../../build/stm32_bridge/stm32_bridge.egg-info/PKG-INFO
[3.980s] writing dependency_links to ../../build/stm32_bridge/stm32_bridge.egg-info/dependency_links.txt
[3.980s] writing entry points to ../../build/stm32_bridge/stm32_bridge.egg-info/entry_points.txt
[3.981s] writing requirements to ../../build/stm32_bridge/stm32_bridge.egg-info/requires.txt
[3.981s] writing top-level names to ../../build/stm32_bridge/stm32_bridge.egg-info/top_level.txt
[3.991s] reading manifest file '../../build/stm32_bridge/stm32_bridge.egg-info/SOURCES.txt'
[3.995s] writing manifest file '../../build/stm32_bridge/stm32_bridge.egg-info/SOURCES.txt'
[3.996s] running build
[3.996s] running build_py
[3.996s] copying stm32_bridge/stm32_interface_node.py -> /home/bg99/Documents/Projects/robot-arm/software/arm_ros2_ws/build/stm32_bridge/build/lib/stm32_bridge
[3.998s] running install
[4.001s] running install_lib
[4.004s] copying /home/bg99/Documents/Projects/robot-arm/software/arm_ros2_ws/build/stm32_bridge/build/lib/stm32_bridge/stm32_interface_node.py -> /home/bg99/Documents/Projects/robot-arm/software/arm_ros2_ws/install/stm32_bridge/lib/python3.8/site-packages/stm32_bridge
[4.007s] byte-compiling /home/bg99/Documents/Projects/robot-arm/software/arm_ros2_ws/install/stm32_bridge/lib/python3.8/site-packages/stm32_bridge/stm32_interface_node.py to stm32_interface_node.cpython-38.pyc
[4.009s] running install_data
[4.010s] running install_egg_info
[4.016s] removing '/home/bg99/Documents/Projects/robot-arm/software/arm_ros2_ws/install/stm32_bridge/lib/python3.8/site-packages/stm32_bridge-0.0.0-py3.8.egg-info' (and everything under it)
[4.017s] Copying ../../build/stm32_bridge/stm32_bridge.egg-info to /home/bg99/Documents/Projects/robot-arm/software/arm_ros2_ws/install/stm32_bridge/lib/python3.8/site-packages/stm32_bridge-0.0.0-py3.8.egg-info
[4.020s] running install_scripts
[4.089s] Installing stm32_interface_node script to /home/bg99/Documents/Projects/robot-arm/software/arm_ros2_ws/install/stm32_bridge/lib/stm32_bridge
[4.090s] writing list of installed files to '/home/bg99/Documents/Projects/robot-arm/software/arm_ros2_ws/build/stm32_bridge/install.log'
[4.183s] Invoked command in '/home/bg99/Documents/Projects/robot-arm/software/arm_ros2_ws/src/stm32_bridge' returned '0': PYTHONPATH=/home/bg99/Documents/Projects/robot-arm/software/arm_ros2_ws/build/stm32_bridge/prefix_override:/usr/lib/python3/dist-packages/colcon_core/task/python/colcon_distutils_commands:/home/bg99/Documents/Projects/robot-arm/software/arm_ros2_ws/install/stm32_bridge/lib/python3.8/site-packages:${PYTHONPATH} /usr/bin/python3 -W ignore:setup.py install is deprecated -W ignore:easy_install command is deprecated setup.py egg_info --egg-base ../../build/stm32_bridge build --build-base /home/bg99/Documents/Projects/robot-arm/software/arm_ros2_ws/build/stm32_bridge/build install --record /home/bg99/Documents/Projects/robot-arm/software/arm_ros2_ws/build/stm32_bridge/install.log --install-scripts $base/lib/stm32_bridge --single-version-externally-managed install_data
