running egg_info
creating ../../build/stm32_bridge/stm32_bridge.egg-info
writing ../../build/stm32_bridge/stm32_bridge.egg-info/PKG-INFO
writing dependency_links to ../../build/stm32_bridge/stm32_bridge.egg-info/dependency_links.txt
writing entry points to ../../build/stm32_bridge/stm32_bridge.egg-info/entry_points.txt
writing requirements to ../../build/stm32_bridge/stm32_bridge.egg-info/requires.txt
writing top-level names to ../../build/stm32_bridge/stm32_bridge.egg-info/top_level.txt
writing manifest file '../../build/stm32_bridge/stm32_bridge.egg-info/SOURCES.txt'
reading manifest file '../../build/stm32_bridge/stm32_bridge.egg-info/SOURCES.txt'
writing manifest file '../../build/stm32_bridge/stm32_bridge.egg-info/SOURCES.txt'
running build
running build_py
creating /home/bg99/Documents/Projects/robot-arm/software/arm_ros2_ws/build/stm32_bridge/build
creating /home/bg99/Documents/Projects/robot-arm/software/arm_ros2_ws/build/stm32_bridge/build/lib
creating /home/bg99/Documents/Projects/robot-arm/software/arm_ros2_ws/build/stm32_bridge/build/lib/stm32_bridge
copying stm32_bridge/serial_com.py -> /home/bg99/Documents/Projects/robot-arm/software/arm_ros2_ws/build/stm32_bridge/build/lib/stm32_bridge
copying stm32_bridge/stm32_interface_node.py -> /home/bg99/Documents/Projects/robot-arm/software/arm_ros2_ws/build/stm32_bridge/build/lib/stm32_bridge
copying stm32_bridge/protocol.py -> /home/bg99/Documents/Projects/robot-arm/software/arm_ros2_ws/build/stm32_bridge/build/lib/stm32_bridge
copying stm32_bridge/__init__.py -> /home/bg99/Documents/Projects/robot-arm/software/arm_ros2_ws/build/stm32_bridge/build/lib/stm32_bridge
running install
running install_lib
creating /home/bg99/Documents/Projects/robot-arm/software/arm_ros2_ws/install/stm32_bridge/lib/python3.8/site-packages/stm32_bridge
copying /home/bg99/Documents/Projects/robot-arm/software/arm_ros2_ws/build/stm32_bridge/build/lib/stm32_bridge/serial_com.py -> /home/bg99/Documents/Projects/robot-arm/software/arm_ros2_ws/install/stm32_bridge/lib/python3.8/site-packages/stm32_bridge
copying /home/bg99/Documents/Projects/robot-arm/software/arm_ros2_ws/build/stm32_bridge/build/lib/stm32_bridge/stm32_interface_node.py -> /home/bg99/Documents/Projects/robot-arm/software/arm_ros2_ws/install/stm32_bridge/lib/python3.8/site-packages/stm32_bridge
copying /home/bg99/Documents/Projects/robot-arm/software/arm_ros2_ws/build/stm32_bridge/build/lib/stm32_bridge/protocol.py -> /home/bg99/Documents/Projects/robot-arm/software/arm_ros2_ws/install/stm32_bridge/lib/python3.8/site-packages/stm32_bridge
copying /home/bg99/Documents/Projects/robot-arm/software/arm_ros2_ws/build/stm32_bridge/build/lib/stm32_bridge/__init__.py -> /home/bg99/Documents/Projects/robot-arm/software/arm_ros2_ws/install/stm32_bridge/lib/python3.8/site-packages/stm32_bridge
byte-compiling /home/bg99/Documents/Projects/robot-arm/software/arm_ros2_ws/install/stm32_bridge/lib/python3.8/site-packages/stm32_bridge/serial_com.py to serial_com.cpython-38.pyc
byte-compiling /home/bg99/Documents/Projects/robot-arm/software/arm_ros2_ws/install/stm32_bridge/lib/python3.8/site-packages/stm32_bridge/stm32_interface_node.py to stm32_interface_node.cpython-38.pyc
byte-compiling /home/bg99/Documents/Projects/robot-arm/software/arm_ros2_ws/install/stm32_bridge/lib/python3.8/site-packages/stm32_bridge/protocol.py to protocol.cpython-38.pyc
byte-compiling /home/bg99/Documents/Projects/robot-arm/software/arm_ros2_ws/install/stm32_bridge/lib/python3.8/site-packages/stm32_bridge/__init__.py to __init__.cpython-38.pyc
running install_data
creating /home/bg99/Documents/Projects/robot-arm/software/arm_ros2_ws/install/stm32_bridge/share/ament_index
creating /home/bg99/Documents/Projects/robot-arm/software/arm_ros2_ws/install/stm32_bridge/share/ament_index/resource_index
creating /home/bg99/Documents/Projects/robot-arm/software/arm_ros2_ws/install/stm32_bridge/share/ament_index/resource_index/packages
copying resource/stm32_bridge -> /home/bg99/Documents/Projects/robot-arm/software/arm_ros2_ws/install/stm32_bridge/share/ament_index/resource_index/packages
copying package.xml -> /home/bg99/Documents/Projects/robot-arm/software/arm_ros2_ws/install/stm32_bridge/share/stm32_bridge
running install_egg_info
Copying ../../build/stm32_bridge/stm32_bridge.egg-info to /home/bg99/Documents/Projects/robot-arm/software/arm_ros2_ws/install/stm32_bridge/lib/python3.8/site-packages/stm32_bridge-0.0.0-py3.8.egg-info
running install_scripts
writing list of installed files to '/home/bg99/Documents/Projects/robot-arm/software/arm_ros2_ws/build/stm32_bridge/install.log'
