/usr/local/lib/python3.8/dist-packages/setuptools/dist.py:717: UserWarning: Usage of dash-separated 'script-dir' will not be supported in future versions. Please use the underscore name 'script_dir' instead
  warnings.warn(
running egg_info
writing ../../build/arm_teleop/arm_teleop.egg-info/PKG-INFO
writing dependency_links to ../../build/arm_teleop/arm_teleop.egg-info/dependency_links.txt
writing entry points to ../../build/arm_teleop/arm_teleop.egg-info/entry_points.txt
writing requirements to ../../build/arm_teleop/arm_teleop.egg-info/requires.txt
writing top-level names to ../../build/arm_teleop/arm_teleop.egg-info/top_level.txt
reading manifest file '../../build/arm_teleop/arm_teleop.egg-info/SOURCES.txt'
writing manifest file '../../build/arm_teleop/arm_teleop.egg-info/SOURCES.txt'
running build
running build_py
copying arm_teleop/keyboard_teleop_node.py -> /home/bg99/Documents/Projects/robot-arm/software/arm_ros2_ws/build/arm_teleop/build/lib/arm_teleop
running install
running install_lib
copying /home/bg99/Documents/Projects/robot-arm/software/arm_ros2_ws/build/arm_teleop/build/lib/arm_teleop/keyboard_teleop_node.py -> /home/bg99/Documents/Projects/robot-arm/software/arm_ros2_ws/install/arm_teleop/lib/python3.8/site-packages/arm_teleop
byte-compiling /home/bg99/Documents/Projects/robot-arm/software/arm_ros2_ws/install/arm_teleop/lib/python3.8/site-packages/arm_teleop/keyboard_teleop_node.py to keyboard_teleop_node.cpython-38.pyc
running install_data
running install_egg_info
removing '/home/bg99/Documents/Projects/robot-arm/software/arm_ros2_ws/install/arm_teleop/lib/python3.8/site-packages/arm_teleop-0.0.0-py3.8.egg-info' (and everything under it)
Copying ../../build/arm_teleop/arm_teleop.egg-info to /home/bg99/Documents/Projects/robot-arm/software/arm_ros2_ws/install/arm_teleop/lib/python3.8/site-packages/arm_teleop-0.0.0-py3.8.egg-info
running install_scripts
Installing keyboard_teleop_node script to /home/bg99/Documents/Projects/robot-arm/software/arm_ros2_ws/install/arm_teleop/lib/arm_teleop
writing list of installed files to '/home/bg99/Documents/Projects/robot-arm/software/arm_ros2_ws/build/arm_teleop/install.log'
