[7.920s] Invoking command in '/home/bg99/Documents/Projects/robot-arm/software/arm_ros2_ws/src/arm_teleop': PYTHONPATH=/home/bg99/Documents/Projects/robot-arm/software/arm_ros2_ws/build/arm_teleop/prefix_override:/usr/lib/python3/dist-packages/colcon_core/task/python/colcon_distutils_commands:/home/bg99/Documents/Projects/robot-arm/software/arm_ros2_ws/install/arm_teleop/lib/python3.8/site-packages:${PYTHONPATH} /usr/bin/python3 -W ignore:setup.py install is deprecated -W ignore:easy_install command is deprecated setup.py egg_info --egg-base ../../build/arm_teleop build --build-base /home/bg99/Documents/Projects/robot-arm/software/arm_ros2_ws/build/arm_teleop/build install --record /home/bg99/Documents/Projects/robot-arm/software/arm_ros2_ws/build/arm_teleop/install.log --install-scripts $base/lib/arm_teleop --single-version-externally-managed install_data
[9.018s] /usr/local/lib/python3.8/dist-packages/setuptools/dist.py:717: UserWarning: Usage of dash-separated 'script-dir' will not be supported in future versions. Please use the underscore name 'script_dir' instead
[9.018s]   warnings.warn(
[9.161s] running egg_info
[9.166s] writing ../../build/arm_teleop/arm_teleop.egg-info/PKG-INFO
[9.166s] writing dependency_links to ../../build/arm_teleop/arm_teleop.egg-info/dependency_links.txt
[9.167s] writing entry points to ../../build/arm_teleop/arm_teleop.egg-info/entry_points.txt
[9.167s] writing requirements to ../../build/arm_teleop/arm_teleop.egg-info/requires.txt
[9.168s] writing top-level names to ../../build/arm_teleop/arm_teleop.egg-info/top_level.txt
[9.179s] reading manifest file '../../build/arm_teleop/arm_teleop.egg-info/SOURCES.txt'
[9.187s] writing manifest file '../../build/arm_teleop/arm_teleop.egg-info/SOURCES.txt'
[9.187s] running build
[9.188s] running build_py
[9.188s] copying arm_teleop/keyboard_teleop_node.py -> /home/bg99/Documents/Projects/robot-arm/software/arm_ros2_ws/build/arm_teleop/build/lib/arm_teleop
[9.189s] running install
[9.190s] running install_lib
[9.194s] copying /home/bg99/Documents/Projects/robot-arm/software/arm_ros2_ws/build/arm_teleop/build/lib/arm_teleop/keyboard_teleop_node.py -> /home/bg99/Documents/Projects/robot-arm/software/arm_ros2_ws/install/arm_teleop/lib/python3.8/site-packages/arm_teleop
[9.197s] byte-compiling /home/bg99/Documents/Projects/robot-arm/software/arm_ros2_ws/install/arm_teleop/lib/python3.8/site-packages/arm_teleop/keyboard_teleop_node.py to keyboard_teleop_node.cpython-38.pyc
[9.200s] running install_data
[9.202s] running install_egg_info
[9.207s] removing '/home/bg99/Documents/Projects/robot-arm/software/arm_ros2_ws/install/arm_teleop/lib/python3.8/site-packages/arm_teleop-0.0.0-py3.8.egg-info' (and everything under it)
[9.208s] Copying ../../build/arm_teleop/arm_teleop.egg-info to /home/bg99/Documents/Projects/robot-arm/software/arm_ros2_ws/install/arm_teleop/lib/python3.8/site-packages/arm_teleop-0.0.0-py3.8.egg-info
[9.212s] running install_scripts
[9.292s] Installing keyboard_teleop_node script to /home/bg99/Documents/Projects/robot-arm/software/arm_ros2_ws/install/arm_teleop/lib/arm_teleop
[9.294s] writing list of installed files to '/home/bg99/Documents/Projects/robot-arm/software/arm_ros2_ws/build/arm_teleop/install.log'
[9.408s] Invoked command in '/home/bg99/Documents/Projects/robot-arm/software/arm_ros2_ws/src/arm_teleop' returned '0': PYTHONPATH=/home/bg99/Documents/Projects/robot-arm/software/arm_ros2_ws/build/arm_teleop/prefix_override:/usr/lib/python3/dist-packages/colcon_core/task/python/colcon_distutils_commands:/home/bg99/Documents/Projects/robot-arm/software/arm_ros2_ws/install/arm_teleop/lib/python3.8/site-packages:${PYTHONPATH} /usr/bin/python3 -W ignore:setup.py install is deprecated -W ignore:easy_install command is deprecated setup.py egg_info --egg-base ../../build/arm_teleop build --build-base /home/bg99/Documents/Projects/robot-arm/software/arm_ros2_ws/build/arm_teleop/build install --record /home/bg99/Documents/Projects/robot-arm/software/arm_ros2_ws/build/arm_teleop/install.log --install-scripts $base/lib/arm_teleop --single-version-externally-managed install_data
