[1.280s] Invoking command in '/home/bg99/Documents/Projects/robot-arm/software/arm_ros2_ws/build/arm_interfaces': CMAKE_PREFIX_PATH=${CMAKE_PREFIX_PATH}:/home/bg99/Documents/Projects/robot-arm/software/arm_ros2_ws/install/arm_teleop:/home/bg99/Documents/Projects/robot-arm/software/arm_ros2_ws/install/stm32_bridge:/opt/ros/foxy /usr/bin/cmake --build /home/bg99/Documents/Projects/robot-arm/software/arm_ros2_ws/build/arm_interfaces -- -j4 -l4
[3.840s] -- Found ament_cmake: 0.9.12 (/opt/ros/foxy/share/ament_cmake/cmake)
[3.841s] -- Using PYTHON_EXECUTABLE: /usr/bin/python3
[3.842s] -- Found rosidl_default_generators: 1.0.1 (/opt/ros/foxy/share/rosidl_default_generators/cmake)
[3.842s] -- Using all available rosidl_typesupport_c: rosidl_typesupport_fastrtps_c;rosidl_typesupport_introspection_c
[3.844s] -- Found rosidl_adapter: 1.3.1 (/opt/ros/foxy/share/rosidl_adapter/cmake)
[3.847s] -- Found OpenSSL: /usr/lib/aarch64-linux-gnu/libcrypto.so (found version "1.1.1f")  
[3.848s] -- Found FastRTPS: /opt/ros/foxy/include  
[3.849s] -- Using all available rosidl_typesupport_cpp: rosidl_typesupport_fastrtps_cpp;rosidl_typesupport_introspection_cpp
[3.990s] -- Found PythonInterp: /usr/bin/python3 (found version "3.8.10") 
[6.650s] -- Found ament_cmake_ros: 0.9.2 (/opt/ros/foxy/share/ament_cmake_ros/cmake)
[7.325s] -- Using all available rosidl_typesupport_c: rosidl_typesupport_fastrtps_c;rosidl_typesupport_introspection_c
[7.371s] -- Using all available rosidl_typesupport_cpp: rosidl_typesupport_fastrtps_cpp;rosidl_typesupport_introspection_cpp
[7.468s] -- Found PythonInterp: /usr/bin/python3 (found suitable version "3.8.10", minimum required is "3.5") 
[7.480s] -- Found python_cmake_module: 0.8.1 (/opt/ros/foxy/share/python_cmake_module/cmake)
[7.592s] -- Found PythonLibs: /usr/lib/aarch64-linux-gnu/libpython3.8.so (found suitable version "3.8.10", minimum required is "3.5") 
[7.593s] -- Using PYTHON_EXECUTABLE: /usr/bin/python3
[7.593s] -- Using PYTHON_INCLUDE_DIRS: /usr/include/python3.8
[7.594s] -- Using PYTHON_LIBRARIES: /usr/lib/aarch64-linux-gnu/libpython3.8.so
[7.679s] -- Found PythonExtra: .so  
[7.846s] -- Found ament_lint_auto: 0.9.8 (/opt/ros/foxy/share/ament_lint_auto/cmake)
[7.892s] -- Added test 'copyright' to check source files copyright and LICENSE
[7.901s] -- Added test 'lint_cmake' to check CMake code style
[7.906s] -- Added test 'xmllint' to check XML markup files
[7.925s] -- Configuring done
[8.052s] -- Generating done
[8.094s] -- Build files have been written to: /home/bg99/Documents/Projects/robot-arm/software/arm_ros2_ws/build/arm_interfaces
[8.179s] [  2%] [34m[1mGenerating C code for ROS interfaces[0m
[8.180s] [35m[1mScanning dependencies of target arm_interfaces__cpp[0m
[8.217s] [  5%] [34m[1mGenerating C++ code for ROS interfaces[0m
[14.529s] [  5%] Built target arm_interfaces__cpp
[14.570s] [ 10%] [34m[1mGenerating C++ type support for eProsima Fast-RTPS[0m
[14.571s] [ 10%] [34m[1mGenerating C++ type support dispatch for ROS interfaces[0m
[14.648s] [ 12%] [34m[1mGenerating C++ introspection for ROS interfaces[0m
[14.708s] [35m[1mScanning dependencies of target arm_interfaces__rosidl_generator_c[0m
[14.766s] [ 15%] [32mBuilding C object CMakeFiles/arm_interfaces__rosidl_generator_c.dir/rosidl_generator_c/arm_interfaces/srv/detail/calibrate__functions.c.o[0m
[15.077s] [ 17%] [32mBuilding C object CMakeFiles/arm_interfaces__rosidl_generator_c.dir/rosidl_generator_c/arm_interfaces/srv/detail/home__functions.c.o[0m
[15.299s] [ 20%] [32m[1mLinking C shared library libarm_interfaces__rosidl_generator_c.so[0m
[15.422s] [ 20%] Built target arm_interfaces__rosidl_generator_c
[15.458s] [ 23%] [34m[1mGenerating C introspection for ROS interfaces[0m
[15.855s] [35m[1mScanning dependencies of target arm_interfaces__rosidl_typesupport_cpp[0m
[15.917s] [ 25%] [32mBuilding CXX object CMakeFiles/arm_interfaces__rosidl_typesupport_cpp.dir/rosidl_typesupport_cpp/arm_interfaces/srv/calibrate__type_support.cpp.o[0m
[16.135s] [35m[1mScanning dependencies of target arm_interfaces__rosidl_typesupport_introspection_cpp[0m
[16.184s] [35m[1mScanning dependencies of target arm_interfaces__rosidl_typesupport_fastrtps_cpp[0m
[16.189s] [ 28%] [32mBuilding CXX object CMakeFiles/arm_interfaces__rosidl_typesupport_introspection_cpp.dir/rosidl_typesupport_introspection_cpp/arm_interfaces/srv/detail/calibrate__type_support.cpp.o[0m
[16.419s] [ 30%] [32mBuilding CXX object CMakeFiles/arm_interfaces__rosidl_typesupport_fastrtps_cpp.dir/rosidl_typesupport_fastrtps_cpp/arm_interfaces/srv/detail/dds_fastrtps/calibrate__type_support.cpp.o[0m
[17.218s] [35m[1mScanning dependencies of target arm_interfaces__rosidl_typesupport_introspection_c[0m
[22.650s] [ 33%] [32mBuilding CXX object CMakeFiles/arm_interfaces__rosidl_typesupport_cpp.dir/rosidl_typesupport_cpp/arm_interfaces/srv/home__type_support.cpp.o[0m
[22.654s] [ 35%] [32mBuilding CXX object CMakeFiles/arm_interfaces__rosidl_typesupport_introspection_cpp.dir/rosidl_typesupport_introspection_cpp/arm_interfaces/srv/detail/home__type_support.cpp.o[0m
[22.658s] [ 38%] [32mBuilding CXX object CMakeFiles/arm_interfaces__rosidl_typesupport_fastrtps_cpp.dir/rosidl_typesupport_fastrtps_cpp/arm_interfaces/srv/detail/dds_fastrtps/home__type_support.cpp.o[0m
[22.814s] [ 41%] [32mBuilding C object CMakeFiles/arm_interfaces__rosidl_typesupport_introspection_c.dir/rosidl_typesupport_introspection_c/arm_interfaces/srv/detail/calibrate__type_support.c.o[0m
[25.930s] [ 46%] [32m[1mLinking CXX shared library libarm_interfaces__rosidl_typesupport_introspection_cpp.so[0m
[25.932s] [ 46%] [32m[1mLinking CXX shared library libarm_interfaces__rosidl_typesupport_cpp.so[0m
[25.950s] [ 48%] [32mBuilding C object CMakeFiles/arm_interfaces__rosidl_typesupport_introspection_c.dir/rosidl_typesupport_introspection_c/arm_interfaces/srv/detail/home__type_support.c.o[0m
[26.066s] [ 48%] Built target arm_interfaces__rosidl_typesupport_cpp
[26.100s] [ 51%] [34m[1mGenerating C type support dispatch for ROS interfaces[0m
[26.270s] [ 53%] [32m[1mLinking CXX shared library libarm_interfaces__rosidl_typesupport_fastrtps_cpp.so[0m
[26.328s] [ 53%] Built target arm_interfaces__rosidl_typesupport_introspection_cpp
[26.663s] [ 56%] [32m[1mLinking C shared library libarm_interfaces__rosidl_typesupport_introspection_c.so[0m
[26.773s] [ 56%] Built target arm_interfaces__rosidl_typesupport_introspection_c
[26.875s] [ 56%] Built target arm_interfaces__rosidl_typesupport_fastrtps_cpp
[26.910s] [ 58%] [34m[1mGenerating C type support for eProsima Fast-RTPS[0m
[27.738s] [35m[1mScanning dependencies of target arm_interfaces__rosidl_typesupport_c[0m
[27.783s] [ 64%] [32mBuilding CXX object CMakeFiles/arm_interfaces__rosidl_typesupport_c.dir/rosidl_typesupport_c/arm_interfaces/srv/calibrate__type_support.cpp.o[0m
[27.784s] [ 64%] [32mBuilding CXX object CMakeFiles/arm_interfaces__rosidl_typesupport_c.dir/rosidl_typesupport_c/arm_interfaces/srv/home__type_support.cpp.o[0m
[30.415s] [ 66%] [32m[1mLinking CXX shared library libarm_interfaces__rosidl_typesupport_c.so[0m
[30.544s] [ 66%] Built target arm_interfaces__rosidl_typesupport_c
[30.951s] [35m[1mScanning dependencies of target arm_interfaces__rosidl_typesupport_fastrtps_c[0m
[31.018s] [ 71%] [32mBuilding CXX object CMakeFiles/arm_interfaces__rosidl_typesupport_fastrtps_c.dir/rosidl_typesupport_fastrtps_c/arm_interfaces/srv/detail/calibrate__type_support_c.cpp.o[0m
[31.019s] [ 71%] [32mBuilding CXX object CMakeFiles/arm_interfaces__rosidl_typesupport_fastrtps_c.dir/rosidl_typesupport_fastrtps_c/arm_interfaces/srv/detail/home__type_support_c.cpp.o[0m
[36.134s] [ 74%] [32m[1mLinking CXX shared library libarm_interfaces__rosidl_typesupport_fastrtps_c.so[0m
[36.429s] [ 74%] Built target arm_interfaces__rosidl_typesupport_fastrtps_c
[36.463s] [35m[1mScanning dependencies of target arm_interfaces[0m
[36.497s] [ 74%] Built target arm_interfaces
[36.531s] [35m[1mScanning dependencies of target arm_interfaces__py[0m
[36.566s] [ 76%] [34m[1mGenerating Python code for ROS interfaces[0m
[42.292s] [ 76%] Built target arm_interfaces__py
[42.325s] [35m[1mScanning dependencies of target arm_interfaces__python[0m
[64.519s] [ 82%] [32mBuilding C object CMakeFiles/arm_interfaces__python.dir/rosidl_generator_py/arm_interfaces/srv/_home_s.c.o[0m
[64.520s] [ 82%] [32mBuilding C object CMakeFiles/arm_interfaces__python.dir/rosidl_generator_py/arm_interfaces/srv/_calibrate_s.c.o[0m
[69.953s] [ 84%] [32m[1mLinking C shared library rosidl_generator_py/arm_interfaces/libarm_interfaces__python.so[0m
[70.134s] [ 84%] Built target arm_interfaces__python
[70.169s] [35m[1mScanning dependencies of target arm_interfaces__rosidl_typesupport_introspection_c__pyext[0m
[70.170s] [35m[1mScanning dependencies of target arm_interfaces__rosidl_typesupport_c__pyext[0m
[70.170s] [35m[1mScanning dependencies of target arm_interfaces__rosidl_typesupport_fastrtps_c__pyext[0m
[72.626s] [ 89%] [32mBuilding C object CMakeFiles/arm_interfaces__rosidl_typesupport_c__pyext.dir/rosidl_generator_py/arm_interfaces/_arm_interfaces_s.ep.rosidl_typesupport_c.c.o[0m
[72.626s] [ 89%] [32mBuilding C object CMakeFiles/arm_interfaces__rosidl_typesupport_introspection_c__pyext.dir/rosidl_generator_py/arm_interfaces/_arm_interfaces_s.ep.rosidl_typesupport_introspection_c.c.o[0m
[72.634s] [ 92%] [32mBuilding C object CMakeFiles/arm_interfaces__rosidl_typesupport_fastrtps_c__pyext.dir/rosidl_generator_py/arm_interfaces/_arm_interfaces_s.ep.rosidl_typesupport_fastrtps_c.c.o[0m
[80.587s] [100%] [32m[1mLinking C shared library rosidl_generator_py/arm_interfaces/arm_interfaces_s__rosidl_typesupport_c.cpython-38-aarch64-linux-gnu.so[0m
[80.588s] [100%] [32m[1mLinking C shared library rosidl_generator_py/arm_interfaces/arm_interfaces_s__rosidl_typesupport_introspection_c.cpython-38-aarch64-linux-gnu.so[0m
[80.589s] [100%] [32m[1mLinking CXX shared library rosidl_generator_py/arm_interfaces/arm_interfaces_s__rosidl_typesupport_fastrtps_c.cpython-38-aarch64-linux-gnu.so[0m
[80.712s] [100%] Built target arm_interfaces__rosidl_typesupport_c__pyext
[80.812s] [100%] Built target arm_interfaces__rosidl_typesupport_fastrtps_c__pyext
[91.270s] [100%] Built target arm_interfaces__rosidl_typesupport_introspection_c__pyext
[93.625s] Invoked command in '/home/bg99/Documents/Projects/robot-arm/software/arm_ros2_ws/build/arm_interfaces' returned '0': CMAKE_PREFIX_PATH=${CMAKE_PREFIX_PATH}:/home/bg99/Documents/Projects/robot-arm/software/arm_ros2_ws/install/arm_teleop:/home/bg99/Documents/Projects/robot-arm/software/arm_ros2_ws/install/stm32_bridge:/opt/ros/foxy /usr/bin/cmake --build /home/bg99/Documents/Projects/robot-arm/software/arm_ros2_ws/build/arm_interfaces -- -j4 -l4
[93.664s] Invoking command in '/home/bg99/Documents/Projects/robot-arm/software/arm_ros2_ws/build/arm_interfaces': CMAKE_PREFIX_PATH=${CMAKE_PREFIX_PATH}:/home/bg99/Documents/Projects/robot-arm/software/arm_ros2_ws/install/arm_teleop:/home/bg99/Documents/Projects/robot-arm/software/arm_ros2_ws/install/stm32_bridge:/opt/ros/foxy /usr/bin/cmake --install /home/bg99/Documents/Projects/robot-arm/software/arm_ros2_ws/build/arm_interfaces
[93.698s] -- Install configuration: ""
[93.699s] -- Installing: /home/bg99/Documents/Projects/robot-arm/software/arm_ros2_ws/install/arm_interfaces/share/ament_index/resource_index/rosidl_interfaces/arm_interfaces
[93.700s] -- Installing: /home/bg99/Documents/Projects/robot-arm/software/arm_ros2_ws/install/arm_interfaces/include/arm_interfaces
[93.700s] -- Installing: /home/bg99/Documents/Projects/robot-arm/software/arm_ros2_ws/install/arm_interfaces/include/arm_interfaces/srv
[93.701s] -- Installing: /home/bg99/Documents/Projects/robot-arm/software/arm_ros2_ws/install/arm_interfaces/include/arm_interfaces/srv/detail
[93.701s] -- Installing: /home/bg99/Documents/Projects/robot-arm/software/arm_ros2_ws/install/arm_interfaces/include/arm_interfaces/srv/detail/calibrate__type_support.h
[93.702s] -- Installing: /home/bg99/Documents/Projects/robot-arm/software/arm_ros2_ws/install/arm_interfaces/include/arm_interfaces/srv/detail/home__functions.h
[93.702s] -- Installing: /home/bg99/Documents/Projects/robot-arm/software/arm_ros2_ws/install/arm_interfaces/include/arm_interfaces/srv/detail/home__type_support.h
[93.702s] -- Installing: /home/bg99/Documents/Projects/robot-arm/software/arm_ros2_ws/install/arm_interfaces/include/arm_interfaces/srv/detail/home__functions.c
[93.703s] -- Installing: /home/bg99/Documents/Projects/robot-arm/software/arm_ros2_ws/install/arm_interfaces/include/arm_interfaces/srv/detail/home__struct.h
[93.703s] -- Installing: /home/bg99/Documents/Projects/robot-arm/software/arm_ros2_ws/install/arm_interfaces/include/arm_interfaces/srv/detail/calibrate__struct.h
[93.704s] -- Installing: /home/bg99/Documents/Projects/robot-arm/software/arm_ros2_ws/install/arm_interfaces/include/arm_interfaces/srv/detail/calibrate__functions.h
[93.704s] -- Installing: /home/bg99/Documents/Projects/robot-arm/software/arm_ros2_ws/install/arm_interfaces/include/arm_interfaces/srv/detail/calibrate__functions.c
[93.705s] -- Installing: /home/bg99/Documents/Projects/robot-arm/software/arm_ros2_ws/install/arm_interfaces/include/arm_interfaces/srv/calibrate.h
[93.705s] -- Installing: /home/bg99/Documents/Projects/robot-arm/software/arm_ros2_ws/install/arm_interfaces/include/arm_interfaces/srv/home.h
[93.705s] -- Installing: /home/bg99/Documents/Projects/robot-arm/software/arm_ros2_ws/install/arm_interfaces/include/arm_interfaces/msg
[93.706s] -- Installing: /home/bg99/Documents/Projects/robot-arm/software/arm_ros2_ws/install/arm_interfaces/include/arm_interfaces/msg/rosidl_generator_c__visibility_control.h
[93.707s] -- Installing: /home/bg99/Documents/Projects/robot-arm/software/arm_ros2_ws/install/arm_interfaces/share/arm_interfaces/environment/library_path.sh
[93.707s] -- Installing: /home/bg99/Documents/Projects/robot-arm/software/arm_ros2_ws/install/arm_interfaces/share/arm_interfaces/environment/library_path.dsv
[93.708s] -- Installing: /home/bg99/Documents/Projects/robot-arm/software/arm_ros2_ws/install/arm_interfaces/lib/libarm_interfaces__rosidl_generator_c.so
[93.710s] -- Set runtime path of "/home/bg99/Documents/Projects/robot-arm/software/arm_ros2_ws/install/arm_interfaces/lib/libarm_interfaces__rosidl_generator_c.so" to ""
[93.710s] -- Up-to-date: /home/bg99/Documents/Projects/robot-arm/software/arm_ros2_ws/install/arm_interfaces/include/arm_interfaces
[93.710s] -- Up-to-date: /home/bg99/Documents/Projects/robot-arm/software/arm_ros2_ws/install/arm_interfaces/include/arm_interfaces/srv
[93.711s] -- Up-to-date: /home/bg99/Documents/Projects/robot-arm/software/arm_ros2_ws/install/arm_interfaces/include/arm_interfaces/srv/detail
[93.711s] -- Installing: /home/bg99/Documents/Projects/robot-arm/software/arm_ros2_ws/install/arm_interfaces/include/arm_interfaces/srv/detail/calibrate__rosidl_typesupport_fastrtps_c.h
[93.712s] -- Installing: /home/bg99/Documents/Projects/robot-arm/software/arm_ros2_ws/install/arm_interfaces/include/arm_interfaces/srv/detail/home__rosidl_typesupport_fastrtps_c.h
[93.712s] -- Up-to-date: /home/bg99/Documents/Projects/robot-arm/software/arm_ros2_ws/install/arm_interfaces/include/arm_interfaces/msg
[93.712s] -- Installing: /home/bg99/Documents/Projects/robot-arm/software/arm_ros2_ws/install/arm_interfaces/include/arm_interfaces/msg/rosidl_typesupport_fastrtps_c__visibility_control.h
[93.713s] -- Installing: /home/bg99/Documents/Projects/robot-arm/software/arm_ros2_ws/install/arm_interfaces/lib/libarm_interfaces__rosidl_typesupport_fastrtps_c.so
[93.714s] -- Set runtime path of "/home/bg99/Documents/Projects/robot-arm/software/arm_ros2_ws/install/arm_interfaces/lib/libarm_interfaces__rosidl_typesupport_fastrtps_c.so" to ""
[93.714s] -- Up-to-date: /home/bg99/Documents/Projects/robot-arm/software/arm_ros2_ws/install/arm_interfaces/include/arm_interfaces
[93.715s] -- Up-to-date: /home/bg99/Documents/Projects/robot-arm/software/arm_ros2_ws/install/arm_interfaces/include/arm_interfaces/srv
[93.715s] -- Up-to-date: /home/bg99/Documents/Projects/robot-arm/software/arm_ros2_ws/install/arm_interfaces/include/arm_interfaces/srv/detail
[93.716s] -- Installing: /home/bg99/Documents/Projects/robot-arm/software/arm_ros2_ws/install/arm_interfaces/include/arm_interfaces/srv/detail/calibrate__rosidl_typesupport_fastrtps_cpp.hpp
[93.716s] -- Installing: /home/bg99/Documents/Projects/robot-arm/software/arm_ros2_ws/install/arm_interfaces/include/arm_interfaces/srv/detail/home__rosidl_typesupport_fastrtps_cpp.hpp
[93.716s] -- Installing: /home/bg99/Documents/Projects/robot-arm/software/arm_ros2_ws/install/arm_interfaces/include/arm_interfaces/srv/detail/dds_fastrtps
[93.717s] -- Up-to-date: /home/bg99/Documents/Projects/robot-arm/software/arm_ros2_ws/install/arm_interfaces/include/arm_interfaces/msg
[93.717s] -- Installing: /home/bg99/Documents/Projects/robot-arm/software/arm_ros2_ws/install/arm_interfaces/include/arm_interfaces/msg/rosidl_typesupport_fastrtps_cpp__visibility_control.h
[93.717s] -- Installing: /home/bg99/Documents/Projects/robot-arm/software/arm_ros2_ws/install/arm_interfaces/lib/libarm_interfaces__rosidl_typesupport_fastrtps_cpp.so
[93.719s] -- Set runtime path of "/home/bg99/Documents/Projects/robot-arm/software/arm_ros2_ws/install/arm_interfaces/lib/libarm_interfaces__rosidl_typesupport_fastrtps_cpp.so" to ""
[93.719s] -- Up-to-date: /home/bg99/Documents/Projects/robot-arm/software/arm_ros2_ws/install/arm_interfaces/include/arm_interfaces
[93.720s] -- Up-to-date: /home/bg99/Documents/Projects/robot-arm/software/arm_ros2_ws/install/arm_interfaces/include/arm_interfaces/srv
[93.720s] -- Up-to-date: /home/bg99/Documents/Projects/robot-arm/software/arm_ros2_ws/install/arm_interfaces/include/arm_interfaces/srv/detail
[93.720s] -- Installing: /home/bg99/Documents/Projects/robot-arm/software/arm_ros2_ws/install/arm_interfaces/include/arm_interfaces/srv/detail/home__rosidl_typesupport_introspection_c.h
[93.721s] -- Installing: /home/bg99/Documents/Projects/robot-arm/software/arm_ros2_ws/install/arm_interfaces/include/arm_interfaces/srv/detail/home__type_support.c
[93.721s] -- Installing: /home/bg99/Documents/Projects/robot-arm/software/arm_ros2_ws/install/arm_interfaces/include/arm_interfaces/srv/detail/calibrate__rosidl_typesupport_introspection_c.h
[93.722s] -- Installing: /home/bg99/Documents/Projects/robot-arm/software/arm_ros2_ws/install/arm_interfaces/include/arm_interfaces/srv/detail/calibrate__type_support.c
[93.722s] -- Up-to-date: /home/bg99/Documents/Projects/robot-arm/software/arm_ros2_ws/install/arm_interfaces/include/arm_interfaces/msg
[93.722s] -- Installing: /home/bg99/Documents/Projects/robot-arm/software/arm_ros2_ws/install/arm_interfaces/include/arm_interfaces/msg/rosidl_typesupport_introspection_c__visibility_control.h
[93.723s] -- Installing: /home/bg99/Documents/Projects/robot-arm/software/arm_ros2_ws/install/arm_interfaces/lib/libarm_interfaces__rosidl_typesupport_introspection_c.so
[93.724s] -- Set runtime path of "/home/bg99/Documents/Projects/robot-arm/software/arm_ros2_ws/install/arm_interfaces/lib/libarm_interfaces__rosidl_typesupport_introspection_c.so" to ""
[93.725s] -- Installing: /home/bg99/Documents/Projects/robot-arm/software/arm_ros2_ws/install/arm_interfaces/lib/libarm_interfaces__rosidl_typesupport_c.so
[93.726s] -- Set runtime path of "/home/bg99/Documents/Projects/robot-arm/software/arm_ros2_ws/install/arm_interfaces/lib/libarm_interfaces__rosidl_typesupport_c.so" to ""
[93.727s] -- Up-to-date: /home/bg99/Documents/Projects/robot-arm/software/arm_ros2_ws/install/arm_interfaces/include/arm_interfaces
[93.727s] -- Up-to-date: /home/bg99/Documents/Projects/robot-arm/software/arm_ros2_ws/install/arm_interfaces/include/arm_interfaces/srv
[93.727s] -- Installing: /home/bg99/Documents/Projects/robot-arm/software/arm_ros2_ws/install/arm_interfaces/include/arm_interfaces/srv/home.hpp
[93.728s] -- Up-to-date: /home/bg99/Documents/Projects/robot-arm/software/arm_ros2_ws/install/arm_interfaces/include/arm_interfaces/srv/detail
[93.728s] -- Installing: /home/bg99/Documents/Projects/robot-arm/software/arm_ros2_ws/install/arm_interfaces/include/arm_interfaces/srv/detail/calibrate__struct.hpp
[93.728s] -- Installing: /home/bg99/Documents/Projects/robot-arm/software/arm_ros2_ws/install/arm_interfaces/include/arm_interfaces/srv/detail/calibrate__traits.hpp
[93.729s] -- Installing: /home/bg99/Documents/Projects/robot-arm/software/arm_ros2_ws/install/arm_interfaces/include/arm_interfaces/srv/detail/home__type_support.hpp
[93.729s] -- Installing: /home/bg99/Documents/Projects/robot-arm/software/arm_ros2_ws/install/arm_interfaces/include/arm_interfaces/srv/detail/home__builder.hpp
[93.730s] -- Installing: /home/bg99/Documents/Projects/robot-arm/software/arm_ros2_ws/install/arm_interfaces/include/arm_interfaces/srv/detail/calibrate__type_support.hpp
[93.730s] -- Installing: /home/bg99/Documents/Projects/robot-arm/software/arm_ros2_ws/install/arm_interfaces/include/arm_interfaces/srv/detail/calibrate__builder.hpp
[93.730s] -- Installing: /home/bg99/Documents/Projects/robot-arm/software/arm_ros2_ws/install/arm_interfaces/include/arm_interfaces/srv/detail/home__struct.hpp
[93.731s] -- Installing: /home/bg99/Documents/Projects/robot-arm/software/arm_ros2_ws/install/arm_interfaces/include/arm_interfaces/srv/detail/home__traits.hpp
[93.732s] -- Installing: /home/bg99/Documents/Projects/robot-arm/software/arm_ros2_ws/install/arm_interfaces/include/arm_interfaces/srv/calibrate.hpp
[93.732s] -- Up-to-date: /home/bg99/Documents/Projects/robot-arm/software/arm_ros2_ws/install/arm_interfaces/include/arm_interfaces/msg
[93.732s] -- Installing: /home/bg99/Documents/Projects/robot-arm/software/arm_ros2_ws/install/arm_interfaces/include/arm_interfaces/msg/rosidl_generator_cpp__visibility_control.hpp
[93.733s] -- Up-to-date: /home/bg99/Documents/Projects/robot-arm/software/arm_ros2_ws/install/arm_interfaces/include/arm_interfaces
[93.733s] -- Up-to-date: /home/bg99/Documents/Projects/robot-arm/software/arm_ros2_ws/install/arm_interfaces/include/arm_interfaces/srv
[93.734s] -- Up-to-date: /home/bg99/Documents/Projects/robot-arm/software/arm_ros2_ws/install/arm_interfaces/include/arm_interfaces/srv/detail
[93.734s] -- Installing: /home/bg99/Documents/Projects/robot-arm/software/arm_ros2_ws/install/arm_interfaces/include/arm_interfaces/srv/detail/home__rosidl_typesupport_introspection_cpp.hpp
[93.734s] -- Installing: /home/bg99/Documents/Projects/robot-arm/software/arm_ros2_ws/install/arm_interfaces/include/arm_interfaces/srv/detail/calibrate__type_support.cpp
[93.735s] -- Installing: /home/bg99/Documents/Projects/robot-arm/software/arm_ros2_ws/install/arm_interfaces/include/arm_interfaces/srv/detail/calibrate__rosidl_typesupport_introspection_cpp.hpp
[93.735s] -- Installing: /home/bg99/Documents/Projects/robot-arm/software/arm_ros2_ws/install/arm_interfaces/include/arm_interfaces/srv/detail/home__type_support.cpp
[93.736s] -- Installing: /home/bg99/Documents/Projects/robot-arm/software/arm_ros2_ws/install/arm_interfaces/lib/libarm_interfaces__rosidl_typesupport_introspection_cpp.so
[93.737s] -- Set runtime path of "/home/bg99/Documents/Projects/robot-arm/software/arm_ros2_ws/install/arm_interfaces/lib/libarm_interfaces__rosidl_typesupport_introspection_cpp.so" to ""
[93.738s] -- Installing: /home/bg99/Documents/Projects/robot-arm/software/arm_ros2_ws/install/arm_interfaces/lib/libarm_interfaces__rosidl_typesupport_cpp.so
[93.739s] -- Set runtime path of "/home/bg99/Documents/Projects/robot-arm/software/arm_ros2_ws/install/arm_interfaces/lib/libarm_interfaces__rosidl_typesupport_cpp.so" to ""
[93.740s] -- Installing: /home/bg99/Documents/Projects/robot-arm/software/arm_ros2_ws/install/arm_interfaces/share/arm_interfaces/environment/pythonpath.sh
[93.740s] -- Installing: /home/bg99/Documents/Projects/robot-arm/software/arm_ros2_ws/install/arm_interfaces/share/arm_interfaces/environment/pythonpath.dsv
[93.741s] -- Installing: /home/bg99/Documents/Projects/robot-arm/software/arm_ros2_ws/install/arm_interfaces/lib/python3.8/site-packages/arm_interfaces/__init__.py
[93.861s] Compiling '/home/bg99/Documents/Projects/robot-arm/software/arm_ros2_ws/install/arm_interfaces/lib/python3.8/site-packages/arm_interfaces/__init__.py'...
[93.880s] -- Installing: /home/bg99/Documents/Projects/robot-arm/software/arm_ros2_ws/install/arm_interfaces/lib/python3.8/site-packages/arm_interfaces/srv
[93.880s] -- Installing: /home/bg99/Documents/Projects/robot-arm/software/arm_ros2_ws/install/arm_interfaces/lib/python3.8/site-packages/arm_interfaces/srv/_home.py
[93.881s] -- Installing: /home/bg99/Documents/Projects/robot-arm/software/arm_ros2_ws/install/arm_interfaces/lib/python3.8/site-packages/arm_interfaces/srv/_calibrate_s.c
[93.882s] -- Installing: /home/bg99/Documents/Projects/robot-arm/software/arm_ros2_ws/install/arm_interfaces/lib/python3.8/site-packages/arm_interfaces/srv/_calibrate.py
[93.882s] -- Installing: /home/bg99/Documents/Projects/robot-arm/software/arm_ros2_ws/install/arm_interfaces/lib/python3.8/site-packages/arm_interfaces/srv/_home_s.c
[93.882s] -- Installing: /home/bg99/Documents/Projects/robot-arm/software/arm_ros2_ws/install/arm_interfaces/lib/python3.8/site-packages/arm_interfaces/srv/__init__.py
[93.883s] -- Installing: /home/bg99/Documents/Projects/robot-arm/software/arm_ros2_ws/install/arm_interfaces/lib/python3.8/site-packages/arm_interfaces/arm_interfaces_s__rosidl_typesupport_fastrtps_c.cpython-38-aarch64-linux-gnu.so
[93.885s] -- Set runtime path of "/home/bg99/Documents/Projects/robot-arm/software/arm_ros2_ws/install/arm_interfaces/lib/python3.8/site-packages/arm_interfaces/arm_interfaces_s__rosidl_typesupport_fastrtps_c.cpython-38-aarch64-linux-gnu.so" to ""
[93.886s] -- Installing: /home/bg99/Documents/Projects/robot-arm/software/arm_ros2_ws/install/arm_interfaces/lib/python3.8/site-packages/arm_interfaces/arm_interfaces_s__rosidl_typesupport_introspection_c.cpython-38-aarch64-linux-gnu.so
[93.888s] -- Set runtime path of "/home/bg99/Documents/Projects/robot-arm/software/arm_ros2_ws/install/arm_interfaces/lib/python3.8/site-packages/arm_interfaces/arm_interfaces_s__rosidl_typesupport_introspection_c.cpython-38-aarch64-linux-gnu.so" to ""
[93.888s] -- Installing: /home/bg99/Documents/Projects/robot-arm/software/arm_ros2_ws/install/arm_interfaces/lib/python3.8/site-packages/arm_interfaces/arm_interfaces_s__rosidl_typesupport_c.cpython-38-aarch64-linux-gnu.so
[93.890s] -- Set runtime path of "/home/bg99/Documents/Projects/robot-arm/software/arm_ros2_ws/install/arm_interfaces/lib/python3.8/site-packages/arm_interfaces/arm_interfaces_s__rosidl_typesupport_c.cpython-38-aarch64-linux-gnu.so" to ""
[93.890s] -- Installing: /home/bg99/Documents/Projects/robot-arm/software/arm_ros2_ws/install/arm_interfaces/lib/libarm_interfaces__python.so
[93.892s] -- Set runtime path of "/home/bg99/Documents/Projects/robot-arm/software/arm_ros2_ws/install/arm_interfaces/lib/libarm_interfaces__python.so" to ""
[93.892s] -- Installing: /home/bg99/Documents/Projects/robot-arm/software/arm_ros2_ws/install/arm_interfaces/share/arm_interfaces/srv/Calibrate.idl
[93.893s] -- Installing: /home/bg99/Documents/Projects/robot-arm/software/arm_ros2_ws/install/arm_interfaces/share/arm_interfaces/srv/Home.idl
[93.893s] -- Installing: /home/bg99/Documents/Projects/robot-arm/software/arm_ros2_ws/install/arm_interfaces/share/arm_interfaces/srv/Calibrate.srv
[93.894s] -- Installing: /home/bg99/Documents/Projects/robot-arm/software/arm_ros2_ws/install/arm_interfaces/share/arm_interfaces/srv/Calibrate_Request.msg
[93.895s] -- Installing: /home/bg99/Documents/Projects/robot-arm/software/arm_ros2_ws/install/arm_interfaces/share/arm_interfaces/srv/Calibrate_Response.msg
[93.895s] -- Installing: /home/bg99/Documents/Projects/robot-arm/software/arm_ros2_ws/install/arm_interfaces/share/arm_interfaces/srv/Home.srv
[93.896s] -- Installing: /home/bg99/Documents/Projects/robot-arm/software/arm_ros2_ws/install/arm_interfaces/share/arm_interfaces/srv/Home_Request.msg
[93.896s] -- Installing: /home/bg99/Documents/Projects/robot-arm/software/arm_ros2_ws/install/arm_interfaces/share/arm_interfaces/srv/Home_Response.msg
[93.897s] -- Installing: /home/bg99/Documents/Projects/robot-arm/software/arm_ros2_ws/install/arm_interfaces/share/ament_index/resource_index/package_run_dependencies/arm_interfaces
[93.898s] -- Installing: /home/bg99/Documents/Projects/robot-arm/software/arm_ros2_ws/install/arm_interfaces/share/ament_index/resource_index/parent_prefix_path/arm_interfaces
[93.899s] -- Up-to-date: /home/bg99/Documents/Projects/robot-arm/software/arm_ros2_ws/install/arm_interfaces/share/arm_interfaces/environment/ament_prefix_path.sh
[93.899s] -- Installing: /home/bg99/Documents/Projects/robot-arm/software/arm_ros2_ws/install/arm_interfaces/share/arm_interfaces/environment/ament_prefix_path.dsv
[93.900s] -- Up-to-date: /home/bg99/Documents/Projects/robot-arm/software/arm_ros2_ws/install/arm_interfaces/share/arm_interfaces/environment/path.sh
[93.900s] -- Installing: /home/bg99/Documents/Projects/robot-arm/software/arm_ros2_ws/install/arm_interfaces/share/arm_interfaces/environment/path.dsv
[93.901s] -- Up-to-date: /home/bg99/Documents/Projects/robot-arm/software/arm_ros2_ws/install/arm_interfaces/share/arm_interfaces/local_setup.bash
[93.901s] -- Installing: /home/bg99/Documents/Projects/robot-arm/software/arm_ros2_ws/install/arm_interfaces/share/arm_interfaces/local_setup.sh
[93.902s] -- Up-to-date: /home/bg99/Documents/Projects/robot-arm/software/arm_ros2_ws/install/arm_interfaces/share/arm_interfaces/local_setup.zsh
[93.902s] -- Installing: /home/bg99/Documents/Projects/robot-arm/software/arm_ros2_ws/install/arm_interfaces/share/arm_interfaces/local_setup.dsv
[93.902s] -- Installing: /home/bg99/Documents/Projects/robot-arm/software/arm_ros2_ws/install/arm_interfaces/share/arm_interfaces/package.dsv
[93.903s] -- Up-to-date: /home/bg99/Documents/Projects/robot-arm/software/arm_ros2_ws/install/arm_interfaces/share/ament_index/resource_index/packages/arm_interfaces
[93.903s] -- Installing: /home/bg99/Documents/Projects/robot-arm/software/arm_ros2_ws/install/arm_interfaces/share/arm_interfaces/cmake/arm_interfaces__rosidl_generator_cExport.cmake
[93.904s] -- Installing: /home/bg99/Documents/Projects/robot-arm/software/arm_ros2_ws/install/arm_interfaces/share/arm_interfaces/cmake/arm_interfaces__rosidl_generator_cExport-noconfig.cmake
[93.905s] -- Installing: /home/bg99/Documents/Projects/robot-arm/software/arm_ros2_ws/install/arm_interfaces/share/arm_interfaces/cmake/arm_interfaces__rosidl_typesupport_introspection_cExport.cmake
[93.906s] -- Installing: /home/bg99/Documents/Projects/robot-arm/software/arm_ros2_ws/install/arm_interfaces/share/arm_interfaces/cmake/arm_interfaces__rosidl_typesupport_introspection_cExport-noconfig.cmake
[93.907s] -- Installing: /home/bg99/Documents/Projects/robot-arm/software/arm_ros2_ws/install/arm_interfaces/share/arm_interfaces/cmake/arm_interfaces__rosidl_typesupport_cExport.cmake
[93.907s] -- Installing: /home/bg99/Documents/Projects/robot-arm/software/arm_ros2_ws/install/arm_interfaces/share/arm_interfaces/cmake/arm_interfaces__rosidl_typesupport_cExport-noconfig.cmake
[93.908s] -- Installing: /home/bg99/Documents/Projects/robot-arm/software/arm_ros2_ws/install/arm_interfaces/share/arm_interfaces/cmake/arm_interfaces__rosidl_generator_cppExport.cmake
[93.909s] -- Installing: /home/bg99/Documents/Projects/robot-arm/software/arm_ros2_ws/install/arm_interfaces/share/arm_interfaces/cmake/arm_interfaces__rosidl_typesupport_introspection_cppExport.cmake
[93.910s] -- Installing: /home/bg99/Documents/Projects/robot-arm/software/arm_ros2_ws/install/arm_interfaces/share/arm_interfaces/cmake/arm_interfaces__rosidl_typesupport_introspection_cppExport-noconfig.cmake
[93.911s] -- Installing: /home/bg99/Documents/Projects/robot-arm/software/arm_ros2_ws/install/arm_interfaces/share/arm_interfaces/cmake/arm_interfaces__rosidl_typesupport_cppExport.cmake
[93.911s] -- Installing: /home/bg99/Documents/Projects/robot-arm/software/arm_ros2_ws/install/arm_interfaces/share/arm_interfaces/cmake/arm_interfaces__rosidl_typesupport_cppExport-noconfig.cmake
[93.912s] -- Installing: /home/bg99/Documents/Projects/robot-arm/software/arm_ros2_ws/install/arm_interfaces/share/arm_interfaces/cmake/rosidl_cmake-extras.cmake
[93.913s] -- Installing: /home/bg99/Documents/Projects/robot-arm/software/arm_ros2_ws/install/arm_interfaces/share/arm_interfaces/cmake/ament_cmake_export_dependencies-extras.cmake
[93.913s] -- Installing: /home/bg99/Documents/Projects/robot-arm/software/arm_ros2_ws/install/arm_interfaces/share/arm_interfaces/cmake/ament_cmake_export_libraries-extras.cmake
[93.914s] -- Installing: /home/bg99/Documents/Projects/robot-arm/software/arm_ros2_ws/install/arm_interfaces/share/arm_interfaces/cmake/ament_cmake_export_targets-extras.cmake
[93.914s] -- Installing: /home/bg99/Documents/Projects/robot-arm/software/arm_ros2_ws/install/arm_interfaces/share/arm_interfaces/cmake/ament_cmake_export_include_directories-extras.cmake
[93.915s] -- Installing: /home/bg99/Documents/Projects/robot-arm/software/arm_ros2_ws/install/arm_interfaces/share/arm_interfaces/cmake/rosidl_cmake_export_typesupport_libraries-extras.cmake
[93.916s] -- Installing: /home/bg99/Documents/Projects/robot-arm/software/arm_ros2_ws/install/arm_interfaces/share/arm_interfaces/cmake/rosidl_cmake_export_typesupport_targets-extras.cmake
[93.916s] -- Installing: /home/bg99/Documents/Projects/robot-arm/software/arm_ros2_ws/install/arm_interfaces/share/arm_interfaces/cmake/arm_interfacesConfig.cmake
[93.917s] -- Up-to-date: /home/bg99/Documents/Projects/robot-arm/software/arm_ros2_ws/install/arm_interfaces/share/arm_interfaces/cmake/arm_interfacesConfig-version.cmake
[93.917s] -- Installing: /home/bg99/Documents/Projects/robot-arm/software/arm_ros2_ws/install/arm_interfaces/share/arm_interfaces/package.xml
[93.928s] Invoked command in '/home/bg99/Documents/Projects/robot-arm/software/arm_ros2_ws/build/arm_interfaces' returned '0': CMAKE_PREFIX_PATH=${CMAKE_PREFIX_PATH}:/home/bg99/Documents/Projects/robot-arm/software/arm_ros2_ws/install/arm_teleop:/home/bg99/Documents/Projects/robot-arm/software/arm_ros2_ws/install/stm32_bridge:/opt/ros/foxy /usr/bin/cmake --install /home/bg99/Documents/Projects/robot-arm/software/arm_ros2_ws/build/arm_interfaces
